2025-07-08 13:39:25,201 - INFO  - 
FUNCTION INITIALIZATION
2025-07-08 13:39:25,201 - INFO  - ========================================

2025-07-08 13:39:25,366 - INFO  - 初始待处理函数: ['DelayFun']
2025-07-08 13:39:25,366 - INFO  - 
GENERATE ANNOTATION FOR DelayFun
2025-07-08 13:39:25,366 - INFO  - ========================================

2025-07-08 13:39:25,366 - INFO  - 函数 DelayFun 已经初始化
2025-07-08 13:39:25,366 - INFO  - 开始生成 DelayFun 的注释代码
2025-07-08 13:39:25,369 - INFO  - 
GENERATE LOOP INVARIANT FOR DelayFun
2025-07-08 13:39:25,370 - INFO  - ========================================

2025-07-08 13:39:25,482 - DEBUG  - INNER_FLAG: False
2025-07-08 13:39:25,529 - INFO  - Variable Maps:[{'t': '0', 'pIp': 'pIp@pre', 'pIp@pre->delaytime': 'pIp_delaytime'}]
2025-07-08 13:39:25,529 - INFO  - Path conditions: [None]
2025-07-08 13:39:25,529 - INFO  - Pre condition: (t == 0) * (pIp == pIp@pre) * (pIp@pre->delaytime == pIp_delaytime)
2025-07-08 13:39:25,530 - INFO  - Loop Condition: t<pIp -> delaytime
2025-07-08 13:39:25,530 - INFO  - Array Names: []
2025-07-08 13:39:25,530 - INFO  - Updated Loop Conditions: ['0<pIp@pre -> delaytime']
2025-07-08 13:39:25,531 - INFO  - Global Unchanged Variables: ['pIp', 'pIp@pre->delaytime']
2025-07-08 13:39:25,532 - INFO  - Non Inductive Variables: []
2025-07-08 13:39:25,532 - INFO  - after const
2025-07-08 13:39:25,532 - INFO  - 
            
        /* >>> LOOP INVARIANT TO FILL <<< */
        
            /*@
          loop invariant pIp == \at(pIp,Pre);
          loop invariant \at(pIp,Pre)->delaytime == \at(pIp->delaytime,Pre);
            */
            for (; t<pIp -> delaytime ; t++ )
    {
       ;
    }
            
2025-07-08 13:39:25,533 - INFO  - after not in
2025-07-08 13:39:25,533 - INFO  - 
            
        /* >>> LOOP INVARIANT TO FILL <<< */
        
            /*@
          loop invariant (!(0<\at(pIp,Pre) -> delaytime)) ==> ((t == 0)&&(pIp == \at(pIp,Pre))&&(\at(pIp,Pre)->delaytime == \at(pIp->delaytime,Pre)));
          loop invariant pIp == \at(pIp,Pre);
          loop invariant \at(pIp,Pre)->delaytime == \at(pIp->delaytime,Pre);
            */
            for (; t<pIp -> delaytime ; t++ )
    {
       ;
    }
            
2025-07-08 13:39:25,533 - INFO  - after vars
2025-07-08 13:39:25,533 - INFO  - 
            
        /* >>> LOOP INVARIANT TO FILL <<< */
        
            /*@
          loop invariant (0<\at(pIp,Pre) -> delaytime) ==> (PLACE_HOLDER_t) ;
          loop invariant (!(0<\at(pIp,Pre) -> delaytime)) ==> ((t == 0)&&(pIp == \at(pIp,Pre))&&(\at(pIp,Pre)->delaytime == \at(pIp->delaytime,Pre)));
          loop invariant pIp == \at(pIp,Pre);
          loop invariant \at(pIp,Pre)->delaytime == \at(pIp->delaytime,Pre);
            */
            for (; t<pIp -> delaytime ; t++ )
    {
       ;
    }
            
2025-07-08 13:39:33,495 - DEBUG  - invgen reasoning
2025-07-08 13:39:33,496 - DEBUG  - To analyze the given C program and fill in the placeholders in the loop invariants, we can follow the steps provided in the task description.

### 1. Analysis of the Loop:

**a. Purpose and Structure of the Loop:**
- **Objective:** The loop's objective is to increment the variable `t` from its initial value (0) until it reaches `pIp->delaytime`. It does nothing in the body.
- **Structure:** The loop condition is `t < pIp->delaytime`. Within the loop, the operation `t++` is performed, incrementing `t` by 1 on each iteration. The relevant variables are `t` and `pIp->delaytime`.

**b. Discussion of the Loop Invariant:**
- **Proposed Loop Invariant:** The invariant ensures that `t` is within bounds relative to `pIp->delaytime` and maintains the relationship between the current value of `pIp` and its initial state.
- **Validity:** The invariant reflects the expected behavior of the loop as `t` increments from 0 to `pIp->delaytime`, maintaining equality and relationships specified in the pre-condition.

**c. Establishment:**
- **True Before Loop:** Before the loop starts, `t` is initialized to 0. The invariants are valid at this point because they respect the pre-condition and initial state.

**d. Preservation:**
- **Invariant Maintenance:** If the invariants hold at the start of an iteration, they remain true after `t++`, as `t` will still be less than or equal to `pIp->delaytime`.

**e. Termination Analysis of the Loop:**
- **Values at Termination:** When the loop condition `t < pIp->delaytime` becomes false, `t` is equal to `pIp->delaytime`. The invariants hold because they were designed to accommodate this scenario.

**f. Correctness of the Post-condition:**
- **Post-condition Satisfaction:** Once the loop finishes, `t` equals `pIp->delaytime`, satisfying any post-condition dependent on this relationship.

**g. Implication of the Pre-condition:**
- **Invariant Establishment:** The pre-condition guarantees that the relevant relationships and initial values are set up correctly, allowing the invariant to be established before the loop starts.

### 2. Provide the Complete C Loop Program with Filled Invariants:

```c
typedef struct __Delay
{
    /* 输入端口 */
	int			delaytime;
	/* 输出端口 */
	/* 输入输出端口 */
	/* 状态变量 */
	/* 参数变量 */
} Delay;

void DelayFun(Delay* pIp)
{

    int t=0;

    
            
        /* >>> LOOP INVARIANT TO FILL <<< */
        
            /*@
          loop invariant (0<\at(pIp,Pre) -> delaytime) ==> (0 <= t <= \at(pIp,Pre) -> delaytime) ;
          loop invariant (!(0<\at(pIp,Pre) -> delaytime)) ==> ((t == 0)&&(pIp == \at(pIp,Pre))&&(\at(pIp,Pre)->delaytime == \at(pIp->delaytime,Pre)));
          loop invariant pIp == \at(pIp,Pre);
          loop invariant \at(pIp,Pre)->delaytime == \at(pIp->delaytime,Pre);
            */
            for (; t<pIp -> delaytime ; t++ )
    {
       ;
    }
            

    return ;
}
```
2025-07-08 13:39:33,496 - INFO  - 生成循环不变量
2025-07-08 13:39:33,496 - INFO  - 
typedef struct __Delay
{
    /* 输入端口 */
	int			delaytime;
	/* 输出端口 */
	/* 输入输出端口 */
	/* 状态变量 */
	/* 参数变量 */
} Delay;

void DelayFun(Delay* pIp)
{

    int t=0;

    
            
            /*@
          loop invariant (0<\at(pIp,Pre) -> delaytime) ==> (0 <= t <= \at(pIp,Pre) -> delaytime) ;
          loop invariant (!(0<\at(pIp,Pre) -> delaytime)) ==> ((t == 0)&&(pIp == \at(pIp,Pre))&&(\at(pIp,Pre)->delaytime == \at(pIp->delaytime,Pre)));
          loop invariant pIp == \at(pIp,Pre);
          loop invariant \at(pIp,Pre)->delaytime == \at(pIp->delaytime,Pre);
            */
            for (; t<pIp -> delaytime ; t++ )
    {
       ;
    }
            

    return ;
}

2025-07-08 13:39:44,856 - INFO  - syntax Correct
2025-07-08 13:39:48,797 - INFO  - Validate:
2025-07-08 13:39:48,798 - INFO  - [True, True, True, True]
2025-07-08 13:39:48,798 - INFO  - 
2025-07-08 13:39:48,798 - INFO  - Verify:
2025-07-08 13:39:48,798 - INFO  - []
2025-07-08 13:39:48,798 - INFO  - 
2025-07-08 13:39:48,799 - INFO  - 注释过不变量的代码
2025-07-08 13:39:48,799 - INFO  - 
typedef struct __Delay
{
    /* 输入端口 */
	int			delaytime;
	/* 输出端口 */
	/* 输入输出端口 */
	/* 状态变量 */
	/* 参数变量 */
} Delay;

void DelayFun(Delay* pIp)
{

    int t=0;

    
            
            /*@
          loop invariant (0<\at(pIp,Pre) -> delaytime) ==> (0 <= t <= \at(pIp,Pre) -> delaytime) ;
          loop invariant (!(0<\at(pIp,Pre) -> delaytime)) ==> ((t == 0)&&(pIp == \at(pIp,Pre))&&(\at(pIp,Pre)->delaytime == \at(pIp->delaytime,Pre)));
          loop invariant pIp == \at(pIp,Pre);
          loop invariant \at(pIp,Pre)->delaytime == \at(pIp->delaytime,Pre);
            */
            for (; t<pIp -> delaytime ; t++ )
    {
       ;
    }
            

    return ;
}

2025-07-08 13:39:59,935 - INFO  - syntax Correct
2025-07-08 13:40:03,912 - INFO  - Validate:
2025-07-08 13:40:03,913 - INFO  - [True, True, True, True]
2025-07-08 13:40:03,913 - INFO  - 
2025-07-08 13:40:03,913 - INFO  - Verify:
2025-07-08 13:40:03,913 - INFO  - []
2025-07-08 13:40:03,913 - INFO  - 
2025-07-08 13:40:03,914 - INFO  - ACSL 格式的循环不变量
2025-07-08 13:40:03,914 - INFO  - /*@
          loop invariant (0<\at(pIp,Pre) -> delaytime) ==> (0 <= t <= \at(pIp,Pre) -> delaytime) ;
          loop invariant (!(0<\at(pIp,Pre) -> delaytime)) ==> ((t == 0)&&(pIp == \at(pIp,Pre))&&(\at(pIp,Pre)->delaytime == \at(pIp->delaytime,Pre)));
          loop invariant pIp == \at(pIp,Pre);
          loop invariant \at(pIp,Pre)->delaytime == \at(pIp->delaytime,Pre);
            */
            for (; t<pIp -> delaytime ; t++ )
    {
       ;
    }
2025-07-08 13:40:03,916 - INFO  - VST 格式的循环不变量
2025-07-08 13:40:03,916 - INFO  - /*@ Inv
    ((0<pIp@pre -> delaytime) => (0 <= t && t <= pIp@pre -> delaytime) ) &&
((!(0<pIp@pre -> delaytime)) => ((t == 0)&&(pIp == pIp@pre)&&(pIp@pre->delaytime == pIp->delaytime@pre))) &&
(pIp == pIp@pre) &&
(pIp@pre->delaytime == pIp->delaytime@pre)
    */
    
            for (; t<pIp -> delaytime ; t++ )
    {
       ;
    }
2025-07-08 13:40:03,916 - INFO  - PARTIAL CORRECT INVARIANT
2025-07-08 13:40:03,916 - INFO  - 继续符号执行
2025-07-08 13:40:03,917 - INFO  - /*@ Inv
    ((0<pIp@pre -> delaytime) => (0 <= t && t <= pIp@pre -> delaytime) ) &&
((!(0<pIp@pre -> delaytime)) => ((t == 0)&&(pIp == pIp@pre)&&(pIp@pre->delaytime == pIp->delaytime@pre))) &&
(pIp == pIp@pre) &&
(pIp@pre->delaytime == pIp->delaytime@pre)
    */
    
            for (; t<pIp -> delaytime ; t++ )
    {
       ;
    }
2025-07-08 13:40:15,084 - INFO  - syntax Correct
2025-07-08 13:40:19,029 - INFO  - Validate:
2025-07-08 13:40:19,030 - INFO  - [True, True, True, True]
2025-07-08 13:40:19,030 - INFO  - 
2025-07-08 13:40:19,030 - INFO  - Verify:
2025-07-08 13:40:19,030 - INFO  - []
2025-07-08 13:40:19,030 - INFO  - 
2025-07-08 13:40:19,031 - INFO  - CORRECT INVARIANT
2025-07-08 13:40:19,031 - INFO  - 
GENERATE FUNCTION SUMMARY FOR DelayFun
2025-07-08 13:40:19,031 - INFO  - ========================================

2025-07-08 13:40:19,054 - INFO  - 开始生成 DelayFun 的 ACSL 规约
2025-07-08 13:40:28,770 - INFO  - 
SUMMARY FOR DelayFun
2025-07-08 13:40:28,771 - INFO  - ========================================

2025-07-08 13:40:28,771 - INFO  - 
函数 DelayFun 的 VST Summary 为:
/*@
With pIp_delaytime
Require pIp->delaytime == pIp_delaytime
Ensure emp
*/
2025-07-08 13:40:28,771 - INFO  - 
函数 DelayFun 的 ACSL Summary 为:

2025-07-08 13:40:28,824 - INFO  - 
VERIFICATION FOR DelayFun
2025-07-08 13:40:28,827 - INFO  - ========================================

2025-07-08 13:40:40,994 - INFO  - Loop Invariant:
2025-07-08 13:40:40,994 - INFO  - [False, True, True]
2025-07-08 13:40:40,994 - INFO  - 
2025-07-08 13:40:40,994 - INFO  - Assertion:
2025-07-08 13:40:40,995 - INFO  - []
2025-07-08 13:40:40,995 - INFO  - 
2025-07-08 13:40:40,995 - INFO  - Post Condition:
2025-07-08 13:40:40,995 - INFO  - [True]
2025-07-08 13:40:40,995 - INFO  - 
2025-07-08 13:40:40,995 - INFO  - 
GENERLIZATION FOR DelayFun
2025-07-08 13:40:40,996 - INFO  - ========================================

2025-07-08 13:40:41,104 - INFO  - 
DelayFun 的最大非冗余集合:
2025-07-08 13:40:41,104 - INFO  - []
