FUNCTION INITIALIZATION
========================================

type_name:__AppInit
type_name:TAG_DIGITAL_GYRO_DATA
type_name:TAG_FALSE_RATE_MODULATOR
type_name:TAG_UPS_2MS
type_name:TAG_FAULT_WARNING
初始待处理函数: ['DevControl']

GENERATE ANNOTATION FOR DevControl
========================================

函数 DevControl 已经初始化
开始生成 DevControl 的注释代码
ACSL DevControl.c文件的内容为: 


typedef struct TAG_FAULT_WARNING
{
	int CWsp;
	int CWtf;
	
    int Wsp;                      	
    int Wtf;                    
    int Wav;
    
    int flgups;						
    int flgModeChange;				
    
	int countAV;
    int countSPLost;				
    int countSPSeen;				
    int countSPset;					
    int countUPSpc;					
     
} SFWarning;


typedef struct TAG_FALSE_RATE_MODULATOR
{
	
	int 	u;						
	int 	r;						
	int 	Yp;						
	int 	Yn;						
	                            	
}SFratemodulator;


typedef struct TAG_DIGITAL_GYRO_DATA
{

    int		countPick[9];		 	
    int 	Gi[3];				 
    int 	wa[9];				 
    int 	wal[9];				 
 	int		JoinTotal;          
 	int  	gyroStatus0;		
 	int 	gyroStatus1;		 
    int 	W[3];				 
    int 	SignFlag[9] ; 		   
	int 	Rtemp[3][5];		 
	int 	stateFlag[9];		
	
} SGyroData;

typedef struct TAG_UPS_2MS
{	
	int flgABChoose;				
    int wPulse;         			
	int stateFlag[2];				
    
} SThrDistribute;


typedef struct __AppInit
{

	int * p1;
	int * p2;
	int * p3;
	int		countInt32ms;
	int		countSate;
	int		countPublic;
	int		countMode;
	int		flgPRSAM;
	int		flgGryoCalc;
	int		flg160INT;
	SGyroData			mGyroData;
	SFratemodulator 	mModulator;
	SThrDistribute		mThrDistribute;
	SFWarning			mFWarning;
} AppInit;






void InitVar(AppInit *pIp)
{

	pIp -> flg160INT = 0x3333 ;
	pIp -> flgPRSAM = 0x3333 ;

	pIp -> mGyroData.gyroStatus0 = 0 ;
	pIp -> mGyroData.gyroStatus1 = 0 ;

	pIp -> countSate    = 0 ;
	pIp -> countPublic  = 0 ;
	pIp -> countMode    = 0 ;
	pIp -> countInt32ms = 0 ;

	pIp -> mFWarning.countSPLost = 0 ;
	pIp -> mFWarning.countSPSeen = 0 ;
	pIp -> mFWarning.countSPset  = 0 ;
	pIp -> mFWarning.countUPSpc  = 0 ;

	pIp -> mThrDistribute.wPulse = 0x0 ;

	pIp -> mModulator.r = 0 ;

	pIp -> flgGryoCalc = 0 ;

	return;
}


void DevControl(AppInit *pIp)
{
	*(pIp->p1)= 0xEB92;

	*(pIp->p2)= 0x01;

	*(pIp->p3)= 0xFC;

	return ;
}



void AppInitFun(AppInit *pIp)
{

    InitVar(pIp);

	DevControl(pIp);

	return;
}
文件 3_output/test_ip/DevControl.c 已成功创建并写入。
预注释DevControl.c文件的内容为: 

#include "../verification_stdlib.h"
#include "../verification_list.h"
#include "../int_array_def.h"

/*@ Extern Coq (Result: Assertion) */
/*@ Extern Coq (Results: Z -> Assertion) */

    typedef struct TAG_FAULT_WARNING
{
	int CWsp;
	int CWtf;
	
    int Wsp;                      	
    int Wtf;                    
    int Wav;
    
    int flgups;						
    int flgModeChange;				
    
	int countAV;
    int countSPLost;				
    int countSPSeen;				
    int countSPset;					
    int countUPSpc;					
     
} SFWarning;
typedef struct TAG_FALSE_RATE_MODULATOR
{
	
	int 	u;						
	int 	r;						
	int 	Yp;						
	int 	Yn;						
	                            	
}SFratemodulator;
typedef struct TAG_DIGITAL_GYRO_DATA
{

    int		countPick[9];		 	
    int 	Gi[3];				 
    int 	wa[9];				 
    int 	wal[9];				 
 	int		JoinTotal;          
 	int  	gyroStatus0;		
 	int 	gyroStatus1;		 
    int 	W[3];				 
    int 	SignFlag[9] ; 		   
	int 	Rtemp[3][5];		 
	int 	stateFlag[9];		
	
} SGyroData;
typedef struct TAG_UPS_2MS
{	
	int flgABChoose;				
    int wPulse;         			
	int stateFlag[2];				
    
} SThrDistribute;
typedef struct __AppInit
{

	int * p1;
	int * p2;
	int * p3;
	int		countInt32ms;
	int		countSate;
	int		countPublic;
	int		countMode;
	int		flgPRSAM;
	int		flgGryoCalc;
	int		flg160INT;
	SGyroData			mGyroData;
	SFratemodulator 	mModulator;
	SThrDistribute		mThrDistribute;
	SFWarning			mFWarning;
} AppInit;

void DevControl(AppInit *pIp)

/*@
With pIp_p1_v pIp_p1 pIp_p2_v pIp_p2 pIp_p3_v pIp_p3 pIp_countInt32ms pIp_countSate pIp_countPublic pIp_countMode pIp_flgPRSAM pIp_flgGryoCalc pIp_flg160INT pIp_mGyroData_countPick_l pIp_mGyroData_countPick_0 pIp_mGyroData_countPick_1 pIp_mGyroData_countPick_2 pIp_mGyroData_countPick_3 pIp_mGyroData_countPick_4 pIp_mGyroData_countPick_5 pIp_mGyroData_countPick_6 pIp_mGyroData_countPick_7 pIp_mGyroData_countPick_8 pIp_mGyroData_Gi_l pIp_mGyroData_Gi_0 pIp_mGyroData_Gi_1 pIp_mGyroData_Gi_2 pIp_mGyroData_wa_l pIp_mGyroData_wa_0 pIp_mGyroData_wa_1 pIp_mGyroData_wa_2 pIp_mGyroData_wa_3 pIp_mGyroData_wa_4 pIp_mGyroData_wa_5 pIp_mGyroData_wa_6 pIp_mGyroData_wa_7 pIp_mGyroData_wa_8 pIp_mGyroData_wal_l pIp_mGyroData_wal_0 pIp_mGyroData_wal_1 pIp_mGyroData_wal_2 pIp_mGyroData_wal_3 pIp_mGyroData_wal_4 pIp_mGyroData_wal_5 pIp_mGyroData_wal_6 pIp_mGyroData_wal_7 pIp_mGyroData_wal_8 pIp_mGyroData_JoinTotal pIp_mGyroData_gyroStatus0 pIp_mGyroData_gyroStatus1 pIp_mGyroData_W_l pIp_mGyroData_W_0 pIp_mGyroData_W_1 pIp_mGyroData_W_2 pIp_mGyroData_SignFlag_l pIp_mGyroData_SignFlag_0 pIp_mGyroData_SignFlag_1 pIp_mGyroData_SignFlag_2 pIp_mGyroData_SignFlag_3 pIp_mGyroData_SignFlag_4 pIp_mGyroData_SignFlag_5 pIp_mGyroData_SignFlag_6 pIp_mGyroData_SignFlag_7 pIp_mGyroData_SignFlag_8 pIp_mGyroData_Rtemp_l pIp_mGyroData_Rtemp_0 pIp_mGyroData_Rtemp_1 pIp_mGyroData_Rtemp_2 pIp_mGyroData_stateFlag_l pIp_mGyroData_stateFlag_0 pIp_mGyroData_stateFlag_1 pIp_mGyroData_stateFlag_2 pIp_mGyroData_stateFlag_3 pIp_mGyroData_stateFlag_4 pIp_mGyroData_stateFlag_5 pIp_mGyroData_stateFlag_6 pIp_mGyroData_stateFlag_7 pIp_mGyroData_stateFlag_8 pIp_mModulator_u pIp_mModulator_r pIp_mModulator_Yp pIp_mModulator_Yn pIp_mThrDistribute_flgABChoose pIp_mThrDistribute_wPulse pIp_mThrDistribute_stateFlag_l pIp_mThrDistribute_stateFlag_0 pIp_mThrDistribute_stateFlag_1 pIp_mFWarning_CWsp pIp_mFWarning_CWtf pIp_mFWarning_Wsp pIp_mFWarning_Wtf pIp_mFWarning_Wav pIp_mFWarning_flgups pIp_mFWarning_flgModeChange pIp_mFWarning_countAV pIp_mFWarning_countSPLost pIp_mFWarning_countSPSeen pIp_mFWarning_countSPset pIp_mFWarning_countUPSpc
Require *(pIp->p1) == pIp_p1_v && (pIp->p1) == pIp_p1 && *(pIp->p2) == pIp_p2_v && (pIp->p2) == pIp_p2 && *(pIp->p3) == pIp_p3_v && (pIp->p3) == pIp_p3 && pIp->countInt32ms == pIp_countInt32ms && pIp->countSate == pIp_countSate && pIp->countPublic == pIp_countPublic && pIp->countMode == pIp_countMode && pIp->flgPRSAM == pIp_flgPRSAM && pIp->flgGryoCalc == pIp_flgGryoCalc && pIp->flg160INT == pIp_flg160INT && store_int_array(pIp->mGyroData.countPick,9, pIp_mGyroData_countPick_l) && pIp_mGyroData_countPick_l[0] == pIp_mGyroData_countPick_0 && pIp_mGyroData_countPick_l[1] == pIp_mGyroData_countPick_1 && pIp_mGyroData_countPick_l[2] == pIp_mGyroData_countPick_2 && pIp_mGyroData_countPick_l[3] == pIp_mGyroData_countPick_3 && pIp_mGyroData_countPick_l[4] == pIp_mGyroData_countPick_4 && pIp_mGyroData_countPick_l[5] == pIp_mGyroData_countPick_5 && pIp_mGyroData_countPick_l[6] == pIp_mGyroData_countPick_6 && pIp_mGyroData_countPick_l[7] == pIp_mGyroData_countPick_7 && pIp_mGyroData_countPick_l[8] == pIp_mGyroData_countPick_8 && store_int_array(pIp->mGyroData.Gi,3, pIp_mGyroData_Gi_l) && pIp_mGyroData_Gi_l[0] == pIp_mGyroData_Gi_0 && pIp_mGyroData_Gi_l[1] == pIp_mGyroData_Gi_1 && pIp_mGyroData_Gi_l[2] == pIp_mGyroData_Gi_2 && store_int_array(pIp->mGyroData.wa,9, pIp_mGyroData_wa_l) && pIp_mGyroData_wa_l[0] == pIp_mGyroData_wa_0 && pIp_mGyroData_wa_l[1] == pIp_mGyroData_wa_1 && pIp_mGyroData_wa_l[2] == pIp_mGyroData_wa_2 && pIp_mGyroData_wa_l[3] == pIp_mGyroData_wa_3 && pIp_mGyroData_wa_l[4] == pIp_mGyroData_wa_4 && pIp_mGyroData_wa_l[5] == pIp_mGyroData_wa_5 && pIp_mGyroData_wa_l[6] == pIp_mGyroData_wa_6 && pIp_mGyroData_wa_l[7] == pIp_mGyroData_wa_7 && pIp_mGyroData_wa_l[8] == pIp_mGyroData_wa_8 && store_int_array(pIp->mGyroData.wal,9, pIp_mGyroData_wal_l) && pIp_mGyroData_wal_l[0] == pIp_mGyroData_wal_0 && pIp_mGyroData_wal_l[1] == pIp_mGyroData_wal_1 && pIp_mGyroData_wal_l[2] == pIp_mGyroData_wal_2 && pIp_mGyroData_wal_l[3] == pIp_mGyroData_wal_3 && pIp_mGyroData_wal_l[4] == pIp_mGyroData_wal_4 && pIp_mGyroData_wal_l[5] == pIp_mGyroData_wal_5 && pIp_mGyroData_wal_l[6] == pIp_mGyroData_wal_6 && pIp_mGyroData_wal_l[7] == pIp_mGyroData_wal_7 && pIp_mGyroData_wal_l[8] == pIp_mGyroData_wal_8 && pIp->mGyroData.JoinTotal == pIp_mGyroData_JoinTotal && pIp->mGyroData.gyroStatus0 == pIp_mGyroData_gyroStatus0 && pIp->mGyroData.gyroStatus1 == pIp_mGyroData_gyroStatus1 && store_int_array(pIp->mGyroData.W,3, pIp_mGyroData_W_l) && pIp_mGyroData_W_l[0] == pIp_mGyroData_W_0 && pIp_mGyroData_W_l[1] == pIp_mGyroData_W_1 && pIp_mGyroData_W_l[2] == pIp_mGyroData_W_2 && store_int_array(pIp->mGyroData.SignFlag,9, pIp_mGyroData_SignFlag_l) && pIp_mGyroData_SignFlag_l[0] == pIp_mGyroData_SignFlag_0 && pIp_mGyroData_SignFlag_l[1] == pIp_mGyroData_SignFlag_1 && pIp_mGyroData_SignFlag_l[2] == pIp_mGyroData_SignFlag_2 && pIp_mGyroData_SignFlag_l[3] == pIp_mGyroData_SignFlag_3 && pIp_mGyroData_SignFlag_l[4] == pIp_mGyroData_SignFlag_4 && pIp_mGyroData_SignFlag_l[5] == pIp_mGyroData_SignFlag_5 && pIp_mGyroData_SignFlag_l[6] == pIp_mGyroData_SignFlag_6 && pIp_mGyroData_SignFlag_l[7] == pIp_mGyroData_SignFlag_7 && pIp_mGyroData_SignFlag_l[8] == pIp_mGyroData_SignFlag_8 && store_int_array(pIp->mGyroData.Rtemp,3, pIp_mGyroData_Rtemp_l) && pIp_mGyroData_Rtemp_l[0] == pIp_mGyroData_Rtemp_0 && pIp_mGyroData_Rtemp_l[1] == pIp_mGyroData_Rtemp_1 && pIp_mGyroData_Rtemp_l[2] == pIp_mGyroData_Rtemp_2 && store_int_array(pIp->mGyroData.stateFlag,9, pIp_mGyroData_stateFlag_l) && pIp_mGyroData_stateFlag_l[0] == pIp_mGyroData_stateFlag_0 && pIp_mGyroData_stateFlag_l[1] == pIp_mGyroData_stateFlag_1 && pIp_mGyroData_stateFlag_l[2] == pIp_mGyroData_stateFlag_2 && pIp_mGyroData_stateFlag_l[3] == pIp_mGyroData_stateFlag_3 && pIp_mGyroData_stateFlag_l[4] == pIp_mGyroData_stateFlag_4 && pIp_mGyroData_stateFlag_l[5] == pIp_mGyroData_stateFlag_5 && pIp_mGyroData_stateFlag_l[6] == pIp_mGyroData_stateFlag_6 && pIp_mGyroData_stateFlag_l[7] == pIp_mGyroData_stateFlag_7 && pIp_mGyroData_stateFlag_l[8] == pIp_mGyroData_stateFlag_8 && pIp->mModulator.u == pIp_mModulator_u && pIp->mModulator.r == pIp_mModulator_r && pIp->mModulator.Yp == pIp_mModulator_Yp && pIp->mModulator.Yn == pIp_mModulator_Yn && pIp->mThrDistribute.flgABChoose == pIp_mThrDistribute_flgABChoose && pIp->mThrDistribute.wPulse == pIp_mThrDistribute_wPulse && store_int_array(pIp->mThrDistribute.stateFlag,2, pIp_mThrDistribute_stateFlag_l) && pIp_mThrDistribute_stateFlag_l[0] == pIp_mThrDistribute_stateFlag_0 && pIp_mThrDistribute_stateFlag_l[1] == pIp_mThrDistribute_stateFlag_1 && pIp->mFWarning.CWsp == pIp_mFWarning_CWsp && pIp->mFWarning.CWtf == pIp_mFWarning_CWtf && pIp->mFWarning.Wsp == pIp_mFWarning_Wsp && pIp->mFWarning.Wtf == pIp_mFWarning_Wtf && pIp->mFWarning.Wav == pIp_mFWarning_Wav && pIp->mFWarning.flgups == pIp_mFWarning_flgups && pIp->mFWarning.flgModeChange == pIp_mFWarning_flgModeChange && pIp->mFWarning.countAV == pIp_mFWarning_countAV && pIp->mFWarning.countSPLost == pIp_mFWarning_countSPLost && pIp->mFWarning.countSPSeen == pIp_mFWarning_countSPSeen && pIp->mFWarning.countSPset == pIp_mFWarning_countSPset && pIp->mFWarning.countUPSpc == pIp_mFWarning_countUPSpc
Ensure emp
*/{
	*(pIp->p1)= 0xEB92;

	*(pIp->p2)= 0x01;

	*(pIp->p3)= 0xFC;

	return ;
}
文件 1_output/test_ip/DevControl.c 已成功创建并写入。
文件 2_output/test_ip/DevControl.c 已成功创建并写入。

GENERATE FUNCTION SUMMARY FOR DevControl
========================================

----------------------------------------
路径约束与返回值
Combined path condition:
(pIp_mGyroData_countPick_l[0] == pIp_mGyroData_countPick_0 && pIp_mGyroData_countPick_l[1] == pIp_mGyroData_countPick_1 && pIp_mGyroData_countPick_l[2] == pIp_mGyroData_countPick_2 && pIp_mGyroData_countPick_l[3] == pIp_mGyroData_countPick_3 && pIp_mGyroData_countPick_l[4] == pIp_mGyroData_countPick_4 && pIp_mGyroData_countPick_l[5] == pIp_mGyroData_countPick_5 && pIp_mGyroData_countPick_l[6] == pIp_mGyroData_countPick_6 && pIp_mGyroData_countPick_l[7] == pIp_mGyroData_countPick_7 && pIp_mGyroData_countPick_l[8] == pIp_mGyroData_countPick_8 && pIp_mGyroData_Gi_l[0] == pIp_mGyroData_Gi_0 && pIp_mGyroData_Gi_l[1] == pIp_mGyroData_Gi_1 && pIp_mGyroData_Gi_l[2] == pIp_mGyroData_Gi_2 && pIp_mGyroData_wa_l[0] == pIp_mGyroData_wa_0 && pIp_mGyroData_wa_l[1] == pIp_mGyroData_wa_1 && pIp_mGyroData_wa_l[2] == pIp_mGyroData_wa_2 && pIp_mGyroData_wa_l[3] == pIp_mGyroData_wa_3 && pIp_mGyroData_wa_l[4] == pIp_mGyroData_wa_4 && pIp_mGyroData_wa_l[5] == pIp_mGyroData_wa_5 && pIp_mGyroData_wa_l[6] == pIp_mGyroData_wa_6 && pIp_mGyroData_wa_l[7] == pIp_mGyroData_wa_7 && pIp_mGyroData_wa_l[8] == pIp_mGyroData_wa_8 && pIp_mGyroData_wal_l[0] == pIp_mGyroData_wal_0 && pIp_mGyroData_wal_l[1] == pIp_mGyroData_wal_1 && pIp_mGyroData_wal_l[2] == pIp_mGyroData_wal_2 && pIp_mGyroData_wal_l[3] == pIp_mGyroData_wal_3 && pIp_mGyroData_wal_l[4] == pIp_mGyroData_wal_4 && pIp_mGyroData_wal_l[5] == pIp_mGyroData_wal_5 && pIp_mGyroData_wal_l[6] == pIp_mGyroData_wal_6 && pIp_mGyroData_wal_l[7] == pIp_mGyroData_wal_7 && pIp_mGyroData_wal_l[8] == pIp_mGyroData_wal_8 && pIp_mGyroData_W_l[0] == pIp_mGyroData_W_0 && pIp_mGyroData_W_l[1] == pIp_mGyroData_W_1 && pIp_mGyroData_W_l[2] == pIp_mGyroData_W_2 && pIp_mGyroData_SignFlag_l[0] == pIp_mGyroData_SignFlag_0 && pIp_mGyroData_SignFlag_l[1] == pIp_mGyroData_SignFlag_1 && pIp_mGyroData_SignFlag_l[2] == pIp_mGyroData_SignFlag_2 && pIp_mGyroData_SignFlag_l[3] == pIp_mGyroData_SignFlag_3 && pIp_mGyroData_SignFlag_l[4] == pIp_mGyroData_SignFlag_4 && pIp_mGyroData_SignFlag_l[5] == pIp_mGyroData_SignFlag_5 && pIp_mGyroData_SignFlag_l[6] == pIp_mGyroData_SignFlag_6 && pIp_mGyroData_SignFlag_l[7] == pIp_mGyroData_SignFlag_7 && pIp_mGyroData_SignFlag_l[8] == pIp_mGyroData_SignFlag_8 && pIp_mGyroData_Rtemp_l[0] == pIp_mGyroData_Rtemp_0 && pIp_mGyroData_Rtemp_l[1] == pIp_mGyroData_Rtemp_1 && pIp_mGyroData_Rtemp_l[2] == pIp_mGyroData_Rtemp_2 && pIp_mGyroData_stateFlag_l[0] == pIp_mGyroData_stateFlag_0 && pIp_mGyroData_stateFlag_l[1] == pIp_mGyroData_stateFlag_1 && pIp_mGyroData_stateFlag_l[2] == pIp_mGyroData_stateFlag_2 && pIp_mGyroData_stateFlag_l[3] == pIp_mGyroData_stateFlag_3 && pIp_mGyroData_stateFlag_l[4] == pIp_mGyroData_stateFlag_4 && pIp_mGyroData_stateFlag_l[5] == pIp_mGyroData_stateFlag_5 && pIp_mGyroData_stateFlag_l[6] == pIp_mGyroData_stateFlag_6 && pIp_mGyroData_stateFlag_l[7] == pIp_mGyroData_stateFlag_7 && pIp_mGyroData_stateFlag_l[8] == pIp_mGyroData_stateFlag_8 && pIp_mThrDistribute_stateFlag_l[0] == pIp_mThrDistribute_stateFlag_0 && pIp_mThrDistribute_stateFlag_l[1] == pIp_mThrDistribute_stateFlag_1 && (pIp->p1 == pIp_p1) * (*pIp_p1 == 60306) * (pIp->p2 == pIp_p2) * (*pIp_p2 == 1) * (pIp->p3 == pIp_p3) * (*pIp_p3 == 252) * (pIp->countInt32ms == pIp_countInt32ms) * (pIp->countSate == pIp_countSate) * (pIp->countPublic == pIp_countPublic) * (pIp->countMode == pIp_countMode) * (pIp->flgPRSAM == pIp_flgPRSAM) * (pIp->flgGryoCalc == pIp_flgGryoCalc) * (pIp->flg160INT == pIp_flg160INT) * store_int_array(&pIp->mGyroData.countPick, 9, pIp_mGyroData_countPick_l) * store_int_array(&pIp->mGyroData.Gi, 3, pIp_mGyroData_Gi_l) * store_int_array(&pIp->mGyroData.wa, 9, pIp_mGyroData_wa_l) * store_int_array(&pIp->mGyroData.wal, 9, pIp_mGyroData_wal_l) * (pIp->mGyroData.JoinTotal == pIp_mGyroData_JoinTotal) * (pIp->mGyroData.gyroStatus0 == pIp_mGyroData_gyroStatus0) * (pIp->mGyroData.gyroStatus1 == pIp_mGyroData_gyroStatus1) * store_int_array(&pIp->mGyroData.W, 3, pIp_mGyroData_W_l) * store_int_array(&pIp->mGyroData.SignFlag, 9, pIp_mGyroData_SignFlag_l) * store_int_array(&pIp->mGyroData.Rtemp, 3, pIp_mGyroData_Rtemp_l) * store_int_array(&pIp->mGyroData.stateFlag, 9, pIp_mGyroData_stateFlag_l) * (pIp->mModulator.u == pIp_mModulator_u) * (pIp->mModulator.r == pIp_mModulator_r) * (pIp->mModulator.Yp == pIp_mModulator_Yp) * (pIp->mModulator.Yn == pIp_mModulator_Yn) * (pIp->mThrDistribute.flgABChoose == pIp_mThrDistribute_flgABChoose) * (pIp->mThrDistribute.wPulse == pIp_mThrDistribute_wPulse) * store_int_array(&pIp->mThrDistribute.stateFlag, 2, pIp_mThrDistribute_stateFlag_l) * (pIp->mFWarning.CWsp == pIp_mFWarning_CWsp) * (pIp->mFWarning.CWtf == pIp_mFWarning_CWtf) * (pIp->mFWarning.Wsp == pIp_mFWarning_Wsp) * (pIp->mFWarning.Wtf == pIp_mFWarning_Wtf) * (pIp->mFWarning.Wav == pIp_mFWarning_Wav) * (pIp->mFWarning.flgups == pIp_mFWarning_flgups) * (pIp->mFWarning.flgModeChange == pIp_mFWarning_flgModeChange) * (pIp->mFWarning.countAV == pIp_mFWarning_countAV) * (pIp->mFWarning.countSPLost == pIp_mFWarning_countSPLost) * (pIp->mFWarning.countSPSeen == pIp_mFWarning_countSPSeen) * (pIp->mFWarning.countSPset == pIp_mFWarning_countSPset) * (pIp->mFWarning.countUPSpc == pIp_mFWarning_countUPSpc))
----------------------------------------

开始生成完整的 DevControl 的注释代码
完整注释DevControl.c 文件的内容为: 

#include "../verification_stdlib.h"
#include "../verification_list.h"
#include "../int_array_def.h"

/*@ Extern Coq (Result: Assertion) */
/*@ Extern Coq (Results: Z -> Assertion) */

    typedef struct TAG_FAULT_WARNING
{
	int CWsp;
	int CWtf;
	
    int Wsp;                      	
    int Wtf;                    
    int Wav;
    
    int flgups;						
    int flgModeChange;				
    
	int countAV;
    int countSPLost;				
    int countSPSeen;				
    int countSPset;					
    int countUPSpc;					
     
} SFWarning;
typedef struct TAG_FALSE_RATE_MODULATOR
{
	
	int 	u;						
	int 	r;						
	int 	Yp;						
	int 	Yn;						
	                            	
}SFratemodulator;
typedef struct TAG_DIGITAL_GYRO_DATA
{

    int		countPick[9];		 	
    int 	Gi[3];				 
    int 	wa[9];				 
    int 	wal[9];				 
 	int		JoinTotal;          
 	int  	gyroStatus0;		
 	int 	gyroStatus1;		 
    int 	W[3];				 
    int 	SignFlag[9] ; 		   
	int 	Rtemp[3][5];		 
	int 	stateFlag[9];		
	
} SGyroData;
typedef struct TAG_UPS_2MS
{	
	int flgABChoose;				
    int wPulse;         			
	int stateFlag[2];				
    
} SThrDistribute;
typedef struct __AppInit
{

	int * p1;
	int * p2;
	int * p3;
	int		countInt32ms;
	int		countSate;
	int		countPublic;
	int		countMode;
	int		flgPRSAM;
	int		flgGryoCalc;
	int		flg160INT;
	SGyroData			mGyroData;
	SFratemodulator 	mModulator;
	SThrDistribute		mThrDistribute;
	SFWarning			mFWarning;
} AppInit;

void DevControl(AppInit *pIp)

/*@
With pIp_p1_v pIp_p1 pIp_p2_v pIp_p2 pIp_p3_v pIp_p3 pIp_countInt32ms pIp_countSate pIp_countPublic pIp_countMode pIp_flgPRSAM pIp_flgGryoCalc pIp_flg160INT pIp_mGyroData_countPick_l pIp_mGyroData_countPick_0 pIp_mGyroData_countPick_1 pIp_mGyroData_countPick_2 pIp_mGyroData_countPick_3 pIp_mGyroData_countPick_4 pIp_mGyroData_countPick_5 pIp_mGyroData_countPick_6 pIp_mGyroData_countPick_7 pIp_mGyroData_countPick_8 pIp_mGyroData_Gi_l pIp_mGyroData_Gi_0 pIp_mGyroData_Gi_1 pIp_mGyroData_Gi_2 pIp_mGyroData_wa_l pIp_mGyroData_wa_0 pIp_mGyroData_wa_1 pIp_mGyroData_wa_2 pIp_mGyroData_wa_3 pIp_mGyroData_wa_4 pIp_mGyroData_wa_5 pIp_mGyroData_wa_6 pIp_mGyroData_wa_7 pIp_mGyroData_wa_8 pIp_mGyroData_wal_l pIp_mGyroData_wal_0 pIp_mGyroData_wal_1 pIp_mGyroData_wal_2 pIp_mGyroData_wal_3 pIp_mGyroData_wal_4 pIp_mGyroData_wal_5 pIp_mGyroData_wal_6 pIp_mGyroData_wal_7 pIp_mGyroData_wal_8 pIp_mGyroData_JoinTotal pIp_mGyroData_gyroStatus0 pIp_mGyroData_gyroStatus1 pIp_mGyroData_W_l pIp_mGyroData_W_0 pIp_mGyroData_W_1 pIp_mGyroData_W_2 pIp_mGyroData_SignFlag_l pIp_mGyroData_SignFlag_0 pIp_mGyroData_SignFlag_1 pIp_mGyroData_SignFlag_2 pIp_mGyroData_SignFlag_3 pIp_mGyroData_SignFlag_4 pIp_mGyroData_SignFlag_5 pIp_mGyroData_SignFlag_6 pIp_mGyroData_SignFlag_7 pIp_mGyroData_SignFlag_8 pIp_mGyroData_Rtemp_l pIp_mGyroData_Rtemp_0 pIp_mGyroData_Rtemp_1 pIp_mGyroData_Rtemp_2 pIp_mGyroData_stateFlag_l pIp_mGyroData_stateFlag_0 pIp_mGyroData_stateFlag_1 pIp_mGyroData_stateFlag_2 pIp_mGyroData_stateFlag_3 pIp_mGyroData_stateFlag_4 pIp_mGyroData_stateFlag_5 pIp_mGyroData_stateFlag_6 pIp_mGyroData_stateFlag_7 pIp_mGyroData_stateFlag_8 pIp_mModulator_u pIp_mModulator_r pIp_mModulator_Yp pIp_mModulator_Yn pIp_mThrDistribute_flgABChoose pIp_mThrDistribute_wPulse pIp_mThrDistribute_stateFlag_l pIp_mThrDistribute_stateFlag_0 pIp_mThrDistribute_stateFlag_1 pIp_mFWarning_CWsp pIp_mFWarning_CWtf pIp_mFWarning_Wsp pIp_mFWarning_Wtf pIp_mFWarning_Wav pIp_mFWarning_flgups pIp_mFWarning_flgModeChange pIp_mFWarning_countAV pIp_mFWarning_countSPLost pIp_mFWarning_countSPSeen pIp_mFWarning_countSPset pIp_mFWarning_countUPSpc
Require *(pIp->p1) == pIp_p1_v && (pIp->p1) == pIp_p1 && *(pIp->p2) == pIp_p2_v && (pIp->p2) == pIp_p2 && *(pIp->p3) == pIp_p3_v && (pIp->p3) == pIp_p3 && pIp->countInt32ms == pIp_countInt32ms && pIp->countSate == pIp_countSate && pIp->countPublic == pIp_countPublic && pIp->countMode == pIp_countMode && pIp->flgPRSAM == pIp_flgPRSAM && pIp->flgGryoCalc == pIp_flgGryoCalc && pIp->flg160INT == pIp_flg160INT && store_int_array(pIp->mGyroData.countPick,9, pIp_mGyroData_countPick_l) && pIp_mGyroData_countPick_l[0] == pIp_mGyroData_countPick_0 && pIp_mGyroData_countPick_l[1] == pIp_mGyroData_countPick_1 && pIp_mGyroData_countPick_l[2] == pIp_mGyroData_countPick_2 && pIp_mGyroData_countPick_l[3] == pIp_mGyroData_countPick_3 && pIp_mGyroData_countPick_l[4] == pIp_mGyroData_countPick_4 && pIp_mGyroData_countPick_l[5] == pIp_mGyroData_countPick_5 && pIp_mGyroData_countPick_l[6] == pIp_mGyroData_countPick_6 && pIp_mGyroData_countPick_l[7] == pIp_mGyroData_countPick_7 && pIp_mGyroData_countPick_l[8] == pIp_mGyroData_countPick_8 && store_int_array(pIp->mGyroData.Gi,3, pIp_mGyroData_Gi_l) && pIp_mGyroData_Gi_l[0] == pIp_mGyroData_Gi_0 && pIp_mGyroData_Gi_l[1] == pIp_mGyroData_Gi_1 && pIp_mGyroData_Gi_l[2] == pIp_mGyroData_Gi_2 && store_int_array(pIp->mGyroData.wa,9, pIp_mGyroData_wa_l) && pIp_mGyroData_wa_l[0] == pIp_mGyroData_wa_0 && pIp_mGyroData_wa_l[1] == pIp_mGyroData_wa_1 && pIp_mGyroData_wa_l[2] == pIp_mGyroData_wa_2 && pIp_mGyroData_wa_l[3] == pIp_mGyroData_wa_3 && pIp_mGyroData_wa_l[4] == pIp_mGyroData_wa_4 && pIp_mGyroData_wa_l[5] == pIp_mGyroData_wa_5 && pIp_mGyroData_wa_l[6] == pIp_mGyroData_wa_6 && pIp_mGyroData_wa_l[7] == pIp_mGyroData_wa_7 && pIp_mGyroData_wa_l[8] == pIp_mGyroData_wa_8 && store_int_array(pIp->mGyroData.wal,9, pIp_mGyroData_wal_l) && pIp_mGyroData_wal_l[0] == pIp_mGyroData_wal_0 && pIp_mGyroData_wal_l[1] == pIp_mGyroData_wal_1 && pIp_mGyroData_wal_l[2] == pIp_mGyroData_wal_2 && pIp_mGyroData_wal_l[3] == pIp_mGyroData_wal_3 && pIp_mGyroData_wal_l[4] == pIp_mGyroData_wal_4 && pIp_mGyroData_wal_l[5] == pIp_mGyroData_wal_5 && pIp_mGyroData_wal_l[6] == pIp_mGyroData_wal_6 && pIp_mGyroData_wal_l[7] == pIp_mGyroData_wal_7 && pIp_mGyroData_wal_l[8] == pIp_mGyroData_wal_8 && pIp->mGyroData.JoinTotal == pIp_mGyroData_JoinTotal && pIp->mGyroData.gyroStatus0 == pIp_mGyroData_gyroStatus0 && pIp->mGyroData.gyroStatus1 == pIp_mGyroData_gyroStatus1 && store_int_array(pIp->mGyroData.W,3, pIp_mGyroData_W_l) && pIp_mGyroData_W_l[0] == pIp_mGyroData_W_0 && pIp_mGyroData_W_l[1] == pIp_mGyroData_W_1 && pIp_mGyroData_W_l[2] == pIp_mGyroData_W_2 && store_int_array(pIp->mGyroData.SignFlag,9, pIp_mGyroData_SignFlag_l) && pIp_mGyroData_SignFlag_l[0] == pIp_mGyroData_SignFlag_0 && pIp_mGyroData_SignFlag_l[1] == pIp_mGyroData_SignFlag_1 && pIp_mGyroData_SignFlag_l[2] == pIp_mGyroData_SignFlag_2 && pIp_mGyroData_SignFlag_l[3] == pIp_mGyroData_SignFlag_3 && pIp_mGyroData_SignFlag_l[4] == pIp_mGyroData_SignFlag_4 && pIp_mGyroData_SignFlag_l[5] == pIp_mGyroData_SignFlag_5 && pIp_mGyroData_SignFlag_l[6] == pIp_mGyroData_SignFlag_6 && pIp_mGyroData_SignFlag_l[7] == pIp_mGyroData_SignFlag_7 && pIp_mGyroData_SignFlag_l[8] == pIp_mGyroData_SignFlag_8 && store_int_array(pIp->mGyroData.Rtemp,3, pIp_mGyroData_Rtemp_l) && pIp_mGyroData_Rtemp_l[0] == pIp_mGyroData_Rtemp_0 && pIp_mGyroData_Rtemp_l[1] == pIp_mGyroData_Rtemp_1 && pIp_mGyroData_Rtemp_l[2] == pIp_mGyroData_Rtemp_2 && store_int_array(pIp->mGyroData.stateFlag,9, pIp_mGyroData_stateFlag_l) && pIp_mGyroData_stateFlag_l[0] == pIp_mGyroData_stateFlag_0 && pIp_mGyroData_stateFlag_l[1] == pIp_mGyroData_stateFlag_1 && pIp_mGyroData_stateFlag_l[2] == pIp_mGyroData_stateFlag_2 && pIp_mGyroData_stateFlag_l[3] == pIp_mGyroData_stateFlag_3 && pIp_mGyroData_stateFlag_l[4] == pIp_mGyroData_stateFlag_4 && pIp_mGyroData_stateFlag_l[5] == pIp_mGyroData_stateFlag_5 && pIp_mGyroData_stateFlag_l[6] == pIp_mGyroData_stateFlag_6 && pIp_mGyroData_stateFlag_l[7] == pIp_mGyroData_stateFlag_7 && pIp_mGyroData_stateFlag_l[8] == pIp_mGyroData_stateFlag_8 && pIp->mModulator.u == pIp_mModulator_u && pIp->mModulator.r == pIp_mModulator_r && pIp->mModulator.Yp == pIp_mModulator_Yp && pIp->mModulator.Yn == pIp_mModulator_Yn && pIp->mThrDistribute.flgABChoose == pIp_mThrDistribute_flgABChoose && pIp->mThrDistribute.wPulse == pIp_mThrDistribute_wPulse && store_int_array(pIp->mThrDistribute.stateFlag,2, pIp_mThrDistribute_stateFlag_l) && pIp_mThrDistribute_stateFlag_l[0] == pIp_mThrDistribute_stateFlag_0 && pIp_mThrDistribute_stateFlag_l[1] == pIp_mThrDistribute_stateFlag_1 && pIp->mFWarning.CWsp == pIp_mFWarning_CWsp && pIp->mFWarning.CWtf == pIp_mFWarning_CWtf && pIp->mFWarning.Wsp == pIp_mFWarning_Wsp && pIp->mFWarning.Wtf == pIp_mFWarning_Wtf && pIp->mFWarning.Wav == pIp_mFWarning_Wav && pIp->mFWarning.flgups == pIp_mFWarning_flgups && pIp->mFWarning.flgModeChange == pIp_mFWarning_flgModeChange && pIp->mFWarning.countAV == pIp_mFWarning_countAV && pIp->mFWarning.countSPLost == pIp_mFWarning_countSPLost && pIp->mFWarning.countSPSeen == pIp_mFWarning_countSPSeen && pIp->mFWarning.countSPset == pIp_mFWarning_countSPset && pIp->mFWarning.countUPSpc == pIp_mFWarning_countUPSpc
Ensure (pIp_mGyroData_countPick_l[0] == pIp_mGyroData_countPick_0 && pIp_mGyroData_countPick_l[1] == pIp_mGyroData_countPick_1 && pIp_mGyroData_countPick_l[2] == pIp_mGyroData_countPick_2 && pIp_mGyroData_countPick_l[3] == pIp_mGyroData_countPick_3 && pIp_mGyroData_countPick_l[4] == pIp_mGyroData_countPick_4 && pIp_mGyroData_countPick_l[5] == pIp_mGyroData_countPick_5 && pIp_mGyroData_countPick_l[6] == pIp_mGyroData_countPick_6 && pIp_mGyroData_countPick_l[7] == pIp_mGyroData_countPick_7 && pIp_mGyroData_countPick_l[8] == pIp_mGyroData_countPick_8 && pIp_mGyroData_Gi_l[0] == pIp_mGyroData_Gi_0 && pIp_mGyroData_Gi_l[1] == pIp_mGyroData_Gi_1 && pIp_mGyroData_Gi_l[2] == pIp_mGyroData_Gi_2 && pIp_mGyroData_wa_l[0] == pIp_mGyroData_wa_0 && pIp_mGyroData_wa_l[1] == pIp_mGyroData_wa_1 && pIp_mGyroData_wa_l[2] == pIp_mGyroData_wa_2 && pIp_mGyroData_wa_l[3] == pIp_mGyroData_wa_3 && pIp_mGyroData_wa_l[4] == pIp_mGyroData_wa_4 && pIp_mGyroData_wa_l[5] == pIp_mGyroData_wa_5 && pIp_mGyroData_wa_l[6] == pIp_mGyroData_wa_6 && pIp_mGyroData_wa_l[7] == pIp_mGyroData_wa_7 && pIp_mGyroData_wa_l[8] == pIp_mGyroData_wa_8 && pIp_mGyroData_wal_l[0] == pIp_mGyroData_wal_0 && pIp_mGyroData_wal_l[1] == pIp_mGyroData_wal_1 && pIp_mGyroData_wal_l[2] == pIp_mGyroData_wal_2 && pIp_mGyroData_wal_l[3] == pIp_mGyroData_wal_3 && pIp_mGyroData_wal_l[4] == pIp_mGyroData_wal_4 && pIp_mGyroData_wal_l[5] == pIp_mGyroData_wal_5 && pIp_mGyroData_wal_l[6] == pIp_mGyroData_wal_6 && pIp_mGyroData_wal_l[7] == pIp_mGyroData_wal_7 && pIp_mGyroData_wal_l[8] == pIp_mGyroData_wal_8 && pIp_mGyroData_W_l[0] == pIp_mGyroData_W_0 && pIp_mGyroData_W_l[1] == pIp_mGyroData_W_1 && pIp_mGyroData_W_l[2] == pIp_mGyroData_W_2 && pIp_mGyroData_SignFlag_l[0] == pIp_mGyroData_SignFlag_0 && pIp_mGyroData_SignFlag_l[1] == pIp_mGyroData_SignFlag_1 && pIp_mGyroData_SignFlag_l[2] == pIp_mGyroData_SignFlag_2 && pIp_mGyroData_SignFlag_l[3] == pIp_mGyroData_SignFlag_3 && pIp_mGyroData_SignFlag_l[4] == pIp_mGyroData_SignFlag_4 && pIp_mGyroData_SignFlag_l[5] == pIp_mGyroData_SignFlag_5 && pIp_mGyroData_SignFlag_l[6] == pIp_mGyroData_SignFlag_6 && pIp_mGyroData_SignFlag_l[7] == pIp_mGyroData_SignFlag_7 && pIp_mGyroData_SignFlag_l[8] == pIp_mGyroData_SignFlag_8 && pIp_mGyroData_Rtemp_l[0] == pIp_mGyroData_Rtemp_0 && pIp_mGyroData_Rtemp_l[1] == pIp_mGyroData_Rtemp_1 && pIp_mGyroData_Rtemp_l[2] == pIp_mGyroData_Rtemp_2 && pIp_mGyroData_stateFlag_l[0] == pIp_mGyroData_stateFlag_0 && pIp_mGyroData_stateFlag_l[1] == pIp_mGyroData_stateFlag_1 && pIp_mGyroData_stateFlag_l[2] == pIp_mGyroData_stateFlag_2 && pIp_mGyroData_stateFlag_l[3] == pIp_mGyroData_stateFlag_3 && pIp_mGyroData_stateFlag_l[4] == pIp_mGyroData_stateFlag_4 && pIp_mGyroData_stateFlag_l[5] == pIp_mGyroData_stateFlag_5 && pIp_mGyroData_stateFlag_l[6] == pIp_mGyroData_stateFlag_6 && pIp_mGyroData_stateFlag_l[7] == pIp_mGyroData_stateFlag_7 && pIp_mGyroData_stateFlag_l[8] == pIp_mGyroData_stateFlag_8 && pIp_mThrDistribute_stateFlag_l[0] == pIp_mThrDistribute_stateFlag_0 && pIp_mThrDistribute_stateFlag_l[1] == pIp_mThrDistribute_stateFlag_1 && (pIp->p1 == pIp_p1) * (*pIp->p1 == 60306) * (pIp->p2 == pIp_p2) * (*pIp->p2 == 1) * (pIp->p3 == pIp_p3) * (*pIp->p3 == 252) * (pIp->countInt32ms == pIp_countInt32ms) * (pIp->countSate == pIp_countSate) * (pIp->countPublic == pIp_countPublic) * (pIp->countMode == pIp_countMode) * (pIp->flgPRSAM == pIp_flgPRSAM) * (pIp->flgGryoCalc == pIp_flgGryoCalc) * (pIp->flg160INT == pIp_flg160INT) * store_int_array(&pIp->mGyroData.countPick, 9, pIp_mGyroData_countPick_l) * store_int_array(&pIp->mGyroData.Gi, 3, pIp_mGyroData_Gi_l) * store_int_array(&pIp->mGyroData.wa, 9, pIp_mGyroData_wa_l) * store_int_array(&pIp->mGyroData.wal, 9, pIp_mGyroData_wal_l) * (pIp->mGyroData.JoinTotal == pIp_mGyroData_JoinTotal) * (pIp->mGyroData.gyroStatus0 == pIp_mGyroData_gyroStatus0) * (pIp->mGyroData.gyroStatus1 == pIp_mGyroData_gyroStatus1) * store_int_array(&pIp->mGyroData.W, 3, pIp_mGyroData_W_l) * store_int_array(&pIp->mGyroData.SignFlag, 9, pIp_mGyroData_SignFlag_l) * store_int_array(&pIp->mGyroData.Rtemp, 3, pIp_mGyroData_Rtemp_l) * store_int_array(&pIp->mGyroData.stateFlag, 9, pIp_mGyroData_stateFlag_l) * (pIp->mModulator.u == pIp_mModulator_u) * (pIp->mModulator.r == pIp_mModulator_r) * (pIp->mModulator.Yp == pIp_mModulator_Yp) * (pIp->mModulator.Yn == pIp_mModulator_Yn) * (pIp->mThrDistribute.flgABChoose == pIp_mThrDistribute_flgABChoose) * (pIp->mThrDistribute.wPulse == pIp_mThrDistribute_wPulse) * store_int_array(&pIp->mThrDistribute.stateFlag, 2, pIp_mThrDistribute_stateFlag_l) * (pIp->mFWarning.CWsp == pIp_mFWarning_CWsp) * (pIp->mFWarning.CWtf == pIp_mFWarning_CWtf) * (pIp->mFWarning.Wsp == pIp_mFWarning_Wsp) * (pIp->mFWarning.Wtf == pIp_mFWarning_Wtf) * (pIp->mFWarning.Wav == pIp_mFWarning_Wav) * (pIp->mFWarning.flgups == pIp_mFWarning_flgups) * (pIp->mFWarning.flgModeChange == pIp_mFWarning_flgModeChange) * (pIp->mFWarning.countAV == pIp_mFWarning_countAV) * (pIp->mFWarning.countSPLost == pIp_mFWarning_countSPLost) * (pIp->mFWarning.countSPSeen == pIp_mFWarning_countSPSeen) * (pIp->mFWarning.countSPset == pIp_mFWarning_countSPset) * (pIp->mFWarning.countUPSpc == pIp_mFWarning_countUPSpc))
*/
{
	*(pIp->p1)= 0xEB92;

	*(pIp->p2)= 0x01;

	*(pIp->p3)= 0xFC;

	return ;
}
文件 2_output/test_ip/DevControl.c 已成功创建并写入。
开始生成 DevControl 的 ACSL 规约
Variable Map: {'pIp->p1': 'pIp_p1', '*pIp->p1': '60306', 'pIp->p2': 'pIp_p2', '*pIp->p2': '1', 'pIp->p3': 'pIp_p3', '*pIp->p3': '252', 'pIp->countInt32ms': 'pIp_countInt32ms', 'pIp->countSate': 'pIp_countSate', 'pIp->countPublic': 'pIp_countPublic', 'pIp->countMode': 'pIp_countMode', 'pIp->flgPRSAM': 'pIp_flgPRSAM', 'pIp->flgGryoCalc': 'pIp_flgGryoCalc', 'pIp->flg160INT': 'pIp_flg160INT', 'pIp->mGyroData.JoinTotal': 'pIp_mGyroData_JoinTotal', 'pIp->mGyroData.gyroStatus0': 'pIp_mGyroData_gyroStatus0', 'pIp->mGyroData.gyroStatus1': 'pIp_mGyroData_gyroStatus1', 'pIp->mModulator.u': 'pIp_mModulator_u', 'pIp->mModulator.r': 'pIp_mModulator_r', 'pIp->mModulator.Yp': 'pIp_mModulator_Yp', 'pIp->mModulator.Yn': 'pIp_mModulator_Yn', 'pIp->mThrDistribute.flgABChoose': 'pIp_mThrDistribute_flgABChoose', 'pIp->mThrDistribute.wPulse': 'pIp_mThrDistribute_wPulse', 'pIp->mFWarning.CWsp': 'pIp_mFWarning_CWsp', 'pIp->mFWarning.CWtf': 'pIp_mFWarning_CWtf', 'pIp->mFWarning.Wsp': 'pIp_mFWarning_Wsp', 'pIp->mFWarning.Wtf': 'pIp_mFWarning_Wtf', 'pIp->mFWarning.Wav': 'pIp_mFWarning_Wav', 'pIp->mFWarning.flgups': 'pIp_mFWarning_flgups', 'pIp->mFWarning.flgModeChange': 'pIp_mFWarning_flgModeChange', 'pIp->mFWarning.countAV': 'pIp_mFWarning_countAV', 'pIp->mFWarning.countSPLost': 'pIp_mFWarning_countSPLost', 'pIp->mFWarning.countSPSeen': 'pIp_mFWarning_countSPSeen', 'pIp->mFWarning.countSPset': 'pIp_mFWarning_countSPset', 'pIp->mFWarning.countUPSpc': 'pIp_mFWarning_countUPSpc'}
Path Condition: pIp_mGyroData_countPick_l[0] == pIp_mGyroData_countPick_0 && pIp_mGyroData_countPick_l[1] == pIp_mGyroData_countPick_1 && pIp_mGyroData_countPick_l[2] == pIp_mGyroData_countPick_2 && pIp_mGyroData_countPick_l[3] == pIp_mGyroData_countPick_3 && pIp_mGyroData_countPick_l[4] == pIp_mGyroData_countPick_4 && pIp_mGyroData_countPick_l[5] == pIp_mGyroData_countPick_5 && pIp_mGyroData_countPick_l[6] == pIp_mGyroData_countPick_6 && pIp_mGyroData_countPick_l[7] == pIp_mGyroData_countPick_7 && pIp_mGyroData_countPick_l[8] == pIp_mGyroData_countPick_8 && pIp_mGyroData_Gi_l[0] == pIp_mGyroData_Gi_0 && pIp_mGyroData_Gi_l[1] == pIp_mGyroData_Gi_1 && pIp_mGyroData_Gi_l[2] == pIp_mGyroData_Gi_2 && pIp_mGyroData_wa_l[0] == pIp_mGyroData_wa_0 && pIp_mGyroData_wa_l[1] == pIp_mGyroData_wa_1 && pIp_mGyroData_wa_l[2] == pIp_mGyroData_wa_2 && pIp_mGyroData_wa_l[3] == pIp_mGyroData_wa_3 && pIp_mGyroData_wa_l[4] == pIp_mGyroData_wa_4 && pIp_mGyroData_wa_l[5] == pIp_mGyroData_wa_5 && pIp_mGyroData_wa_l[6] == pIp_mGyroData_wa_6 && pIp_mGyroData_wa_l[7] == pIp_mGyroData_wa_7 && pIp_mGyroData_wa_l[8] == pIp_mGyroData_wa_8 && pIp_mGyroData_wal_l[0] == pIp_mGyroData_wal_0 && pIp_mGyroData_wal_l[1] == pIp_mGyroData_wal_1 && pIp_mGyroData_wal_l[2] == pIp_mGyroData_wal_2 && pIp_mGyroData_wal_l[3] == pIp_mGyroData_wal_3 && pIp_mGyroData_wal_l[4] == pIp_mGyroData_wal_4 && pIp_mGyroData_wal_l[5] == pIp_mGyroData_wal_5 && pIp_mGyroData_wal_l[6] == pIp_mGyroData_wal_6 && pIp_mGyroData_wal_l[7] == pIp_mGyroData_wal_7 && pIp_mGyroData_wal_l[8] == pIp_mGyroData_wal_8 && pIp_mGyroData_W_l[0] == pIp_mGyroData_W_0 && pIp_mGyroData_W_l[1] == pIp_mGyroData_W_1 && pIp_mGyroData_W_l[2] == pIp_mGyroData_W_2 && pIp_mGyroData_SignFlag_l[0] == pIp_mGyroData_SignFlag_0 && pIp_mGyroData_SignFlag_l[1] == pIp_mGyroData_SignFlag_1 && pIp_mGyroData_SignFlag_l[2] == pIp_mGyroData_SignFlag_2 && pIp_mGyroData_SignFlag_l[3] == pIp_mGyroData_SignFlag_3 && pIp_mGyroData_SignFlag_l[4] == pIp_mGyroData_SignFlag_4 && pIp_mGyroData_SignFlag_l[5] == pIp_mGyroData_SignFlag_5 && pIp_mGyroData_SignFlag_l[6] == pIp_mGyroData_SignFlag_6 && pIp_mGyroData_SignFlag_l[7] == pIp_mGyroData_SignFlag_7 && pIp_mGyroData_SignFlag_l[8] == pIp_mGyroData_SignFlag_8 && pIp_mGyroData_Rtemp_l[0] == pIp_mGyroData_Rtemp_0 && pIp_mGyroData_Rtemp_l[1] == pIp_mGyroData_Rtemp_1 && pIp_mGyroData_Rtemp_l[2] == pIp_mGyroData_Rtemp_2 && pIp_mGyroData_stateFlag_l[0] == pIp_mGyroData_stateFlag_0 && pIp_mGyroData_stateFlag_l[1] == pIp_mGyroData_stateFlag_1 && pIp_mGyroData_stateFlag_l[2] == pIp_mGyroData_stateFlag_2 && pIp_mGyroData_stateFlag_l[3] == pIp_mGyroData_stateFlag_3 && pIp_mGyroData_stateFlag_l[4] == pIp_mGyroData_stateFlag_4 && pIp_mGyroData_stateFlag_l[5] == pIp_mGyroData_stateFlag_5 && pIp_mGyroData_stateFlag_l[6] == pIp_mGyroData_stateFlag_6 && pIp_mGyroData_stateFlag_l[7] == pIp_mGyroData_stateFlag_7 && pIp_mGyroData_stateFlag_l[8] == pIp_mGyroData_stateFlag_8 && pIp_mThrDistribute_stateFlag_l[0] == pIp_mThrDistribute_stateFlag_0 && pIp_mThrDistribute_stateFlag_l[1] == pIp_mThrDistribute_stateFlag_1 
Result: None
DevControl.c 的规约的内容为: 
typedef struct TAG_FAULT_WARNING
{
	int CWsp;
	int CWtf;
	
    int Wsp;                      	
    int Wtf;                    
    int Wav;
    
    int flgups;						
    int flgModeChange;				
    
	int countAV;
    int countSPLost;				
    int countSPSeen;				
    int countSPset;					
    int countUPSpc;					
     
} SFWarning;
typedef struct TAG_FALSE_RATE_MODULATOR
{
	
	int 	u;						
	int 	r;						
	int 	Yp;						
	int 	Yn;						
	                            	
}SFratemodulator;
typedef struct TAG_DIGITAL_GYRO_DATA
{

    int		countPick[9];		 	
    int 	Gi[3];				 
    int 	wa[9];				 
    int 	wal[9];				 
 	int		JoinTotal;          
 	int  	gyroStatus0;		
 	int 	gyroStatus1;		 
    int 	W[3];				 
    int 	SignFlag[9] ; 		   
	int 	Rtemp[3][5];		 
	int 	stateFlag[9];		
	
} SGyroData;
typedef struct TAG_UPS_2MS
{	
	int flgABChoose;				
    int wPulse;         			
	int stateFlag[2];				
    
} SThrDistribute;
typedef struct __AppInit
{

	int * p1;
	int * p2;
	int * p3;
	int		countInt32ms;
	int		countSate;
	int		countPublic;
	int		countMode;
	int		flgPRSAM;
	int		flgGryoCalc;
	int		flg160INT;
	SGyroData			mGyroData;
	SFratemodulator 	mModulator;
	SThrDistribute		mThrDistribute;
	SFWarning			mFWarning;
} AppInit;

/*@
 requires \valid(pIp) && \valid(pIp->p1) && \valid(pIp->p2) && \valid(pIp->p3) && \valid(pIp->mGyroData.countPick+ (0..9)) && \valid(pIp->mGyroData.Gi+ (0..3)) && \valid(pIp->mGyroData.wa+ (0..9)) && \valid(pIp->mGyroData.wal+ (0..9)) && \valid(pIp->mGyroData.W+ (0..3)) && \valid(pIp->mGyroData.SignFlag+ (0..9)) && \valid(pIp->mGyroData.Rtemp+ (0..3)) && \valid(pIp->mGyroData.stateFlag+ (0..9)) && \valid(pIp->mThrDistribute.stateFlag+ (0..2)) ;
 requires \separated(pIp,pIp->p1,pIp->p2,pIp->p3,pIp->mGyroData.countPick+(0..9),pIp->mGyroData.Gi+(0..3),pIp->mGyroData.wa+(0..9),pIp->mGyroData.wal+(0..9),pIp->mGyroData.W+(0..3),pIp->mGyroData.SignFlag+(0..9),pIp->mGyroData.Rtemp+(0..3),pIp->mGyroData.stateFlag+(0..9),pIp->mThrDistribute.stateFlag+(0..2)) ;

ensures pIp->mGyroData.countPick[0] == \old(pIp->mGyroData.countPick[0]) && pIp->mGyroData.countPick[1] == \old(pIp->mGyroData.countPick[1]) && pIp->mGyroData.countPick[2] == \old(pIp->mGyroData.countPick[2]) && pIp->mGyroData.countPick[3] == \old(pIp->mGyroData.countPick[3]) && pIp->mGyroData.countPick[4] == \old(pIp->mGyroData.countPick[4]) && pIp->mGyroData.countPick[5] == \old(pIp->mGyroData.countPick[5]) && pIp->mGyroData.countPick[6] == \old(pIp->mGyroData.countPick[6]) && pIp->mGyroData.countPick[7] == \old(pIp->mGyroData.countPick[7]) && pIp->mGyroData.countPick[8] == \old(pIp->mGyroData.countPick[8]) && pIp->mGyroData.Gi[0] == \old(pIp->mGyroData.Gi[0]) && pIp->mGyroData.Gi[1] == \old(pIp->mGyroData.Gi[1]) && pIp->mGyroData.Gi[2] == \old(pIp->mGyroData.Gi[2]) && pIp->mGyroData.wa[0] == \old(pIp->mGyroData.wa[0]) && pIp->mGyroData.wa[1] == \old(pIp->mGyroData.wa[1]) && pIp->mGyroData.wa[2] == \old(pIp->mGyroData.wa[2]) && pIp->mGyroData.wa[3] == \old(pIp->mGyroData.wa[3]) && pIp->mGyroData.wa[4] == \old(pIp->mGyroData.wa[4]) && pIp->mGyroData.wa[5] == \old(pIp->mGyroData.wa[5]) && pIp->mGyroData.wa[6] == \old(pIp->mGyroData.wa[6]) && pIp->mGyroData.wa[7] == \old(pIp->mGyroData.wa[7]) && pIp->mGyroData.wa[8] == \old(pIp->mGyroData.wa[8]) && pIp->mGyroData.wal[0] == \old(pIp->mGyroData.wal[0]) && pIp->mGyroData.wal[1] == \old(pIp->mGyroData.wal[1]) && pIp->mGyroData.wal[2] == \old(pIp->mGyroData.wal[2]) && pIp->mGyroData.wal[3] == \old(pIp->mGyroData.wal[3]) && pIp->mGyroData.wal[4] == \old(pIp->mGyroData.wal[4]) && pIp->mGyroData.wal[5] == \old(pIp->mGyroData.wal[5]) && pIp->mGyroData.wal[6] == \old(pIp->mGyroData.wal[6]) && pIp->mGyroData.wal[7] == \old(pIp->mGyroData.wal[7]) && pIp->mGyroData.wal[8] == \old(pIp->mGyroData.wal[8]) && pIp->mGyroData.W[0] == \old(pIp->mGyroData.W[0]) && pIp->mGyroData.W[1] == \old(pIp->mGyroData.W[1]) && pIp->mGyroData.W[2] == \old(pIp->mGyroData.W[2]) && pIp->mGyroData.SignFlag[0] == \old(pIp->mGyroData.SignFlag[0]) && pIp->mGyroData.SignFlag[1] == \old(pIp->mGyroData.SignFlag[1]) && pIp->mGyroData.SignFlag[2] == \old(pIp->mGyroData.SignFlag[2]) && pIp->mGyroData.SignFlag[3] == \old(pIp->mGyroData.SignFlag[3]) && pIp->mGyroData.SignFlag[4] == \old(pIp->mGyroData.SignFlag[4]) && pIp->mGyroData.SignFlag[5] == \old(pIp->mGyroData.SignFlag[5]) && pIp->mGyroData.SignFlag[6] == \old(pIp->mGyroData.SignFlag[6]) && pIp->mGyroData.SignFlag[7] == \old(pIp->mGyroData.SignFlag[7]) && pIp->mGyroData.SignFlag[8] == \old(pIp->mGyroData.SignFlag[8]) && pIp->mGyroData.Rtemp[0] == \old(pIp->mGyroData.Rtemp[0]) && pIp->mGyroData.Rtemp[1] == \old(pIp->mGyroData.Rtemp[1]) && pIp->mGyroData.Rtemp[2] == \old(pIp->mGyroData.Rtemp[2]) && pIp->mGyroData.stateFlag[0] == \old(pIp->mGyroData.stateFlag[0]) && pIp->mGyroData.stateFlag[1] == \old(pIp->mGyroData.stateFlag[1]) && pIp->mGyroData.stateFlag[2] == \old(pIp->mGyroData.stateFlag[2]) && pIp->mGyroData.stateFlag[3] == \old(pIp->mGyroData.stateFlag[3]) && pIp->mGyroData.stateFlag[4] == \old(pIp->mGyroData.stateFlag[4]) && pIp->mGyroData.stateFlag[5] == \old(pIp->mGyroData.stateFlag[5]) && pIp->mGyroData.stateFlag[6] == \old(pIp->mGyroData.stateFlag[6]) && pIp->mGyroData.stateFlag[7] == \old(pIp->mGyroData.stateFlag[7]) && pIp->mGyroData.stateFlag[8] == \old(pIp->mGyroData.stateFlag[8]) && pIp->mThrDistribute.stateFlag[0] == \old(pIp->mThrDistribute.stateFlag[0]) && pIp->mThrDistribute.stateFlag[1] == \old(pIp->mThrDistribute.stateFlag[1]) ==> pIp->p1 == \old(pIp->p1)&&*pIp->p1 == 60306&&pIp->p2 == \old(pIp->p2)&&*pIp->p2 == 1&&pIp->p3 == \old(pIp->p3)&&*pIp->p3 == 252&&pIp->countInt32ms == \old(pIp->countInt32ms)&&pIp->countSate == \old(pIp->countSate)&&pIp->countPublic == \old(pIp->countPublic)&&pIp->countMode == \old(pIp->countMode)&&pIp->flgPRSAM == \old(pIp->flgPRSAM)&&pIp->flgGryoCalc == \old(pIp->flgGryoCalc)&&pIp->flg160INT == \old(pIp->flg160INT)&&pIp->mGyroData.JoinTotal == \old(pIp->mGyroData.JoinTotal)&&pIp->mGyroData.gyroStatus0 == \old(pIp->mGyroData.gyroStatus0)&&pIp->mGyroData.gyroStatus1 == \old(pIp->mGyroData.gyroStatus1)&&pIp->mModulator.u == \old(pIp->mModulator.u)&&pIp->mModulator.r == \old(pIp->mModulator.r)&&pIp->mModulator.Yp == \old(pIp->mModulator.Yp)&&pIp->mModulator.Yn == \old(pIp->mModulator.Yn)&&pIp->mThrDistribute.flgABChoose == \old(pIp->mThrDistribute.flgABChoose)&&pIp->mThrDistribute.wPulse == \old(pIp->mThrDistribute.wPulse)&&pIp->mFWarning.CWsp == \old(pIp->mFWarning.CWsp)&&pIp->mFWarning.CWtf == \old(pIp->mFWarning.CWtf)&&pIp->mFWarning.Wsp == \old(pIp->mFWarning.Wsp)&&pIp->mFWarning.Wtf == \old(pIp->mFWarning.Wtf)&&pIp->mFWarning.Wav == \old(pIp->mFWarning.Wav)&&pIp->mFWarning.flgups == \old(pIp->mFWarning.flgups)&&pIp->mFWarning.flgModeChange == \old(pIp->mFWarning.flgModeChange)&&pIp->mFWarning.countAV == \old(pIp->mFWarning.countAV)&&pIp->mFWarning.countSPLost == \old(pIp->mFWarning.countSPLost)&&pIp->mFWarning.countSPSeen == \old(pIp->mFWarning.countSPSeen)&&pIp->mFWarning.countSPset == \old(pIp->mFWarning.countSPset)&&pIp->mFWarning.countUPSpc == \old(pIp->mFWarning.countUPSpc);

*/

void DevControl(AppInit *pIp)

{
	*(pIp->p1)= 0xEB92;

	*(pIp->p2)= 0x01;

	*(pIp->p3)= 0xFC;

	return ;
}
文件 output/test_ip/DevControl.c 已成功创建并写入。

SUMMARY FOR DevControl
========================================


函数 DevControl 的 VST Summary 为:
/*@
With pIp_p1_v pIp_p1 pIp_p2_v pIp_p2 pIp_p3_v pIp_p3 pIp_countInt32ms pIp_countSate pIp_countPublic pIp_countMode pIp_flgPRSAM pIp_flgGryoCalc pIp_flg160INT pIp_mGyroData_countPick_l pIp_mGyroData_countPick_0 pIp_mGyroData_countPick_1 pIp_mGyroData_countPick_2 pIp_mGyroData_countPick_3 pIp_mGyroData_countPick_4 pIp_mGyroData_countPick_5 pIp_mGyroData_countPick_6 pIp_mGyroData_countPick_7 pIp_mGyroData_countPick_8 pIp_mGyroData_Gi_l pIp_mGyroData_Gi_0 pIp_mGyroData_Gi_1 pIp_mGyroData_Gi_2 pIp_mGyroData_wa_l pIp_mGyroData_wa_0 pIp_mGyroData_wa_1 pIp_mGyroData_wa_2 pIp_mGyroData_wa_3 pIp_mGyroData_wa_4 pIp_mGyroData_wa_5 pIp_mGyroData_wa_6 pIp_mGyroData_wa_7 pIp_mGyroData_wa_8 pIp_mGyroData_wal_l pIp_mGyroData_wal_0 pIp_mGyroData_wal_1 pIp_mGyroData_wal_2 pIp_mGyroData_wal_3 pIp_mGyroData_wal_4 pIp_mGyroData_wal_5 pIp_mGyroData_wal_6 pIp_mGyroData_wal_7 pIp_mGyroData_wal_8 pIp_mGyroData_JoinTotal pIp_mGyroData_gyroStatus0 pIp_mGyroData_gyroStatus1 pIp_mGyroData_W_l pIp_mGyroData_W_0 pIp_mGyroData_W_1 pIp_mGyroData_W_2 pIp_mGyroData_SignFlag_l pIp_mGyroData_SignFlag_0 pIp_mGyroData_SignFlag_1 pIp_mGyroData_SignFlag_2 pIp_mGyroData_SignFlag_3 pIp_mGyroData_SignFlag_4 pIp_mGyroData_SignFlag_5 pIp_mGyroData_SignFlag_6 pIp_mGyroData_SignFlag_7 pIp_mGyroData_SignFlag_8 pIp_mGyroData_Rtemp_l pIp_mGyroData_Rtemp_0 pIp_mGyroData_Rtemp_1 pIp_mGyroData_Rtemp_2 pIp_mGyroData_stateFlag_l pIp_mGyroData_stateFlag_0 pIp_mGyroData_stateFlag_1 pIp_mGyroData_stateFlag_2 pIp_mGyroData_stateFlag_3 pIp_mGyroData_stateFlag_4 pIp_mGyroData_stateFlag_5 pIp_mGyroData_stateFlag_6 pIp_mGyroData_stateFlag_7 pIp_mGyroData_stateFlag_8 pIp_mModulator_u pIp_mModulator_r pIp_mModulator_Yp pIp_mModulator_Yn pIp_mThrDistribute_flgABChoose pIp_mThrDistribute_wPulse pIp_mThrDistribute_stateFlag_l pIp_mThrDistribute_stateFlag_0 pIp_mThrDistribute_stateFlag_1 pIp_mFWarning_CWsp pIp_mFWarning_CWtf pIp_mFWarning_Wsp pIp_mFWarning_Wtf pIp_mFWarning_Wav pIp_mFWarning_flgups pIp_mFWarning_flgModeChange pIp_mFWarning_countAV pIp_mFWarning_countSPLost pIp_mFWarning_countSPSeen pIp_mFWarning_countSPset pIp_mFWarning_countUPSpc
Require *(pIp->p1) == pIp_p1_v && (pIp->p1) == pIp_p1 && *(pIp->p2) == pIp_p2_v && (pIp->p2) == pIp_p2 && *(pIp->p3) == pIp_p3_v && (pIp->p3) == pIp_p3 && pIp->countInt32ms == pIp_countInt32ms && pIp->countSate == pIp_countSate && pIp->countPublic == pIp_countPublic && pIp->countMode == pIp_countMode && pIp->flgPRSAM == pIp_flgPRSAM && pIp->flgGryoCalc == pIp_flgGryoCalc && pIp->flg160INT == pIp_flg160INT && store_int_array(pIp->mGyroData.countPick,9, pIp_mGyroData_countPick_l) && pIp_mGyroData_countPick_l[0] == pIp_mGyroData_countPick_0 && pIp_mGyroData_countPick_l[1] == pIp_mGyroData_countPick_1 && pIp_mGyroData_countPick_l[2] == pIp_mGyroData_countPick_2 && pIp_mGyroData_countPick_l[3] == pIp_mGyroData_countPick_3 && pIp_mGyroData_countPick_l[4] == pIp_mGyroData_countPick_4 && pIp_mGyroData_countPick_l[5] == pIp_mGyroData_countPick_5 && pIp_mGyroData_countPick_l[6] == pIp_mGyroData_countPick_6 && pIp_mGyroData_countPick_l[7] == pIp_mGyroData_countPick_7 && pIp_mGyroData_countPick_l[8] == pIp_mGyroData_countPick_8 && store_int_array(pIp->mGyroData.Gi,3, pIp_mGyroData_Gi_l) && pIp_mGyroData_Gi_l[0] == pIp_mGyroData_Gi_0 && pIp_mGyroData_Gi_l[1] == pIp_mGyroData_Gi_1 && pIp_mGyroData_Gi_l[2] == pIp_mGyroData_Gi_2 && store_int_array(pIp->mGyroData.wa,9, pIp_mGyroData_wa_l) && pIp_mGyroData_wa_l[0] == pIp_mGyroData_wa_0 && pIp_mGyroData_wa_l[1] == pIp_mGyroData_wa_1 && pIp_mGyroData_wa_l[2] == pIp_mGyroData_wa_2 && pIp_mGyroData_wa_l[3] == pIp_mGyroData_wa_3 && pIp_mGyroData_wa_l[4] == pIp_mGyroData_wa_4 && pIp_mGyroData_wa_l[5] == pIp_mGyroData_wa_5 && pIp_mGyroData_wa_l[6] == pIp_mGyroData_wa_6 && pIp_mGyroData_wa_l[7] == pIp_mGyroData_wa_7 && pIp_mGyroData_wa_l[8] == pIp_mGyroData_wa_8 && store_int_array(pIp->mGyroData.wal,9, pIp_mGyroData_wal_l) && pIp_mGyroData_wal_l[0] == pIp_mGyroData_wal_0 && pIp_mGyroData_wal_l[1] == pIp_mGyroData_wal_1 && pIp_mGyroData_wal_l[2] == pIp_mGyroData_wal_2 && pIp_mGyroData_wal_l[3] == pIp_mGyroData_wal_3 && pIp_mGyroData_wal_l[4] == pIp_mGyroData_wal_4 && pIp_mGyroData_wal_l[5] == pIp_mGyroData_wal_5 && pIp_mGyroData_wal_l[6] == pIp_mGyroData_wal_6 && pIp_mGyroData_wal_l[7] == pIp_mGyroData_wal_7 && pIp_mGyroData_wal_l[8] == pIp_mGyroData_wal_8 && pIp->mGyroData.JoinTotal == pIp_mGyroData_JoinTotal && pIp->mGyroData.gyroStatus0 == pIp_mGyroData_gyroStatus0 && pIp->mGyroData.gyroStatus1 == pIp_mGyroData_gyroStatus1 && store_int_array(pIp->mGyroData.W,3, pIp_mGyroData_W_l) && pIp_mGyroData_W_l[0] == pIp_mGyroData_W_0 && pIp_mGyroData_W_l[1] == pIp_mGyroData_W_1 && pIp_mGyroData_W_l[2] == pIp_mGyroData_W_2 && store_int_array(pIp->mGyroData.SignFlag,9, pIp_mGyroData_SignFlag_l) && pIp_mGyroData_SignFlag_l[0] == pIp_mGyroData_SignFlag_0 && pIp_mGyroData_SignFlag_l[1] == pIp_mGyroData_SignFlag_1 && pIp_mGyroData_SignFlag_l[2] == pIp_mGyroData_SignFlag_2 && pIp_mGyroData_SignFlag_l[3] == pIp_mGyroData_SignFlag_3 && pIp_mGyroData_SignFlag_l[4] == pIp_mGyroData_SignFlag_4 && pIp_mGyroData_SignFlag_l[5] == pIp_mGyroData_SignFlag_5 && pIp_mGyroData_SignFlag_l[6] == pIp_mGyroData_SignFlag_6 && pIp_mGyroData_SignFlag_l[7] == pIp_mGyroData_SignFlag_7 && pIp_mGyroData_SignFlag_l[8] == pIp_mGyroData_SignFlag_8 && store_int_array(pIp->mGyroData.Rtemp,3, pIp_mGyroData_Rtemp_l) && pIp_mGyroData_Rtemp_l[0] == pIp_mGyroData_Rtemp_0 && pIp_mGyroData_Rtemp_l[1] == pIp_mGyroData_Rtemp_1 && pIp_mGyroData_Rtemp_l[2] == pIp_mGyroData_Rtemp_2 && store_int_array(pIp->mGyroData.stateFlag,9, pIp_mGyroData_stateFlag_l) && pIp_mGyroData_stateFlag_l[0] == pIp_mGyroData_stateFlag_0 && pIp_mGyroData_stateFlag_l[1] == pIp_mGyroData_stateFlag_1 && pIp_mGyroData_stateFlag_l[2] == pIp_mGyroData_stateFlag_2 && pIp_mGyroData_stateFlag_l[3] == pIp_mGyroData_stateFlag_3 && pIp_mGyroData_stateFlag_l[4] == pIp_mGyroData_stateFlag_4 && pIp_mGyroData_stateFlag_l[5] == pIp_mGyroData_stateFlag_5 && pIp_mGyroData_stateFlag_l[6] == pIp_mGyroData_stateFlag_6 && pIp_mGyroData_stateFlag_l[7] == pIp_mGyroData_stateFlag_7 && pIp_mGyroData_stateFlag_l[8] == pIp_mGyroData_stateFlag_8 && pIp->mModulator.u == pIp_mModulator_u && pIp->mModulator.r == pIp_mModulator_r && pIp->mModulator.Yp == pIp_mModulator_Yp && pIp->mModulator.Yn == pIp_mModulator_Yn && pIp->mThrDistribute.flgABChoose == pIp_mThrDistribute_flgABChoose && pIp->mThrDistribute.wPulse == pIp_mThrDistribute_wPulse && store_int_array(pIp->mThrDistribute.stateFlag,2, pIp_mThrDistribute_stateFlag_l) && pIp_mThrDistribute_stateFlag_l[0] == pIp_mThrDistribute_stateFlag_0 && pIp_mThrDistribute_stateFlag_l[1] == pIp_mThrDistribute_stateFlag_1 && pIp->mFWarning.CWsp == pIp_mFWarning_CWsp && pIp->mFWarning.CWtf == pIp_mFWarning_CWtf && pIp->mFWarning.Wsp == pIp_mFWarning_Wsp && pIp->mFWarning.Wtf == pIp_mFWarning_Wtf && pIp->mFWarning.Wav == pIp_mFWarning_Wav && pIp->mFWarning.flgups == pIp_mFWarning_flgups && pIp->mFWarning.flgModeChange == pIp_mFWarning_flgModeChange && pIp->mFWarning.countAV == pIp_mFWarning_countAV && pIp->mFWarning.countSPLost == pIp_mFWarning_countSPLost && pIp->mFWarning.countSPSeen == pIp_mFWarning_countSPSeen && pIp->mFWarning.countSPset == pIp_mFWarning_countSPset && pIp->mFWarning.countUPSpc == pIp_mFWarning_countUPSpc
Ensure (pIp_mGyroData_countPick_l[0] == pIp_mGyroData_countPick_0 && pIp_mGyroData_countPick_l[1] == pIp_mGyroData_countPick_1 && pIp_mGyroData_countPick_l[2] == pIp_mGyroData_countPick_2 && pIp_mGyroData_countPick_l[3] == pIp_mGyroData_countPick_3 && pIp_mGyroData_countPick_l[4] == pIp_mGyroData_countPick_4 && pIp_mGyroData_countPick_l[5] == pIp_mGyroData_countPick_5 && pIp_mGyroData_countPick_l[6] == pIp_mGyroData_countPick_6 && pIp_mGyroData_countPick_l[7] == pIp_mGyroData_countPick_7 && pIp_mGyroData_countPick_l[8] == pIp_mGyroData_countPick_8 && pIp_mGyroData_Gi_l[0] == pIp_mGyroData_Gi_0 && pIp_mGyroData_Gi_l[1] == pIp_mGyroData_Gi_1 && pIp_mGyroData_Gi_l[2] == pIp_mGyroData_Gi_2 && pIp_mGyroData_wa_l[0] == pIp_mGyroData_wa_0 && pIp_mGyroData_wa_l[1] == pIp_mGyroData_wa_1 && pIp_mGyroData_wa_l[2] == pIp_mGyroData_wa_2 && pIp_mGyroData_wa_l[3] == pIp_mGyroData_wa_3 && pIp_mGyroData_wa_l[4] == pIp_mGyroData_wa_4 && pIp_mGyroData_wa_l[5] == pIp_mGyroData_wa_5 && pIp_mGyroData_wa_l[6] == pIp_mGyroData_wa_6 && pIp_mGyroData_wa_l[7] == pIp_mGyroData_wa_7 && pIp_mGyroData_wa_l[8] == pIp_mGyroData_wa_8 && pIp_mGyroData_wal_l[0] == pIp_mGyroData_wal_0 && pIp_mGyroData_wal_l[1] == pIp_mGyroData_wal_1 && pIp_mGyroData_wal_l[2] == pIp_mGyroData_wal_2 && pIp_mGyroData_wal_l[3] == pIp_mGyroData_wal_3 && pIp_mGyroData_wal_l[4] == pIp_mGyroData_wal_4 && pIp_mGyroData_wal_l[5] == pIp_mGyroData_wal_5 && pIp_mGyroData_wal_l[6] == pIp_mGyroData_wal_6 && pIp_mGyroData_wal_l[7] == pIp_mGyroData_wal_7 && pIp_mGyroData_wal_l[8] == pIp_mGyroData_wal_8 && pIp_mGyroData_W_l[0] == pIp_mGyroData_W_0 && pIp_mGyroData_W_l[1] == pIp_mGyroData_W_1 && pIp_mGyroData_W_l[2] == pIp_mGyroData_W_2 && pIp_mGyroData_SignFlag_l[0] == pIp_mGyroData_SignFlag_0 && pIp_mGyroData_SignFlag_l[1] == pIp_mGyroData_SignFlag_1 && pIp_mGyroData_SignFlag_l[2] == pIp_mGyroData_SignFlag_2 && pIp_mGyroData_SignFlag_l[3] == pIp_mGyroData_SignFlag_3 && pIp_mGyroData_SignFlag_l[4] == pIp_mGyroData_SignFlag_4 && pIp_mGyroData_SignFlag_l[5] == pIp_mGyroData_SignFlag_5 && pIp_mGyroData_SignFlag_l[6] == pIp_mGyroData_SignFlag_6 && pIp_mGyroData_SignFlag_l[7] == pIp_mGyroData_SignFlag_7 && pIp_mGyroData_SignFlag_l[8] == pIp_mGyroData_SignFlag_8 && pIp_mGyroData_Rtemp_l[0] == pIp_mGyroData_Rtemp_0 && pIp_mGyroData_Rtemp_l[1] == pIp_mGyroData_Rtemp_1 && pIp_mGyroData_Rtemp_l[2] == pIp_mGyroData_Rtemp_2 && pIp_mGyroData_stateFlag_l[0] == pIp_mGyroData_stateFlag_0 && pIp_mGyroData_stateFlag_l[1] == pIp_mGyroData_stateFlag_1 && pIp_mGyroData_stateFlag_l[2] == pIp_mGyroData_stateFlag_2 && pIp_mGyroData_stateFlag_l[3] == pIp_mGyroData_stateFlag_3 && pIp_mGyroData_stateFlag_l[4] == pIp_mGyroData_stateFlag_4 && pIp_mGyroData_stateFlag_l[5] == pIp_mGyroData_stateFlag_5 && pIp_mGyroData_stateFlag_l[6] == pIp_mGyroData_stateFlag_6 && pIp_mGyroData_stateFlag_l[7] == pIp_mGyroData_stateFlag_7 && pIp_mGyroData_stateFlag_l[8] == pIp_mGyroData_stateFlag_8 && pIp_mThrDistribute_stateFlag_l[0] == pIp_mThrDistribute_stateFlag_0 && pIp_mThrDistribute_stateFlag_l[1] == pIp_mThrDistribute_stateFlag_1 && (pIp->p1 == pIp_p1) * (*pIp->p1 == 60306) * (pIp->p2 == pIp_p2) * (*pIp->p2 == 1) * (pIp->p3 == pIp_p3) * (*pIp->p3 == 252) * (pIp->countInt32ms == pIp_countInt32ms) * (pIp->countSate == pIp_countSate) * (pIp->countPublic == pIp_countPublic) * (pIp->countMode == pIp_countMode) * (pIp->flgPRSAM == pIp_flgPRSAM) * (pIp->flgGryoCalc == pIp_flgGryoCalc) * (pIp->flg160INT == pIp_flg160INT) * store_int_array(&pIp->mGyroData.countPick, 9, pIp_mGyroData_countPick_l) * store_int_array(&pIp->mGyroData.Gi, 3, pIp_mGyroData_Gi_l) * store_int_array(&pIp->mGyroData.wa, 9, pIp_mGyroData_wa_l) * store_int_array(&pIp->mGyroData.wal, 9, pIp_mGyroData_wal_l) * (pIp->mGyroData.JoinTotal == pIp_mGyroData_JoinTotal) * (pIp->mGyroData.gyroStatus0 == pIp_mGyroData_gyroStatus0) * (pIp->mGyroData.gyroStatus1 == pIp_mGyroData_gyroStatus1) * store_int_array(&pIp->mGyroData.W, 3, pIp_mGyroData_W_l) * store_int_array(&pIp->mGyroData.SignFlag, 9, pIp_mGyroData_SignFlag_l) * store_int_array(&pIp->mGyroData.Rtemp, 3, pIp_mGyroData_Rtemp_l) * store_int_array(&pIp->mGyroData.stateFlag, 9, pIp_mGyroData_stateFlag_l) * (pIp->mModulator.u == pIp_mModulator_u) * (pIp->mModulator.r == pIp_mModulator_r) * (pIp->mModulator.Yp == pIp_mModulator_Yp) * (pIp->mModulator.Yn == pIp_mModulator_Yn) * (pIp->mThrDistribute.flgABChoose == pIp_mThrDistribute_flgABChoose) * (pIp->mThrDistribute.wPulse == pIp_mThrDistribute_wPulse) * store_int_array(&pIp->mThrDistribute.stateFlag, 2, pIp_mThrDistribute_stateFlag_l) * (pIp->mFWarning.CWsp == pIp_mFWarning_CWsp) * (pIp->mFWarning.CWtf == pIp_mFWarning_CWtf) * (pIp->mFWarning.Wsp == pIp_mFWarning_Wsp) * (pIp->mFWarning.Wtf == pIp_mFWarning_Wtf) * (pIp->mFWarning.Wav == pIp_mFWarning_Wav) * (pIp->mFWarning.flgups == pIp_mFWarning_flgups) * (pIp->mFWarning.flgModeChange == pIp_mFWarning_flgModeChange) * (pIp->mFWarning.countAV == pIp_mFWarning_countAV) * (pIp->mFWarning.countSPLost == pIp_mFWarning_countSPLost) * (pIp->mFWarning.countSPSeen == pIp_mFWarning_countSPSeen) * (pIp->mFWarning.countSPset == pIp_mFWarning_countSPset) * (pIp->mFWarning.countUPSpc == pIp_mFWarning_countUPSpc))
*/

函数 DevControl 的 ACSL Summary 为:
/*@
 requires \valid(pIp) && \valid(pIp->p1) && \valid(pIp->p2) && \valid(pIp->p3) && \valid(pIp->mGyroData.countPick+ (0..9)) && \valid(pIp->mGyroData.Gi+ (0..3)) && \valid(pIp->mGyroData.wa+ (0..9)) && \valid(pIp->mGyroData.wal+ (0..9)) && \valid(pIp->mGyroData.W+ (0..3)) && \valid(pIp->mGyroData.SignFlag+ (0..9)) && \valid(pIp->mGyroData.Rtemp+ (0..3)) && \valid(pIp->mGyroData.stateFlag+ (0..9)) && \valid(pIp->mThrDistribute.stateFlag+ (0..2)) ;
 requires \separated(pIp,pIp->p1,pIp->p2,pIp->p3,pIp->mGyroData.countPick+(0..9),pIp->mGyroData.Gi+(0..3),pIp->mGyroData.wa+(0..9),pIp->mGyroData.wal+(0..9),pIp->mGyroData.W+(0..3),pIp->mGyroData.SignFlag+(0..9),pIp->mGyroData.Rtemp+(0..3),pIp->mGyroData.stateFlag+(0..9),pIp->mThrDistribute.stateFlag+(0..2)) ;

ensures pIp->mGyroData.countPick[0] == \old(pIp->mGyroData.countPick[0]) && pIp->mGyroData.countPick[1] == \old(pIp->mGyroData.countPick[1]) && pIp->mGyroData.countPick[2] == \old(pIp->mGyroData.countPick[2]) && pIp->mGyroData.countPick[3] == \old(pIp->mGyroData.countPick[3]) && pIp->mGyroData.countPick[4] == \old(pIp->mGyroData.countPick[4]) && pIp->mGyroData.countPick[5] == \old(pIp->mGyroData.countPick[5]) && pIp->mGyroData.countPick[6] == \old(pIp->mGyroData.countPick[6]) && pIp->mGyroData.countPick[7] == \old(pIp->mGyroData.countPick[7]) && pIp->mGyroData.countPick[8] == \old(pIp->mGyroData.countPick[8]) && pIp->mGyroData.Gi[0] == \old(pIp->mGyroData.Gi[0]) && pIp->mGyroData.Gi[1] == \old(pIp->mGyroData.Gi[1]) && pIp->mGyroData.Gi[2] == \old(pIp->mGyroData.Gi[2]) && pIp->mGyroData.wa[0] == \old(pIp->mGyroData.wa[0]) && pIp->mGyroData.wa[1] == \old(pIp->mGyroData.wa[1]) && pIp->mGyroData.wa[2] == \old(pIp->mGyroData.wa[2]) && pIp->mGyroData.wa[3] == \old(pIp->mGyroData.wa[3]) && pIp->mGyroData.wa[4] == \old(pIp->mGyroData.wa[4]) && pIp->mGyroData.wa[5] == \old(pIp->mGyroData.wa[5]) && pIp->mGyroData.wa[6] == \old(pIp->mGyroData.wa[6]) && pIp->mGyroData.wa[7] == \old(pIp->mGyroData.wa[7]) && pIp->mGyroData.wa[8] == \old(pIp->mGyroData.wa[8]) && pIp->mGyroData.wal[0] == \old(pIp->mGyroData.wal[0]) && pIp->mGyroData.wal[1] == \old(pIp->mGyroData.wal[1]) && pIp->mGyroData.wal[2] == \old(pIp->mGyroData.wal[2]) && pIp->mGyroData.wal[3] == \old(pIp->mGyroData.wal[3]) && pIp->mGyroData.wal[4] == \old(pIp->mGyroData.wal[4]) && pIp->mGyroData.wal[5] == \old(pIp->mGyroData.wal[5]) && pIp->mGyroData.wal[6] == \old(pIp->mGyroData.wal[6]) && pIp->mGyroData.wal[7] == \old(pIp->mGyroData.wal[7]) && pIp->mGyroData.wal[8] == \old(pIp->mGyroData.wal[8]) && pIp->mGyroData.W[0] == \old(pIp->mGyroData.W[0]) && pIp->mGyroData.W[1] == \old(pIp->mGyroData.W[1]) && pIp->mGyroData.W[2] == \old(pIp->mGyroData.W[2]) && pIp->mGyroData.SignFlag[0] == \old(pIp->mGyroData.SignFlag[0]) && pIp->mGyroData.SignFlag[1] == \old(pIp->mGyroData.SignFlag[1]) && pIp->mGyroData.SignFlag[2] == \old(pIp->mGyroData.SignFlag[2]) && pIp->mGyroData.SignFlag[3] == \old(pIp->mGyroData.SignFlag[3]) && pIp->mGyroData.SignFlag[4] == \old(pIp->mGyroData.SignFlag[4]) && pIp->mGyroData.SignFlag[5] == \old(pIp->mGyroData.SignFlag[5]) && pIp->mGyroData.SignFlag[6] == \old(pIp->mGyroData.SignFlag[6]) && pIp->mGyroData.SignFlag[7] == \old(pIp->mGyroData.SignFlag[7]) && pIp->mGyroData.SignFlag[8] == \old(pIp->mGyroData.SignFlag[8]) && pIp->mGyroData.Rtemp[0] == \old(pIp->mGyroData.Rtemp[0]) && pIp->mGyroData.Rtemp[1] == \old(pIp->mGyroData.Rtemp[1]) && pIp->mGyroData.Rtemp[2] == \old(pIp->mGyroData.Rtemp[2]) && pIp->mGyroData.stateFlag[0] == \old(pIp->mGyroData.stateFlag[0]) && pIp->mGyroData.stateFlag[1] == \old(pIp->mGyroData.stateFlag[1]) && pIp->mGyroData.stateFlag[2] == \old(pIp->mGyroData.stateFlag[2]) && pIp->mGyroData.stateFlag[3] == \old(pIp->mGyroData.stateFlag[3]) && pIp->mGyroData.stateFlag[4] == \old(pIp->mGyroData.stateFlag[4]) && pIp->mGyroData.stateFlag[5] == \old(pIp->mGyroData.stateFlag[5]) && pIp->mGyroData.stateFlag[6] == \old(pIp->mGyroData.stateFlag[6]) && pIp->mGyroData.stateFlag[7] == \old(pIp->mGyroData.stateFlag[7]) && pIp->mGyroData.stateFlag[8] == \old(pIp->mGyroData.stateFlag[8]) && pIp->mThrDistribute.stateFlag[0] == \old(pIp->mThrDistribute.stateFlag[0]) && pIp->mThrDistribute.stateFlag[1] == \old(pIp->mThrDistribute.stateFlag[1]) ==> pIp->p1 == \old(pIp->p1)&&*pIp->p1 == 60306&&pIp->p2 == \old(pIp->p2)&&*pIp->p2 == 1&&pIp->p3 == \old(pIp->p3)&&*pIp->p3 == 252&&pIp->countInt32ms == \old(pIp->countInt32ms)&&pIp->countSate == \old(pIp->countSate)&&pIp->countPublic == \old(pIp->countPublic)&&pIp->countMode == \old(pIp->countMode)&&pIp->flgPRSAM == \old(pIp->flgPRSAM)&&pIp->flgGryoCalc == \old(pIp->flgGryoCalc)&&pIp->flg160INT == \old(pIp->flg160INT)&&pIp->mGyroData.JoinTotal == \old(pIp->mGyroData.JoinTotal)&&pIp->mGyroData.gyroStatus0 == \old(pIp->mGyroData.gyroStatus0)&&pIp->mGyroData.gyroStatus1 == \old(pIp->mGyroData.gyroStatus1)&&pIp->mModulator.u == \old(pIp->mModulator.u)&&pIp->mModulator.r == \old(pIp->mModulator.r)&&pIp->mModulator.Yp == \old(pIp->mModulator.Yp)&&pIp->mModulator.Yn == \old(pIp->mModulator.Yn)&&pIp->mThrDistribute.flgABChoose == \old(pIp->mThrDistribute.flgABChoose)&&pIp->mThrDistribute.wPulse == \old(pIp->mThrDistribute.wPulse)&&pIp->mFWarning.CWsp == \old(pIp->mFWarning.CWsp)&&pIp->mFWarning.CWtf == \old(pIp->mFWarning.CWtf)&&pIp->mFWarning.Wsp == \old(pIp->mFWarning.Wsp)&&pIp->mFWarning.Wtf == \old(pIp->mFWarning.Wtf)&&pIp->mFWarning.Wav == \old(pIp->mFWarning.Wav)&&pIp->mFWarning.flgups == \old(pIp->mFWarning.flgups)&&pIp->mFWarning.flgModeChange == \old(pIp->mFWarning.flgModeChange)&&pIp->mFWarning.countAV == \old(pIp->mFWarning.countAV)&&pIp->mFWarning.countSPLost == \old(pIp->mFWarning.countSPLost)&&pIp->mFWarning.countSPSeen == \old(pIp->mFWarning.countSPSeen)&&pIp->mFWarning.countSPset == \old(pIp->mFWarning.countSPset)&&pIp->mFWarning.countUPSpc == \old(pIp->mFWarning.countUPSpc);

*/


VERIFICATION FOR DevControl
========================================

syntax Correct
Loop Invariant:
[]

Assertion:
[]

Post Condition:
[True]

