2025-07-05 02:34:39,895 - INFO  - 
FUNCTION INITIALIZATION
2025-07-05 02:34:39,896 - INFO  - ========================================

2025-07-05 02:34:39,996 - INFO  - 初始待处理函数: ['ModPNHPFun']
2025-07-05 02:34:39,996 - INFO  - 
GENERATE ANNOTATION FOR ModPNHPFun
2025-07-05 02:34:39,996 - INFO  - ========================================

2025-07-05 02:34:39,996 - INFO  - 函数 ModPNHPFun 已经初始化
2025-07-05 02:34:39,997 - INFO  - 开始生成 ModPNHPFun 的注释代码
2025-07-05 02:34:39,998 - INFO  - 
GENERATE FUNCTION SUMMARY FOR ModPNHPFun
2025-07-05 02:34:39,998 - INFO  - ========================================

2025-07-05 02:34:40,007 - INFO  - 开始生成完整的 ModPNHPFun 的注释代码
2025-07-05 02:34:40,016 - INFO  - 开始生成 ModPNHPFun 的 ACSL 规约
2025-07-05 02:34:40,024 - INFO  - 
SUMMARY FOR ModPNHPFun
2025-07-05 02:34:40,024 - INFO  - ========================================

2025-07-05 02:34:40,024 - INFO  - 
函数 ModPNHPFun 的 VST Summary 为:
/*@
With pIp_x pIp_halfperiod pIp_npp2 pIp_ret_v pIp_ret
Require pIp->x == pIp_x && pIp->halfperiod == pIp_halfperiod && pIp->npp2 == pIp_npp2 && *(pIp->ret) == pIp_ret_v && (pIp->ret) == pIp_ret
Ensure ((pIp->x == pIp_x) * (pIp->halfperiod == pIp_halfperiod) * (pIp->npp2 == pIp_x - 2 * pIp_halfperiod) * (pIp->ret == pIp_ret) * (*pIp_ret == pIp_x - 2 * pIp_halfperiod))
*/
2025-07-05 02:34:40,024 - INFO  - 
函数 ModPNHPFun 的 ACSL Summary 为:
/*@
 requires \valid(pIp) && \valid(pIp->ret) ;
 requires \separated(pIp,pIp->ret) ;

ensures pIp->x == \old(pIp->x)&&pIp->halfperiod == \old(pIp->halfperiod)&&pIp->npp2 == \old(pIp->x) - 2 * \old(pIp->halfperiod)&&pIp->ret == \old(pIp->ret)&&*\old(pIp->ret) == \old(pIp->x) - 2 * \old(pIp->halfperiod);

*/

2025-07-05 02:34:40,248 - INFO  - 
VERIFICATION FOR ModPNHPFun
2025-07-05 02:34:40,248 - INFO  - ========================================

2025-07-05 02:34:41,746 - INFO  - 
GENERLIZATION FOR ModPNHPFun
2025-07-05 02:34:41,747 - INFO  - ========================================

2025-07-05 02:34:41,795 - INFO  - Original ACSL: pIp->x == \old(pIp->x)&&pIp->halfperiod == \old(pIp->halfperiod)&&pIp->npp2 == \old(pIp->x) - 2 * \old(pIp->halfperiod)&&pIp->ret == \old(pIp->ret)&&*\old(pIp->ret) == \old(pIp->x) - 2 * \old(pIp->halfperiod);
2025-07-05 02:34:41,798 - INFO  - Z3 Expression: And(And(And(And(pIp_x == old_pIp_x,
                pIp_halfperiod == old_pIp_halfperiod),
            pIp_npp2 == old_pIp_x - 2*old_pIp_halfperiod),
        pIp_ret == old_pIp_ret),
    old_pIp_ret_v == old_pIp_x - 2*old_pIp_halfperiod)
2025-07-05 02:34:41,978 - INFO  - 
ModPNHPFun 的最大非冗余集合:
2025-07-05 02:34:41,978 - INFO  - [pIp_x == old_pIp_x, pIp_halfperiod == old_pIp_halfperiod, pIp_ret == old_pIp_ret]
