2025-07-05 02:32:47,883 - INFO  - 
FUNCTION INITIALIZATION
2025-07-05 02:32:47,883 - INFO  - ========================================

2025-07-05 02:32:47,949 - INFO  - 初始待处理函数: ['SAMSubModePitchFun']
2025-07-05 02:32:47,949 - INFO  - 
GENERATE ANNOTATION FOR SAMSubModePitchFun
2025-07-05 02:32:47,949 - INFO  - ========================================

2025-07-05 02:32:47,949 - INFO  - 函数 SAMSubModePitchFun 已经初始化
2025-07-05 02:32:47,950 - INFO  - 开始生成 SAMSubModePitchFun 的注释代码
2025-07-05 02:32:47,951 - INFO  - 
GENERATE FUNCTION SUMMARY FOR SAMSubModePitchFun
2025-07-05 02:32:47,951 - INFO  - ========================================

2025-07-05 02:32:48,046 - INFO  - 开始生成完整的 SAMSubModePitchFun 的注释代码
2025-07-05 02:32:48,056 - INFO  - 开始生成 SAMSubModePitchFun 的 ACSL 规约
2025-07-05 02:32:48,084 - INFO  - 
SUMMARY FOR SAMSubModePitchFun
2025-07-05 02:32:48,085 - INFO  - ========================================

2025-07-05 02:32:48,085 - INFO  - 
函数 SAMSubModePitchFun 的 VST Summary 为:
/*@
With pIp_pSDS_stateFlag_A pIp_pSDS_stateFlag_B pIp_pSDS_royaw pIp_pSDS_piyaw pIp_pSDS_flgSP pIp_countPublic pIp_countMode pIp_flgMode pIp_pCtrl0_Up pIp_pCtrl0_Ud pIp_pCtrl0_fy pIp_pCtrl1_Up pIp_pCtrl1_Ud pIp_pCtrl1_fy pIp_pCtrl2_Up pIp_pCtrl2_Ud pIp_pCtrl2_fy
Require pIp->pSDS->stateFlag_A == pIp_pSDS_stateFlag_A && pIp->pSDS->stateFlag_B == pIp_pSDS_stateFlag_B && pIp->pSDS->royaw == pIp_pSDS_royaw && pIp->pSDS->piyaw == pIp_pSDS_piyaw && pIp->pSDS->flgSP == pIp_pSDS_flgSP && pIp->countPublic == pIp_countPublic && pIp->countMode == pIp_countMode && pIp->flgMode == pIp_flgMode && pIp->pCtrl0->Up == pIp_pCtrl0_Up && pIp->pCtrl0->Ud == pIp_pCtrl0_Ud && pIp->pCtrl0->fy == pIp_pCtrl0_fy && pIp->pCtrl1->Up == pIp_pCtrl1_Up && pIp->pCtrl1->Ud == pIp_pCtrl1_Ud && pIp->pCtrl1->fy == pIp_pCtrl1_fy && pIp->pCtrl2->Up == pIp_pCtrl2_Up && pIp->pCtrl2->Ud == pIp_pCtrl2_Ud && pIp->pCtrl2->fy == pIp_pCtrl2_fy
Ensure (pIp_countMode > 5625 && pIp_pSDS_flgSP != 1 && (pIp->pSDS->stateFlag_A == pIp_pSDS_stateFlag_A) * (pIp->pSDS->stateFlag_B == pIp_pSDS_stateFlag_B) * (pIp->pSDS->royaw == pIp_pSDS_royaw) * (pIp->pSDS->piyaw == pIp_pSDS_piyaw) * (pIp->pSDS->flgSP == pIp_pSDS_flgSP) * (pIp->countPublic == 0) * (pIp->countMode == 0) * (pIp->flgMode == 34) * (pIp->pCtrl0->Up == pIp_pCtrl0_Up) * (pIp->pCtrl0->Ud == pIp_pCtrl0_Ud) * (pIp->pCtrl0->fy == pIp_pCtrl0_fy) * (pIp->pCtrl1->Up == pIp_pCtrl1_Up) * (pIp->pCtrl1->Ud == pIp_pCtrl1_Ud) * (pIp->pCtrl1->fy == pIp_pCtrl1_fy) * (pIp->pCtrl2->Up == pIp_pCtrl2_Up) * (pIp->pCtrl2->Ud == pIp_pCtrl2_Ud) * (pIp->pCtrl2->fy == pIp_pCtrl2_fy)) || (pIp_countMode > 5625 && pIp_pSDS_piyaw >= -1 && pIp_pSDS_piyaw <= 1 && pIp_pSDS_flgSP == 1 && (pIp->pSDS->stateFlag_A == pIp_pSDS_stateFlag_A) * (pIp->pSDS->stateFlag_B == pIp_pSDS_stateFlag_B) * (pIp->pSDS->royaw == pIp_pSDS_royaw) * (pIp->pSDS->piyaw == pIp_pSDS_piyaw) * (pIp->pSDS->flgSP == pIp_pSDS_flgSP) * (pIp->countPublic == 0) * (pIp->countMode == 0) * (pIp->flgMode == 34) * (pIp->pCtrl0->Up == pIp_pCtrl0_Up) * (pIp->pCtrl0->Ud == pIp_pCtrl0_Ud) * (pIp->pCtrl0->fy == pIp_pCtrl0_fy) * (pIp->pCtrl1->Up == pIp_pCtrl1_Up) * (pIp->pCtrl1->Ud == pIp_pCtrl1_Ud) * (pIp->pCtrl1->fy == pIp_pCtrl1_fy) * (pIp->pCtrl2->Up == pIp_pCtrl2_Up) * (pIp->pCtrl2->Ud == pIp_pCtrl2_Ud) * (pIp->pCtrl2->fy == pIp_pCtrl2_fy)) || (pIp_countMode > 5625 && pIp_countPublic + 1 <= 16 && pIp_pSDS_piyaw < -1 && pIp_pSDS_piyaw <= 1 && pIp_pSDS_flgSP == 1 && (pIp->pSDS->stateFlag_A == pIp_pSDS_stateFlag_A) * (pIp->pSDS->stateFlag_B == pIp_pSDS_stateFlag_B) * (pIp->pSDS->royaw == pIp_pSDS_royaw) * (pIp->pSDS->piyaw == pIp_pSDS_piyaw) * (pIp->pSDS->flgSP == pIp_pSDS_flgSP) * (pIp->countPublic == 0) * (pIp->countMode == 0) * (pIp->flgMode == 34) * (pIp->pCtrl0->Up == 0) * (pIp->pCtrl0->Ud == pIp_pCtrl0_Ud) * (pIp->pCtrl0->fy == pIp_pCtrl0_fy) * (pIp->pCtrl1->Up == 0) * (pIp->pCtrl1->Ud == pIp_pCtrl1_Ud) * (pIp->pCtrl1->fy == pIp_pCtrl1_fy) * (pIp->pCtrl2->Up == 0) * (pIp->pCtrl2->Ud == pIp_pCtrl2_Ud) * (pIp->pCtrl2->fy == pIp_pCtrl2_fy)) || (pIp_countMode > 5625 && pIp_countPublic + 1 <= 16 && pIp_pSDS_piyaw > 1 && pIp_pSDS_flgSP == 1 && (pIp->pSDS->stateFlag_A == pIp_pSDS_stateFlag_A) * (pIp->pSDS->stateFlag_B == pIp_pSDS_stateFlag_B) * (pIp->pSDS->royaw == pIp_pSDS_royaw) * (pIp->pSDS->piyaw == pIp_pSDS_piyaw) * (pIp->pSDS->flgSP == pIp_pSDS_flgSP) * (pIp->countPublic == 0) * (pIp->countMode == 0) * (pIp->flgMode == 34) * (pIp->pCtrl0->Up == 0) * (pIp->pCtrl0->Ud == pIp_pCtrl0_Ud) * (pIp->pCtrl0->fy == pIp_pCtrl0_fy) * (pIp->pCtrl1->Up == 0) * (pIp->pCtrl1->Ud == pIp_pCtrl1_Ud) * (pIp->pCtrl1->fy == pIp_pCtrl1_fy) * (pIp->pCtrl2->Up == 0) * (pIp->pCtrl2->Ud == pIp_pCtrl2_Ud) * (pIp->pCtrl2->fy == pIp_pCtrl2_fy)) || (0 <= 5625 && pIp_countPublic + 1 > 16 && pIp_pSDS_piyaw > 1 && pIp_pSDS_flgSP == 1 && (pIp->pSDS->stateFlag_A == pIp_pSDS_stateFlag_A) * (pIp->pSDS->stateFlag_B == pIp_pSDS_stateFlag_B) * (pIp->pSDS->royaw == pIp_pSDS_royaw) * (pIp->pSDS->piyaw == pIp_pSDS_piyaw) * (pIp->pSDS->flgSP == pIp_pSDS_flgSP) * (pIp->countPublic == 0) * (pIp->countMode == 0) * (pIp->flgMode == 51) * (pIp->pCtrl0->Up == pIp_pCtrl0_Up) * (pIp->pCtrl0->Ud == pIp_pCtrl0_Ud) * (pIp->pCtrl0->fy == pIp_pCtrl0_fy) * (pIp->pCtrl1->Up == pIp_pCtrl1_Up) * (pIp->pCtrl1->Ud == pIp_pCtrl1_Ud) * (pIp->pCtrl1->fy == pIp_pCtrl1_fy) * (pIp->pCtrl2->Up == pIp_pCtrl2_Up) * (pIp->pCtrl2->Ud == pIp_pCtrl2_Ud) * (pIp->pCtrl2->fy == pIp_pCtrl2_fy)) || (0 <= 5625 && pIp_countPublic + 1 > 16 && pIp_pSDS_piyaw < -1 && pIp_pSDS_piyaw <= 1 && pIp_pSDS_flgSP == 1 && (pIp->pSDS->stateFlag_A == pIp_pSDS_stateFlag_A) * (pIp->pSDS->stateFlag_B == pIp_pSDS_stateFlag_B) * (pIp->pSDS->royaw == pIp_pSDS_royaw) * (pIp->pSDS->piyaw == pIp_pSDS_piyaw) * (pIp->pSDS->flgSP == pIp_pSDS_flgSP) * (pIp->countPublic == 0) * (pIp->countMode == 0) * (pIp->flgMode == 51) * (pIp->pCtrl0->Up == pIp_pCtrl0_Up) * (pIp->pCtrl0->Ud == pIp_pCtrl0_Ud) * (pIp->pCtrl0->fy == pIp_pCtrl0_fy) * (pIp->pCtrl1->Up == pIp_pCtrl1_Up) * (pIp->pCtrl1->Ud == pIp_pCtrl1_Ud) * (pIp->pCtrl1->fy == pIp_pCtrl1_fy) * (pIp->pCtrl2->Up == pIp_pCtrl2_Up) * (pIp->pCtrl2->Ud == pIp_pCtrl2_Ud) * (pIp->pCtrl2->fy == pIp_pCtrl2_fy)) || (pIp_countMode <= 5625 && pIp_countPublic + 1 <= 16 && pIp_pSDS_piyaw > 1 && pIp_pSDS_flgSP == 1 && (pIp->pSDS->stateFlag_A == pIp_pSDS_stateFlag_A) * (pIp->pSDS->stateFlag_B == pIp_pSDS_stateFlag_B) * (pIp->pSDS->royaw == pIp_pSDS_royaw) * (pIp->pSDS->piyaw == pIp_pSDS_piyaw) * (pIp->pSDS->flgSP == pIp_pSDS_flgSP) * (pIp->countPublic == pIp_countPublic + 1) * (pIp->countMode == pIp_countMode) * (pIp->flgMode == pIp_flgMode) * (pIp->pCtrl0->Up == 0) * (pIp->pCtrl0->Ud == pIp_pCtrl0_Ud) * (pIp->pCtrl0->fy == pIp_pCtrl0_fy) * (pIp->pCtrl1->Up == 0) * (pIp->pCtrl1->Ud == pIp_pCtrl1_Ud) * (pIp->pCtrl1->fy == pIp_pCtrl1_fy) * (pIp->pCtrl2->Up == 0) * (pIp->pCtrl2->Ud == pIp_pCtrl2_Ud) * (pIp->pCtrl2->fy == pIp_pCtrl2_fy)) || (pIp_countMode <= 5625 && pIp_countPublic + 1 <= 16 && pIp_pSDS_piyaw < -1 && pIp_pSDS_piyaw <= 1 && pIp_pSDS_flgSP == 1 && (pIp->pSDS->stateFlag_A == pIp_pSDS_stateFlag_A) * (pIp->pSDS->stateFlag_B == pIp_pSDS_stateFlag_B) * (pIp->pSDS->royaw == pIp_pSDS_royaw) * (pIp->pSDS->piyaw == pIp_pSDS_piyaw) * (pIp->pSDS->flgSP == pIp_pSDS_flgSP) * (pIp->countPublic == pIp_countPublic + 1) * (pIp->countMode == pIp_countMode) * (pIp->flgMode == pIp_flgMode) * (pIp->pCtrl0->Up == 0) * (pIp->pCtrl0->Ud == pIp_pCtrl0_Ud) * (pIp->pCtrl0->fy == pIp_pCtrl0_fy) * (pIp->pCtrl1->Up == 0) * (pIp->pCtrl1->Ud == pIp_pCtrl1_Ud) * (pIp->pCtrl1->fy == pIp_pCtrl1_fy) * (pIp->pCtrl2->Up == 0) * (pIp->pCtrl2->Ud == pIp_pCtrl2_Ud) * (pIp->pCtrl2->fy == pIp_pCtrl2_fy)) || (pIp_countMode <= 5625 && pIp_pSDS_piyaw >= -1 && pIp_pSDS_piyaw <= 1 && pIp_pSDS_flgSP == 1 && (pIp->pSDS->stateFlag_A == pIp_pSDS_stateFlag_A) * (pIp->pSDS->stateFlag_B == pIp_pSDS_stateFlag_B) * (pIp->pSDS->royaw == pIp_pSDS_royaw) * (pIp->pSDS->piyaw == pIp_pSDS_piyaw) * (pIp->pSDS->flgSP == pIp_pSDS_flgSP) * (pIp->countPublic == pIp_countPublic) * (pIp->countMode == pIp_countMode) * (pIp->flgMode == pIp_flgMode) * (pIp->pCtrl0->Up == pIp_pCtrl0_Up) * (pIp->pCtrl0->Ud == pIp_pCtrl0_Ud) * (pIp->pCtrl0->fy == pIp_pCtrl0_fy) * (pIp->pCtrl1->Up == pIp_pCtrl1_Up) * (pIp->pCtrl1->Ud == pIp_pCtrl1_Ud) * (pIp->pCtrl1->fy == pIp_pCtrl1_fy) * (pIp->pCtrl2->Up == pIp_pCtrl2_Up) * (pIp->pCtrl2->Ud == pIp_pCtrl2_Ud) * (pIp->pCtrl2->fy == pIp_pCtrl2_fy)) || (pIp_countMode <= 5625 && pIp_pSDS_flgSP != 1 && (pIp->pSDS->stateFlag_A == pIp_pSDS_stateFlag_A) * (pIp->pSDS->stateFlag_B == pIp_pSDS_stateFlag_B) * (pIp->pSDS->royaw == pIp_pSDS_royaw) * (pIp->pSDS->piyaw == pIp_pSDS_piyaw) * (pIp->pSDS->flgSP == pIp_pSDS_flgSP) * (pIp->countPublic == 0) * (pIp->countMode == pIp_countMode) * (pIp->flgMode == pIp_flgMode) * (pIp->pCtrl0->Up == pIp_pCtrl0_Up) * (pIp->pCtrl0->Ud == pIp_pCtrl0_Ud) * (pIp->pCtrl0->fy == pIp_pCtrl0_fy) * (pIp->pCtrl1->Up == pIp_pCtrl1_Up) * (pIp->pCtrl1->Ud == pIp_pCtrl1_Ud) * (pIp->pCtrl1->fy == pIp_pCtrl1_fy) * (pIp->pCtrl2->Up == pIp_pCtrl2_Up) * (pIp->pCtrl2->Ud == pIp_pCtrl2_Ud) * (pIp->pCtrl2->fy == pIp_pCtrl2_fy))
*/
2025-07-05 02:32:48,085 - INFO  - 
函数 SAMSubModePitchFun 的 ACSL Summary 为:
/*@
 requires \valid(pIp) && \valid(pIp->pSDS) && \valid(pIp->pCtrl0) && \valid(pIp->pCtrl1) && \valid(pIp->pCtrl2) ;
 requires \separated(pIp,pIp->pSDS,pIp->pCtrl0,pIp->pCtrl1,pIp->pCtrl2) ;

ensures \old(pIp->countMode) > 5625 && \old(pIp->pSDS->flgSP) != 1 ==> pIp->pSDS->stateFlag_A == \old(pIp->pSDS->stateFlag_A)&&pIp->pSDS->stateFlag_B == \old(pIp->pSDS->stateFlag_B)&&pIp->pSDS->royaw == \old(pIp->pSDS->royaw)&&pIp->pSDS->piyaw == \old(pIp->pSDS->piyaw)&&pIp->pSDS->flgSP == \old(pIp->pSDS->flgSP)&&pIp->countPublic == 0&&pIp->countMode == 0&&pIp->flgMode == 34&&pIp->pCtrl0->Up == \old(pIp->pCtrl0->Up)&&pIp->pCtrl0->Ud == \old(pIp->pCtrl0->Ud)&&pIp->pCtrl0->fy == \old(pIp->pCtrl0->fy)&&pIp->pCtrl1->Up == \old(pIp->pCtrl1->Up)&&pIp->pCtrl1->Ud == \old(pIp->pCtrl1->Ud)&&pIp->pCtrl1->fy == \old(pIp->pCtrl1->fy)&&pIp->pCtrl2->Up == \old(pIp->pCtrl2->Up)&&pIp->pCtrl2->Ud == \old(pIp->pCtrl2->Ud)&&pIp->pCtrl2->fy == \old(pIp->pCtrl2->fy);

ensures \old(pIp->countMode) > 5625 && \old(pIp->pSDS->piyaw) >= -1 && \old(pIp->pSDS->piyaw) <= 1 && \old(pIp->pSDS->flgSP) == 1 ==> pIp->pSDS->stateFlag_A == \old(pIp->pSDS->stateFlag_A)&&pIp->pSDS->stateFlag_B == \old(pIp->pSDS->stateFlag_B)&&pIp->pSDS->royaw == \old(pIp->pSDS->royaw)&&pIp->pSDS->piyaw == \old(pIp->pSDS->piyaw)&&pIp->pSDS->flgSP == \old(pIp->pSDS->flgSP)&&pIp->countPublic == 0&&pIp->countMode == 0&&pIp->flgMode == 34&&pIp->pCtrl0->Up == \old(pIp->pCtrl0->Up)&&pIp->pCtrl0->Ud == \old(pIp->pCtrl0->Ud)&&pIp->pCtrl0->fy == \old(pIp->pCtrl0->fy)&&pIp->pCtrl1->Up == \old(pIp->pCtrl1->Up)&&pIp->pCtrl1->Ud == \old(pIp->pCtrl1->Ud)&&pIp->pCtrl1->fy == \old(pIp->pCtrl1->fy)&&pIp->pCtrl2->Up == \old(pIp->pCtrl2->Up)&&pIp->pCtrl2->Ud == \old(pIp->pCtrl2->Ud)&&pIp->pCtrl2->fy == \old(pIp->pCtrl2->fy);

ensures \old(pIp->countMode) > 5625 && \old(pIp->countPublic) + 1 <= 16 && \old(pIp->pSDS->piyaw) < -1 && \old(pIp->pSDS->piyaw) <= 1 && \old(pIp->pSDS->flgSP) == 1 ==> pIp->pSDS->stateFlag_A == \old(pIp->pSDS->stateFlag_A)&&pIp->pSDS->stateFlag_B == \old(pIp->pSDS->stateFlag_B)&&pIp->pSDS->royaw == \old(pIp->pSDS->royaw)&&pIp->pSDS->piyaw == \old(pIp->pSDS->piyaw)&&pIp->pSDS->flgSP == \old(pIp->pSDS->flgSP)&&pIp->countPublic == 0&&pIp->countMode == 0&&pIp->flgMode == 34&&pIp->pCtrl0->Up == 0&&pIp->pCtrl0->Ud == \old(pIp->pCtrl0->Ud)&&pIp->pCtrl0->fy == \old(pIp->pCtrl0->fy)&&pIp->pCtrl1->Up == 0&&pIp->pCtrl1->Ud == \old(pIp->pCtrl1->Ud)&&pIp->pCtrl1->fy == \old(pIp->pCtrl1->fy)&&pIp->pCtrl2->Up == 0&&pIp->pCtrl2->Ud == \old(pIp->pCtrl2->Ud)&&pIp->pCtrl2->fy == \old(pIp->pCtrl2->fy);

ensures \old(pIp->countMode) > 5625 && \old(pIp->countPublic) + 1 <= 16 && \old(pIp->pSDS->piyaw) > 1 && \old(pIp->pSDS->flgSP) == 1 ==> pIp->pSDS->stateFlag_A == \old(pIp->pSDS->stateFlag_A)&&pIp->pSDS->stateFlag_B == \old(pIp->pSDS->stateFlag_B)&&pIp->pSDS->royaw == \old(pIp->pSDS->royaw)&&pIp->pSDS->piyaw == \old(pIp->pSDS->piyaw)&&pIp->pSDS->flgSP == \old(pIp->pSDS->flgSP)&&pIp->countPublic == 0&&pIp->countMode == 0&&pIp->flgMode == 34&&pIp->pCtrl0->Up == 0&&pIp->pCtrl0->Ud == \old(pIp->pCtrl0->Ud)&&pIp->pCtrl0->fy == \old(pIp->pCtrl0->fy)&&pIp->pCtrl1->Up == 0&&pIp->pCtrl1->Ud == \old(pIp->pCtrl1->Ud)&&pIp->pCtrl1->fy == \old(pIp->pCtrl1->fy)&&pIp->pCtrl2->Up == 0&&pIp->pCtrl2->Ud == \old(pIp->pCtrl2->Ud)&&pIp->pCtrl2->fy == \old(pIp->pCtrl2->fy);

ensures 0 <= 5625 && \old(pIp->countPublic) + 1 > 16 && \old(pIp->pSDS->piyaw) > 1 && \old(pIp->pSDS->flgSP) == 1 ==> pIp->pSDS->stateFlag_A == \old(pIp->pSDS->stateFlag_A)&&pIp->pSDS->stateFlag_B == \old(pIp->pSDS->stateFlag_B)&&pIp->pSDS->royaw == \old(pIp->pSDS->royaw)&&pIp->pSDS->piyaw == \old(pIp->pSDS->piyaw)&&pIp->pSDS->flgSP == \old(pIp->pSDS->flgSP)&&pIp->countPublic == 0&&pIp->countMode == 0&&pIp->flgMode == 51&&pIp->pCtrl0->Up == \old(pIp->pCtrl0->Up)&&pIp->pCtrl0->Ud == \old(pIp->pCtrl0->Ud)&&pIp->pCtrl0->fy == \old(pIp->pCtrl0->fy)&&pIp->pCtrl1->Up == \old(pIp->pCtrl1->Up)&&pIp->pCtrl1->Ud == \old(pIp->pCtrl1->Ud)&&pIp->pCtrl1->fy == \old(pIp->pCtrl1->fy)&&pIp->pCtrl2->Up == \old(pIp->pCtrl2->Up)&&pIp->pCtrl2->Ud == \old(pIp->pCtrl2->Ud)&&pIp->pCtrl2->fy == \old(pIp->pCtrl2->fy);

ensures 0 <= 5625 && \old(pIp->countPublic) + 1 > 16 && \old(pIp->pSDS->piyaw) < -1 && \old(pIp->pSDS->piyaw) <= 1 && \old(pIp->pSDS->flgSP) == 1 ==> pIp->pSDS->stateFlag_A == \old(pIp->pSDS->stateFlag_A)&&pIp->pSDS->stateFlag_B == \old(pIp->pSDS->stateFlag_B)&&pIp->pSDS->royaw == \old(pIp->pSDS->royaw)&&pIp->pSDS->piyaw == \old(pIp->pSDS->piyaw)&&pIp->pSDS->flgSP == \old(pIp->pSDS->flgSP)&&pIp->countPublic == 0&&pIp->countMode == 0&&pIp->flgMode == 51&&pIp->pCtrl0->Up == \old(pIp->pCtrl0->Up)&&pIp->pCtrl0->Ud == \old(pIp->pCtrl0->Ud)&&pIp->pCtrl0->fy == \old(pIp->pCtrl0->fy)&&pIp->pCtrl1->Up == \old(pIp->pCtrl1->Up)&&pIp->pCtrl1->Ud == \old(pIp->pCtrl1->Ud)&&pIp->pCtrl1->fy == \old(pIp->pCtrl1->fy)&&pIp->pCtrl2->Up == \old(pIp->pCtrl2->Up)&&pIp->pCtrl2->Ud == \old(pIp->pCtrl2->Ud)&&pIp->pCtrl2->fy == \old(pIp->pCtrl2->fy);

ensures \old(pIp->countMode) <= 5625 && \old(pIp->countPublic) + 1 <= 16 && \old(pIp->pSDS->piyaw) > 1 && \old(pIp->pSDS->flgSP) == 1 ==> pIp->pSDS->stateFlag_A == \old(pIp->pSDS->stateFlag_A)&&pIp->pSDS->stateFlag_B == \old(pIp->pSDS->stateFlag_B)&&pIp->pSDS->royaw == \old(pIp->pSDS->royaw)&&pIp->pSDS->piyaw == \old(pIp->pSDS->piyaw)&&pIp->pSDS->flgSP == \old(pIp->pSDS->flgSP)&&pIp->countPublic == \old(pIp->countPublic) + 1&&pIp->countMode == \old(pIp->countMode)&&pIp->flgMode == \old(pIp->flgMode)&&pIp->pCtrl0->Up == 0&&pIp->pCtrl0->Ud == \old(pIp->pCtrl0->Ud)&&pIp->pCtrl0->fy == \old(pIp->pCtrl0->fy)&&pIp->pCtrl1->Up == 0&&pIp->pCtrl1->Ud == \old(pIp->pCtrl1->Ud)&&pIp->pCtrl1->fy == \old(pIp->pCtrl1->fy)&&pIp->pCtrl2->Up == 0&&pIp->pCtrl2->Ud == \old(pIp->pCtrl2->Ud)&&pIp->pCtrl2->fy == \old(pIp->pCtrl2->fy);

ensures \old(pIp->countMode) <= 5625 && \old(pIp->countPublic) + 1 <= 16 && \old(pIp->pSDS->piyaw) < -1 && \old(pIp->pSDS->piyaw) <= 1 && \old(pIp->pSDS->flgSP) == 1 ==> pIp->pSDS->stateFlag_A == \old(pIp->pSDS->stateFlag_A)&&pIp->pSDS->stateFlag_B == \old(pIp->pSDS->stateFlag_B)&&pIp->pSDS->royaw == \old(pIp->pSDS->royaw)&&pIp->pSDS->piyaw == \old(pIp->pSDS->piyaw)&&pIp->pSDS->flgSP == \old(pIp->pSDS->flgSP)&&pIp->countPublic == \old(pIp->countPublic) + 1&&pIp->countMode == \old(pIp->countMode)&&pIp->flgMode == \old(pIp->flgMode)&&pIp->pCtrl0->Up == 0&&pIp->pCtrl0->Ud == \old(pIp->pCtrl0->Ud)&&pIp->pCtrl0->fy == \old(pIp->pCtrl0->fy)&&pIp->pCtrl1->Up == 0&&pIp->pCtrl1->Ud == \old(pIp->pCtrl1->Ud)&&pIp->pCtrl1->fy == \old(pIp->pCtrl1->fy)&&pIp->pCtrl2->Up == 0&&pIp->pCtrl2->Ud == \old(pIp->pCtrl2->Ud)&&pIp->pCtrl2->fy == \old(pIp->pCtrl2->fy);

ensures \old(pIp->countMode) <= 5625 && \old(pIp->pSDS->piyaw) >= -1 && \old(pIp->pSDS->piyaw) <= 1 && \old(pIp->pSDS->flgSP) == 1 ==> pIp->pSDS->stateFlag_A == \old(pIp->pSDS->stateFlag_A)&&pIp->pSDS->stateFlag_B == \old(pIp->pSDS->stateFlag_B)&&pIp->pSDS->royaw == \old(pIp->pSDS->royaw)&&pIp->pSDS->piyaw == \old(pIp->pSDS->piyaw)&&pIp->pSDS->flgSP == \old(pIp->pSDS->flgSP)&&pIp->countPublic == \old(pIp->countPublic)&&pIp->countMode == \old(pIp->countMode)&&pIp->flgMode == \old(pIp->flgMode)&&pIp->pCtrl0->Up == \old(pIp->pCtrl0->Up)&&pIp->pCtrl0->Ud == \old(pIp->pCtrl0->Ud)&&pIp->pCtrl0->fy == \old(pIp->pCtrl0->fy)&&pIp->pCtrl1->Up == \old(pIp->pCtrl1->Up)&&pIp->pCtrl1->Ud == \old(pIp->pCtrl1->Ud)&&pIp->pCtrl1->fy == \old(pIp->pCtrl1->fy)&&pIp->pCtrl2->Up == \old(pIp->pCtrl2->Up)&&pIp->pCtrl2->Ud == \old(pIp->pCtrl2->Ud)&&pIp->pCtrl2->fy == \old(pIp->pCtrl2->fy);

ensures \old(pIp->countMode) <= 5625 && \old(pIp->pSDS->flgSP) != 1 ==> pIp->pSDS->stateFlag_A == \old(pIp->pSDS->stateFlag_A)&&pIp->pSDS->stateFlag_B == \old(pIp->pSDS->stateFlag_B)&&pIp->pSDS->royaw == \old(pIp->pSDS->royaw)&&pIp->pSDS->piyaw == \old(pIp->pSDS->piyaw)&&pIp->pSDS->flgSP == \old(pIp->pSDS->flgSP)&&pIp->countPublic == 0&&pIp->countMode == \old(pIp->countMode)&&pIp->flgMode == \old(pIp->flgMode)&&pIp->pCtrl0->Up == \old(pIp->pCtrl0->Up)&&pIp->pCtrl0->Ud == \old(pIp->pCtrl0->Ud)&&pIp->pCtrl0->fy == \old(pIp->pCtrl0->fy)&&pIp->pCtrl1->Up == \old(pIp->pCtrl1->Up)&&pIp->pCtrl1->Ud == \old(pIp->pCtrl1->Ud)&&pIp->pCtrl1->fy == \old(pIp->pCtrl1->fy)&&pIp->pCtrl2->Up == \old(pIp->pCtrl2->Up)&&pIp->pCtrl2->Ud == \old(pIp->pCtrl2->Ud)&&pIp->pCtrl2->fy == \old(pIp->pCtrl2->fy);

*/

2025-07-05 02:32:48,290 - INFO  - 
VERIFICATION FOR SAMSubModePitchFun
2025-07-05 02:32:48,290 - INFO  - ========================================

2025-07-05 02:32:58,503 - INFO  - 
GENERLIZATION FOR SAMSubModePitchFun
2025-07-05 02:32:58,504 - INFO  - ========================================

2025-07-05 02:32:58,916 - INFO  - Original ACSL: \old(pIp->countMode) > 5625 && \old(pIp->pSDS->flgSP) != 1 ==> pIp->pSDS->stateFlag_A == \old(pIp->pSDS->stateFlag_A)&&pIp->pSDS->stateFlag_B == \old(pIp->pSDS->stateFlag_B)&&pIp->pSDS->royaw == \old(pIp->pSDS->royaw)&&pIp->pSDS->piyaw == \old(pIp->pSDS->piyaw)&&pIp->pSDS->flgSP == \old(pIp->pSDS->flgSP)&&pIp->countPublic == 0&&pIp->countMode == 0&&pIp->flgMode == 34&&pIp->pCtrl0->Up == \old(pIp->pCtrl0->Up)&&pIp->pCtrl0->Ud == \old(pIp->pCtrl0->Ud)&&pIp->pCtrl0->fy == \old(pIp->pCtrl0->fy)&&pIp->pCtrl1->Up == \old(pIp->pCtrl1->Up)&&pIp->pCtrl1->Ud == \old(pIp->pCtrl1->Ud)&&pIp->pCtrl1->fy == \old(pIp->pCtrl1->fy)&&pIp->pCtrl2->Up == \old(pIp->pCtrl2->Up)&&pIp->pCtrl2->Ud == \old(pIp->pCtrl2->Ud)&&pIp->pCtrl2->fy == \old(pIp->pCtrl2->fy)
2025-07-05 02:32:58,926 - INFO  - Z3 Expression: Implies(And(5625 < old_pIp_countMode,
            1 != old_pIp_pSDS_flgSP),
        And(And(And(And(And(And(And(And(And(And(And(And(And(And(And(And(pIp_pSDS_stateFlag_A ==
                                        old_pIp_pSDS_stateFlag_A,
                                        pIp_pSDS_stateFlag_B ==
                                        old_pIp_pSDS_stateFlag_B),
                                        pIp_pSDS_royaw ==
                                        old_pIp_pSDS_royaw),
                                        pIp_pSDS_piyaw ==
                                        old_pIp_pSDS_piyaw),
                                        pIp_pSDS_flgSP ==
                                        old_pIp_pSDS_flgSP),
                                        0 == pIp_countPublic),
                                        0 == pIp_countMode),
                                        34 == pIp_flgMode),
                                        pIp_pCtrl0_Up ==
                                        old_pIp_pCtrl0_Up),
                                        pIp_pCtrl0_Ud ==
                                        old_pIp_pCtrl0_Ud),
                                    pIp_pCtrl0_fy ==
                                    old_pIp_pCtrl0_fy),
                                pIp_pCtrl1_Up ==
                                old_pIp_pCtrl1_Up),
                            pIp_pCtrl1_Ud ==
                            old_pIp_pCtrl1_Ud),
                        pIp_pCtrl1_fy == old_pIp_pCtrl1_fy),
                    pIp_pCtrl2_Up == old_pIp_pCtrl2_Up),
                pIp_pCtrl2_Ud == old_pIp_pCtrl2_Ud),
            pIp_pCtrl2_fy == old_pIp_pCtrl2_fy))
2025-07-05 02:32:58,929 - INFO  - Original ACSL: \old(pIp->countMode) > 5625 && \old(pIp->pSDS->piyaw) >= -1 && \old(pIp->pSDS->piyaw) <= 1 && \old(pIp->pSDS->flgSP) == 1 ==> pIp->pSDS->stateFlag_A == \old(pIp->pSDS->stateFlag_A)&&pIp->pSDS->stateFlag_B == \old(pIp->pSDS->stateFlag_B)&&pIp->pSDS->royaw == \old(pIp->pSDS->royaw)&&pIp->pSDS->piyaw == \old(pIp->pSDS->piyaw)&&pIp->pSDS->flgSP == \old(pIp->pSDS->flgSP)&&pIp->countPublic == 0&&pIp->countMode == 0&&pIp->flgMode == 34&&pIp->pCtrl0->Up == \old(pIp->pCtrl0->Up)&&pIp->pCtrl0->Ud == \old(pIp->pCtrl0->Ud)&&pIp->pCtrl0->fy == \old(pIp->pCtrl0->fy)&&pIp->pCtrl1->Up == \old(pIp->pCtrl1->Up)&&pIp->pCtrl1->Ud == \old(pIp->pCtrl1->Ud)&&pIp->pCtrl1->fy == \old(pIp->pCtrl1->fy)&&pIp->pCtrl2->Up == \old(pIp->pCtrl2->Up)&&pIp->pCtrl2->Ud == \old(pIp->pCtrl2->Ud)&&pIp->pCtrl2->fy == \old(pIp->pCtrl2->fy)
2025-07-05 02:32:58,939 - INFO  - Z3 Expression: Implies(And(And(And(5625 < old_pIp_countMode,
                    old_pIp_pSDS_piyaw >= 0 - 1),
                1 >= old_pIp_pSDS_piyaw),
            1 == old_pIp_pSDS_flgSP),
        And(And(And(And(And(And(And(And(And(And(And(And(And(And(And(And(pIp_pSDS_stateFlag_A ==
                                        old_pIp_pSDS_stateFlag_A,
                                        pIp_pSDS_stateFlag_B ==
                                        old_pIp_pSDS_stateFlag_B),
                                        pIp_pSDS_royaw ==
                                        old_pIp_pSDS_royaw),
                                        pIp_pSDS_piyaw ==
                                        old_pIp_pSDS_piyaw),
                                        pIp_pSDS_flgSP ==
                                        old_pIp_pSDS_flgSP),
                                        0 == pIp_countPublic),
                                        0 == pIp_countMode),
                                        34 == pIp_flgMode),
                                        pIp_pCtrl0_Up ==
                                        old_pIp_pCtrl0_Up),
                                        pIp_pCtrl0_Ud ==
                                        old_pIp_pCtrl0_Ud),
                                    pIp_pCtrl0_fy ==
                                    old_pIp_pCtrl0_fy),
                                pIp_pCtrl1_Up ==
                                old_pIp_pCtrl1_Up),
                            pIp_pCtrl1_Ud ==
                            old_pIp_pCtrl1_Ud),
                        pIp_pCtrl1_fy == old_pIp_pCtrl1_fy),
                    pIp_pCtrl2_Up == old_pIp_pCtrl2_Up),
                pIp_pCtrl2_Ud == old_pIp_pCtrl2_Ud),
            pIp_pCtrl2_fy == old_pIp_pCtrl2_fy))
2025-07-05 02:32:58,942 - INFO  - Original ACSL: \old(pIp->countMode) > 5625 && \old(pIp->countPublic) + 1 <= 16 && \old(pIp->pSDS->piyaw) < -1 && \old(pIp->pSDS->piyaw) <= 1 && \old(pIp->pSDS->flgSP) == 1 ==> pIp->pSDS->stateFlag_A == \old(pIp->pSDS->stateFlag_A)&&pIp->pSDS->stateFlag_B == \old(pIp->pSDS->stateFlag_B)&&pIp->pSDS->royaw == \old(pIp->pSDS->royaw)&&pIp->pSDS->piyaw == \old(pIp->pSDS->piyaw)&&pIp->pSDS->flgSP == \old(pIp->pSDS->flgSP)&&pIp->countPublic == 0&&pIp->countMode == 0&&pIp->flgMode == 34&&pIp->pCtrl0->Up == 0&&pIp->pCtrl0->Ud == \old(pIp->pCtrl0->Ud)&&pIp->pCtrl0->fy == \old(pIp->pCtrl0->fy)&&pIp->pCtrl1->Up == 0&&pIp->pCtrl1->Ud == \old(pIp->pCtrl1->Ud)&&pIp->pCtrl1->fy == \old(pIp->pCtrl1->fy)&&pIp->pCtrl2->Up == 0&&pIp->pCtrl2->Ud == \old(pIp->pCtrl2->Ud)&&pIp->pCtrl2->fy == \old(pIp->pCtrl2->fy)
2025-07-05 02:32:58,953 - INFO  - Z3 Expression: Implies(And(And(And(And(5625 < old_pIp_countMode,
                        16 >= old_pIp_countPublic + 1),
                    old_pIp_pSDS_piyaw < 0 - 1),
                1 >= old_pIp_pSDS_piyaw),
            1 == old_pIp_pSDS_flgSP),
        And(And(And(And(And(And(And(And(And(And(And(And(And(And(And(And(pIp_pSDS_stateFlag_A ==
                                        old_pIp_pSDS_stateFlag_A,
                                        pIp_pSDS_stateFlag_B ==
                                        old_pIp_pSDS_stateFlag_B),
                                        pIp_pSDS_royaw ==
                                        old_pIp_pSDS_royaw),
                                        pIp_pSDS_piyaw ==
                                        old_pIp_pSDS_piyaw),
                                        pIp_pSDS_flgSP ==
                                        old_pIp_pSDS_flgSP),
                                        0 == pIp_countPublic),
                                        0 == pIp_countMode),
                                        34 == pIp_flgMode),
                                        0 == pIp_pCtrl0_Up),
                                        pIp_pCtrl0_Ud ==
                                        old_pIp_pCtrl0_Ud),
                                    pIp_pCtrl0_fy ==
                                    old_pIp_pCtrl0_fy),
                                0 == pIp_pCtrl1_Up),
                            pIp_pCtrl1_Ud ==
                            old_pIp_pCtrl1_Ud),
                        pIp_pCtrl1_fy == old_pIp_pCtrl1_fy),
                    0 == pIp_pCtrl2_Up),
                pIp_pCtrl2_Ud == old_pIp_pCtrl2_Ud),
            pIp_pCtrl2_fy == old_pIp_pCtrl2_fy))
2025-07-05 02:32:58,956 - INFO  - Original ACSL: \old(pIp->countMode) > 5625 && \old(pIp->countPublic) + 1 <= 16 && \old(pIp->pSDS->piyaw) > 1 && \old(pIp->pSDS->flgSP) == 1 ==> pIp->pSDS->stateFlag_A == \old(pIp->pSDS->stateFlag_A)&&pIp->pSDS->stateFlag_B == \old(pIp->pSDS->stateFlag_B)&&pIp->pSDS->royaw == \old(pIp->pSDS->royaw)&&pIp->pSDS->piyaw == \old(pIp->pSDS->piyaw)&&pIp->pSDS->flgSP == \old(pIp->pSDS->flgSP)&&pIp->countPublic == 0&&pIp->countMode == 0&&pIp->flgMode == 34&&pIp->pCtrl0->Up == 0&&pIp->pCtrl0->Ud == \old(pIp->pCtrl0->Ud)&&pIp->pCtrl0->fy == \old(pIp->pCtrl0->fy)&&pIp->pCtrl1->Up == 0&&pIp->pCtrl1->Ud == \old(pIp->pCtrl1->Ud)&&pIp->pCtrl1->fy == \old(pIp->pCtrl1->fy)&&pIp->pCtrl2->Up == 0&&pIp->pCtrl2->Ud == \old(pIp->pCtrl2->Ud)&&pIp->pCtrl2->fy == \old(pIp->pCtrl2->fy)
2025-07-05 02:32:58,965 - INFO  - Z3 Expression: Implies(And(And(And(5625 < old_pIp_countMode,
                    16 >= old_pIp_countPublic + 1),
                1 < old_pIp_pSDS_piyaw),
            1 == old_pIp_pSDS_flgSP),
        And(And(And(And(And(And(And(And(And(And(And(And(And(And(And(And(pIp_pSDS_stateFlag_A ==
                                        old_pIp_pSDS_stateFlag_A,
                                        pIp_pSDS_stateFlag_B ==
                                        old_pIp_pSDS_stateFlag_B),
                                        pIp_pSDS_royaw ==
                                        old_pIp_pSDS_royaw),
                                        pIp_pSDS_piyaw ==
                                        old_pIp_pSDS_piyaw),
                                        pIp_pSDS_flgSP ==
                                        old_pIp_pSDS_flgSP),
                                        0 == pIp_countPublic),
                                        0 == pIp_countMode),
                                        34 == pIp_flgMode),
                                        0 == pIp_pCtrl0_Up),
                                        pIp_pCtrl0_Ud ==
                                        old_pIp_pCtrl0_Ud),
                                    pIp_pCtrl0_fy ==
                                    old_pIp_pCtrl0_fy),
                                0 == pIp_pCtrl1_Up),
                            pIp_pCtrl1_Ud ==
                            old_pIp_pCtrl1_Ud),
                        pIp_pCtrl1_fy == old_pIp_pCtrl1_fy),
                    0 == pIp_pCtrl2_Up),
                pIp_pCtrl2_Ud == old_pIp_pCtrl2_Ud),
            pIp_pCtrl2_fy == old_pIp_pCtrl2_fy))
2025-07-05 02:32:58,968 - INFO  - Original ACSL: 0 <= 5625 && \old(pIp->countPublic) + 1 > 16 && \old(pIp->pSDS->piyaw) > 1 && \old(pIp->pSDS->flgSP) == 1 ==> pIp->pSDS->stateFlag_A == \old(pIp->pSDS->stateFlag_A)&&pIp->pSDS->stateFlag_B == \old(pIp->pSDS->stateFlag_B)&&pIp->pSDS->royaw == \old(pIp->pSDS->royaw)&&pIp->pSDS->piyaw == \old(pIp->pSDS->piyaw)&&pIp->pSDS->flgSP == \old(pIp->pSDS->flgSP)&&pIp->countPublic == 0&&pIp->countMode == 0&&pIp->flgMode == 51&&pIp->pCtrl0->Up == \old(pIp->pCtrl0->Up)&&pIp->pCtrl0->Ud == \old(pIp->pCtrl0->Ud)&&pIp->pCtrl0->fy == \old(pIp->pCtrl0->fy)&&pIp->pCtrl1->Up == \old(pIp->pCtrl1->Up)&&pIp->pCtrl1->Ud == \old(pIp->pCtrl1->Ud)&&pIp->pCtrl1->fy == \old(pIp->pCtrl1->fy)&&pIp->pCtrl2->Up == \old(pIp->pCtrl2->Up)&&pIp->pCtrl2->Ud == \old(pIp->pCtrl2->Ud)&&pIp->pCtrl2->fy == \old(pIp->pCtrl2->fy)
2025-07-05 02:32:58,978 - INFO  - Z3 Expression: Implies(And(And(And(0 <= 5625, 16 < old_pIp_countPublic + 1),
                1 < old_pIp_pSDS_piyaw),
            1 == old_pIp_pSDS_flgSP),
        And(And(And(And(And(And(And(And(And(And(And(And(And(And(And(And(pIp_pSDS_stateFlag_A ==
                                        old_pIp_pSDS_stateFlag_A,
                                        pIp_pSDS_stateFlag_B ==
                                        old_pIp_pSDS_stateFlag_B),
                                        pIp_pSDS_royaw ==
                                        old_pIp_pSDS_royaw),
                                        pIp_pSDS_piyaw ==
                                        old_pIp_pSDS_piyaw),
                                        pIp_pSDS_flgSP ==
                                        old_pIp_pSDS_flgSP),
                                        0 == pIp_countPublic),
                                        0 == pIp_countMode),
                                        51 == pIp_flgMode),
                                        pIp_pCtrl0_Up ==
                                        old_pIp_pCtrl0_Up),
                                        pIp_pCtrl0_Ud ==
                                        old_pIp_pCtrl0_Ud),
                                    pIp_pCtrl0_fy ==
                                    old_pIp_pCtrl0_fy),
                                pIp_pCtrl1_Up ==
                                old_pIp_pCtrl1_Up),
                            pIp_pCtrl1_Ud ==
                            old_pIp_pCtrl1_Ud),
                        pIp_pCtrl1_fy == old_pIp_pCtrl1_fy),
                    pIp_pCtrl2_Up == old_pIp_pCtrl2_Up),
                pIp_pCtrl2_Ud == old_pIp_pCtrl2_Ud),
            pIp_pCtrl2_fy == old_pIp_pCtrl2_fy))
2025-07-05 02:32:58,981 - INFO  - Original ACSL: 0 <= 5625 && \old(pIp->countPublic) + 1 > 16 && \old(pIp->pSDS->piyaw) < -1 && \old(pIp->pSDS->piyaw) <= 1 && \old(pIp->pSDS->flgSP) == 1 ==> pIp->pSDS->stateFlag_A == \old(pIp->pSDS->stateFlag_A)&&pIp->pSDS->stateFlag_B == \old(pIp->pSDS->stateFlag_B)&&pIp->pSDS->royaw == \old(pIp->pSDS->royaw)&&pIp->pSDS->piyaw == \old(pIp->pSDS->piyaw)&&pIp->pSDS->flgSP == \old(pIp->pSDS->flgSP)&&pIp->countPublic == 0&&pIp->countMode == 0&&pIp->flgMode == 51&&pIp->pCtrl0->Up == \old(pIp->pCtrl0->Up)&&pIp->pCtrl0->Ud == \old(pIp->pCtrl0->Ud)&&pIp->pCtrl0->fy == \old(pIp->pCtrl0->fy)&&pIp->pCtrl1->Up == \old(pIp->pCtrl1->Up)&&pIp->pCtrl1->Ud == \old(pIp->pCtrl1->Ud)&&pIp->pCtrl1->fy == \old(pIp->pCtrl1->fy)&&pIp->pCtrl2->Up == \old(pIp->pCtrl2->Up)&&pIp->pCtrl2->Ud == \old(pIp->pCtrl2->Ud)&&pIp->pCtrl2->fy == \old(pIp->pCtrl2->fy)
2025-07-05 02:32:58,991 - INFO  - Z3 Expression: Implies(And(And(And(And(0 <= 5625,
                        16 < old_pIp_countPublic + 1),
                    old_pIp_pSDS_piyaw < 0 - 1),
                1 >= old_pIp_pSDS_piyaw),
            1 == old_pIp_pSDS_flgSP),
        And(And(And(And(And(And(And(And(And(And(And(And(And(And(And(And(pIp_pSDS_stateFlag_A ==
                                        old_pIp_pSDS_stateFlag_A,
                                        pIp_pSDS_stateFlag_B ==
                                        old_pIp_pSDS_stateFlag_B),
                                        pIp_pSDS_royaw ==
                                        old_pIp_pSDS_royaw),
                                        pIp_pSDS_piyaw ==
                                        old_pIp_pSDS_piyaw),
                                        pIp_pSDS_flgSP ==
                                        old_pIp_pSDS_flgSP),
                                        0 == pIp_countPublic),
                                        0 == pIp_countMode),
                                        51 == pIp_flgMode),
                                        pIp_pCtrl0_Up ==
                                        old_pIp_pCtrl0_Up),
                                        pIp_pCtrl0_Ud ==
                                        old_pIp_pCtrl0_Ud),
                                    pIp_pCtrl0_fy ==
                                    old_pIp_pCtrl0_fy),
                                pIp_pCtrl1_Up ==
                                old_pIp_pCtrl1_Up),
                            pIp_pCtrl1_Ud ==
                            old_pIp_pCtrl1_Ud),
                        pIp_pCtrl1_fy == old_pIp_pCtrl1_fy),
                    pIp_pCtrl2_Up == old_pIp_pCtrl2_Up),
                pIp_pCtrl2_Ud == old_pIp_pCtrl2_Ud),
            pIp_pCtrl2_fy == old_pIp_pCtrl2_fy))
2025-07-05 02:32:58,994 - INFO  - Original ACSL: \old(pIp->countMode) <= 5625 && \old(pIp->countPublic) + 1 <= 16 && \old(pIp->pSDS->piyaw) > 1 && \old(pIp->pSDS->flgSP) == 1 ==> pIp->pSDS->stateFlag_A == \old(pIp->pSDS->stateFlag_A)&&pIp->pSDS->stateFlag_B == \old(pIp->pSDS->stateFlag_B)&&pIp->pSDS->royaw == \old(pIp->pSDS->royaw)&&pIp->pSDS->piyaw == \old(pIp->pSDS->piyaw)&&pIp->pSDS->flgSP == \old(pIp->pSDS->flgSP)&&pIp->countPublic == \old(pIp->countPublic) + 1&&pIp->countMode == \old(pIp->countMode)&&pIp->flgMode == \old(pIp->flgMode)&&pIp->pCtrl0->Up == 0&&pIp->pCtrl0->Ud == \old(pIp->pCtrl0->Ud)&&pIp->pCtrl0->fy == \old(pIp->pCtrl0->fy)&&pIp->pCtrl1->Up == 0&&pIp->pCtrl1->Ud == \old(pIp->pCtrl1->Ud)&&pIp->pCtrl1->fy == \old(pIp->pCtrl1->fy)&&pIp->pCtrl2->Up == 0&&pIp->pCtrl2->Ud == \old(pIp->pCtrl2->Ud)&&pIp->pCtrl2->fy == \old(pIp->pCtrl2->fy)
2025-07-05 02:32:59,004 - INFO  - Z3 Expression: Implies(And(And(And(5625 >= old_pIp_countMode,
                    16 >= old_pIp_countPublic + 1),
                1 < old_pIp_pSDS_piyaw),
            1 == old_pIp_pSDS_flgSP),
        And(And(And(And(And(And(And(And(And(And(And(And(And(And(And(And(pIp_pSDS_stateFlag_A ==
                                        old_pIp_pSDS_stateFlag_A,
                                        pIp_pSDS_stateFlag_B ==
                                        old_pIp_pSDS_stateFlag_B),
                                        pIp_pSDS_royaw ==
                                        old_pIp_pSDS_royaw),
                                        pIp_pSDS_piyaw ==
                                        old_pIp_pSDS_piyaw),
                                        pIp_pSDS_flgSP ==
                                        old_pIp_pSDS_flgSP),
                                        pIp_countPublic ==
                                        old_pIp_countPublic +
                                        1),
                                        pIp_countMode ==
                                        old_pIp_countMode),
                                        pIp_flgMode ==
                                        old_pIp_flgMode),
                                        0 == pIp_pCtrl0_Up),
                                        pIp_pCtrl0_Ud ==
                                        old_pIp_pCtrl0_Ud),
                                    pIp_pCtrl0_fy ==
                                    old_pIp_pCtrl0_fy),
                                0 == pIp_pCtrl1_Up),
                            pIp_pCtrl1_Ud ==
                            old_pIp_pCtrl1_Ud),
                        pIp_pCtrl1_fy == old_pIp_pCtrl1_fy),
                    0 == pIp_pCtrl2_Up),
                pIp_pCtrl2_Ud == old_pIp_pCtrl2_Ud),
            pIp_pCtrl2_fy == old_pIp_pCtrl2_fy))
2025-07-05 02:32:59,008 - INFO  - Original ACSL: \old(pIp->countMode) <= 5625 && \old(pIp->countPublic) + 1 <= 16 && \old(pIp->pSDS->piyaw) < -1 && \old(pIp->pSDS->piyaw) <= 1 && \old(pIp->pSDS->flgSP) == 1 ==> pIp->pSDS->stateFlag_A == \old(pIp->pSDS->stateFlag_A)&&pIp->pSDS->stateFlag_B == \old(pIp->pSDS->stateFlag_B)&&pIp->pSDS->royaw == \old(pIp->pSDS->royaw)&&pIp->pSDS->piyaw == \old(pIp->pSDS->piyaw)&&pIp->pSDS->flgSP == \old(pIp->pSDS->flgSP)&&pIp->countPublic == \old(pIp->countPublic) + 1&&pIp->countMode == \old(pIp->countMode)&&pIp->flgMode == \old(pIp->flgMode)&&pIp->pCtrl0->Up == 0&&pIp->pCtrl0->Ud == \old(pIp->pCtrl0->Ud)&&pIp->pCtrl0->fy == \old(pIp->pCtrl0->fy)&&pIp->pCtrl1->Up == 0&&pIp->pCtrl1->Ud == \old(pIp->pCtrl1->Ud)&&pIp->pCtrl1->fy == \old(pIp->pCtrl1->fy)&&pIp->pCtrl2->Up == 0&&pIp->pCtrl2->Ud == \old(pIp->pCtrl2->Ud)&&pIp->pCtrl2->fy == \old(pIp->pCtrl2->fy)
2025-07-05 02:32:59,018 - INFO  - Z3 Expression: Implies(And(And(And(And(5625 >= old_pIp_countMode,
                        16 >= old_pIp_countPublic + 1),
                    old_pIp_pSDS_piyaw < 0 - 1),
                1 >= old_pIp_pSDS_piyaw),
            1 == old_pIp_pSDS_flgSP),
        And(And(And(And(And(And(And(And(And(And(And(And(And(And(And(And(pIp_pSDS_stateFlag_A ==
                                        old_pIp_pSDS_stateFlag_A,
                                        pIp_pSDS_stateFlag_B ==
                                        old_pIp_pSDS_stateFlag_B),
                                        pIp_pSDS_royaw ==
                                        old_pIp_pSDS_royaw),
                                        pIp_pSDS_piyaw ==
                                        old_pIp_pSDS_piyaw),
                                        pIp_pSDS_flgSP ==
                                        old_pIp_pSDS_flgSP),
                                        pIp_countPublic ==
                                        old_pIp_countPublic +
                                        1),
                                        pIp_countMode ==
                                        old_pIp_countMode),
                                        pIp_flgMode ==
                                        old_pIp_flgMode),
                                        0 == pIp_pCtrl0_Up),
                                        pIp_pCtrl0_Ud ==
                                        old_pIp_pCtrl0_Ud),
                                    pIp_pCtrl0_fy ==
                                    old_pIp_pCtrl0_fy),
                                0 == pIp_pCtrl1_Up),
                            pIp_pCtrl1_Ud ==
                            old_pIp_pCtrl1_Ud),
                        pIp_pCtrl1_fy == old_pIp_pCtrl1_fy),
                    0 == pIp_pCtrl2_Up),
                pIp_pCtrl2_Ud == old_pIp_pCtrl2_Ud),
            pIp_pCtrl2_fy == old_pIp_pCtrl2_fy))
2025-07-05 02:32:59,021 - INFO  - Original ACSL: \old(pIp->countMode) <= 5625 && \old(pIp->pSDS->piyaw) >= -1 && \old(pIp->pSDS->piyaw) <= 1 && \old(pIp->pSDS->flgSP) == 1 ==> pIp->pSDS->stateFlag_A == \old(pIp->pSDS->stateFlag_A)&&pIp->pSDS->stateFlag_B == \old(pIp->pSDS->stateFlag_B)&&pIp->pSDS->royaw == \old(pIp->pSDS->royaw)&&pIp->pSDS->piyaw == \old(pIp->pSDS->piyaw)&&pIp->pSDS->flgSP == \old(pIp->pSDS->flgSP)&&pIp->countPublic == \old(pIp->countPublic)&&pIp->countMode == \old(pIp->countMode)&&pIp->flgMode == \old(pIp->flgMode)&&pIp->pCtrl0->Up == \old(pIp->pCtrl0->Up)&&pIp->pCtrl0->Ud == \old(pIp->pCtrl0->Ud)&&pIp->pCtrl0->fy == \old(pIp->pCtrl0->fy)&&pIp->pCtrl1->Up == \old(pIp->pCtrl1->Up)&&pIp->pCtrl1->Ud == \old(pIp->pCtrl1->Ud)&&pIp->pCtrl1->fy == \old(pIp->pCtrl1->fy)&&pIp->pCtrl2->Up == \old(pIp->pCtrl2->Up)&&pIp->pCtrl2->Ud == \old(pIp->pCtrl2->Ud)&&pIp->pCtrl2->fy == \old(pIp->pCtrl2->fy)
2025-07-05 02:32:59,031 - INFO  - Z3 Expression: Implies(And(And(And(5625 >= old_pIp_countMode,
                    old_pIp_pSDS_piyaw >= 0 - 1),
                1 >= old_pIp_pSDS_piyaw),
            1 == old_pIp_pSDS_flgSP),
        And(And(And(And(And(And(And(And(And(And(And(And(And(And(And(And(pIp_pSDS_stateFlag_A ==
                                        old_pIp_pSDS_stateFlag_A,
                                        pIp_pSDS_stateFlag_B ==
                                        old_pIp_pSDS_stateFlag_B),
                                        pIp_pSDS_royaw ==
                                        old_pIp_pSDS_royaw),
                                        pIp_pSDS_piyaw ==
                                        old_pIp_pSDS_piyaw),
                                        pIp_pSDS_flgSP ==
                                        old_pIp_pSDS_flgSP),
                                        pIp_countPublic ==
                                        old_pIp_countPublic),
                                        pIp_countMode ==
                                        old_pIp_countMode),
                                        pIp_flgMode ==
                                        old_pIp_flgMode),
                                        pIp_pCtrl0_Up ==
                                        old_pIp_pCtrl0_Up),
                                        pIp_pCtrl0_Ud ==
                                        old_pIp_pCtrl0_Ud),
                                    pIp_pCtrl0_fy ==
                                    old_pIp_pCtrl0_fy),
                                pIp_pCtrl1_Up ==
                                old_pIp_pCtrl1_Up),
                            pIp_pCtrl1_Ud ==
                            old_pIp_pCtrl1_Ud),
                        pIp_pCtrl1_fy == old_pIp_pCtrl1_fy),
                    pIp_pCtrl2_Up == old_pIp_pCtrl2_Up),
                pIp_pCtrl2_Ud == old_pIp_pCtrl2_Ud),
            pIp_pCtrl2_fy == old_pIp_pCtrl2_fy))
2025-07-05 02:32:59,033 - INFO  - Original ACSL: \old(pIp->countMode) <= 5625 && \old(pIp->pSDS->flgSP) != 1 ==> pIp->pSDS->stateFlag_A == \old(pIp->pSDS->stateFlag_A)&&pIp->pSDS->stateFlag_B == \old(pIp->pSDS->stateFlag_B)&&pIp->pSDS->royaw == \old(pIp->pSDS->royaw)&&pIp->pSDS->piyaw == \old(pIp->pSDS->piyaw)&&pIp->pSDS->flgSP == \old(pIp->pSDS->flgSP)&&pIp->countPublic == 0&&pIp->countMode == \old(pIp->countMode)&&pIp->flgMode == \old(pIp->flgMode)&&pIp->pCtrl0->Up == \old(pIp->pCtrl0->Up)&&pIp->pCtrl0->Ud == \old(pIp->pCtrl0->Ud)&&pIp->pCtrl0->fy == \old(pIp->pCtrl0->fy)&&pIp->pCtrl1->Up == \old(pIp->pCtrl1->Up)&&pIp->pCtrl1->Ud == \old(pIp->pCtrl1->Ud)&&pIp->pCtrl1->fy == \old(pIp->pCtrl1->fy)&&pIp->pCtrl2->Up == \old(pIp->pCtrl2->Up)&&pIp->pCtrl2->Ud == \old(pIp->pCtrl2->Ud)&&pIp->pCtrl2->fy == \old(pIp->pCtrl2->fy);
2025-07-05 02:32:59,042 - INFO  - Z3 Expression: Implies(And(5625 >= old_pIp_countMode,
            1 != old_pIp_pSDS_flgSP),
        And(And(And(And(And(And(And(And(And(And(And(And(And(And(And(And(pIp_pSDS_stateFlag_A ==
                                        old_pIp_pSDS_stateFlag_A,
                                        pIp_pSDS_stateFlag_B ==
                                        old_pIp_pSDS_stateFlag_B),
                                        pIp_pSDS_royaw ==
                                        old_pIp_pSDS_royaw),
                                        pIp_pSDS_piyaw ==
                                        old_pIp_pSDS_piyaw),
                                        pIp_pSDS_flgSP ==
                                        old_pIp_pSDS_flgSP),
                                        0 == pIp_countPublic),
                                        pIp_countMode ==
                                        old_pIp_countMode),
                                        pIp_flgMode ==
                                        old_pIp_flgMode),
                                        pIp_pCtrl0_Up ==
                                        old_pIp_pCtrl0_Up),
                                        pIp_pCtrl0_Ud ==
                                        old_pIp_pCtrl0_Ud),
                                    pIp_pCtrl0_fy ==
                                    old_pIp_pCtrl0_fy),
                                pIp_pCtrl1_Up ==
                                old_pIp_pCtrl1_Up),
                            pIp_pCtrl1_Ud ==
                            old_pIp_pCtrl1_Ud),
                        pIp_pCtrl1_fy == old_pIp_pCtrl1_fy),
                    pIp_pCtrl2_Up == old_pIp_pCtrl2_Up),
                pIp_pCtrl2_Ud == old_pIp_pCtrl2_Ud),
            pIp_pCtrl2_fy == old_pIp_pCtrl2_fy))
2025-07-05 02:33:03,894 - INFO  - 
SAMSubModePitchFun 的最大非冗余集合:
2025-07-05 02:33:03,895 - INFO  - [pIp_pCtrl1_fy == old_pIp_pCtrl1_fy, pIp_pCtrl0_fy == old_pIp_pCtrl0_fy, pIp_pSDS_stateFlag_B == old_pIp_pSDS_stateFlag_B, pIp_pCtrl1_Ud == old_pIp_pCtrl1_Ud, pIp_pSDS_stateFlag_A == old_pIp_pSDS_stateFlag_A, pIp_pCtrl2_Ud == old_pIp_pCtrl2_Ud, pIp_pSDS_flgSP == old_pIp_pSDS_flgSP, pIp_pCtrl0_Ud == old_pIp_pCtrl0_Ud, pIp_pSDS_royaw == old_pIp_pSDS_royaw, pIp_pCtrl2_fy == old_pIp_pCtrl2_fy, pIp_pSDS_piyaw == old_pIp_pSDS_piyaw]
