2025-05-28 21:39:27,518 [INFO] 🟢 开始分析函数: main28
2025-05-28 21:39:27,519 [INFO] STEP 2: FUNCTION INITIALIZATION
2025-05-28 21:39:27,519 [INFO] ========================================
2025-05-28 21:39:27,976 [INFO] 初始待处理函数: ['main28', 'fun28']
2025-05-28 21:39:27,976 [INFO] 现在处理函数 fun28
2025-05-28 21:39:27,989 [INFO] <clang.cindex.Cursor object at 0x7b4d648f6140>
2025-05-28 21:39:27,989 [INFO] 0
2025-05-28 21:39:27,990 [INFO] Parameter(name='x', type='int', is_ptr=False, ptr_depth=0, is_struct=False, array_length=-1)
2025-05-28 21:39:27,990 [INFO] <clang.cindex.Cursor object at 0x7b4d648f6a40>
2025-05-28 21:39:27,990 [INFO] 0
2025-05-28 21:39:27,990 [INFO] Parameter(name='y', type='int', is_ptr=False, ptr_depth=0, is_struct=False, array_length=-1)
2025-05-28 21:39:27,990 [INFO] <clang.cindex.Cursor object at 0x7b4d648f6e40>
2025-05-28 21:39:27,991 [INFO] 1
2025-05-28 21:39:27,991 [INFO] Parameter(name='r', type='int', is_ptr=True, ptr_depth=1, is_struct=False, array_length=-1)
2025-05-28 21:39:27,991 [INFO] STEP 3: GENERATE ANNOTATION FOR fun28
2025-05-28 21:39:27,992 [INFO] ========================================
2025-05-28 21:39:27,992 [INFO] 函数 fun28 已经初始化
2025-05-28 21:39:27,992 [INFO] 开始生成 fun28 的注释代码
2025-05-28 21:39:27,992 [INFO] ACSL fun28.c文件的内容为int fun28(int x, int y , int *r) {
    *r = x;
    int d = 0;

    while (*r >= y) {
        *r = *r - y;
        d = d + 1;
    }
    return d;
}
2025-05-28 21:39:27,993 [INFO] 文件 3_output/frama-c-loop/fun28.c 已成功创建并写入。
2025-05-28 21:39:27,993 [INFO] x
2025-05-28 21:39:27,993 [INFO] y
2025-05-28 21:39:27,993 [INFO] r
2025-05-28 21:39:27,994 [INFO] 预注释fun28.c文件的内容为
#include "../verification_stdlib.h"
#include "../verification_list.h"
#include "../int_array_def.h"

/*@ Extern Coq (Result: Assertion) */
/*@ Extern Coq (Results: Z -> Assertion) */

    

int fun28(int x, int y , int *r) 
/*@
With r_v
Require *(r) == r_v
Ensure Results(__return)
*/{
    *r = x;
    int d = 0;

    while (*r >= y) {
        *r = *r - y;
        d = d + 1;
    }
    return d;
}
2025-05-28 21:39:27,995 [INFO] 文件 1_output/frama-c-loop/fun28.c 已成功创建并写入。
2025-05-28 21:39:27,996 [INFO] 文件 2_output/frama-c-loop/fun28.c 已成功创建并写入。
2025-05-28 21:39:27,996 [INFO] STEP 3.5: GENERATE LOOP INVARIANT FOR fun28
2025-05-28 21:39:27,996 [INFO] ========================================
2025-05-28 21:39:28,160 [INFO] Loop 0 : Outer
2025-05-28 21:39:28,160 [INFO] Sorted indices:
2025-05-28 21:39:28,161 [INFO] [0]
2025-05-28 21:39:28,187 [INFO] LoopEntry_0:
(d == 0) * (r == r@pre) * (y == y@pre) * (x == x@pre) * (*r@pre == x@pre)
2025-05-28 21:39:28,189 [INFO] Successfully generated loop/fun28.json
2025-05-28 21:39:28,189 [INFO] INNER_FLAG: False
2025-05-28 21:39:28,298 [INFO] {'r_length', 'x_length', 'd_v', 'y_v', 'y_length', 'x_v', 'd_length', 'r_v', '*r@pre_length', '*r@pre_v'}
2025-05-28 21:39:28,298 [INFO] Variable Maps:
2025-05-28 21:39:28,298 [INFO] [{'d': '0', 'r': 'r@pre', 'y': 'y@pre', 'x': 'x@pre', '*r@pre': 'x@pre'}]
2025-05-28 21:39:28,299 [INFO] Path conditions:
2025-05-28 21:39:28,299 [INFO] [None]
2025-05-28 21:39:28,299 [INFO] Pre condition:
2025-05-28 21:39:28,299 [INFO] (d == 0) * (r == r@pre) * (y == y@pre) * (x == x@pre) * (*r@pre == x@pre)
2025-05-28 21:39:28,299 [INFO] Loop Condition:
2025-05-28 21:39:28,300 [INFO] *r >= y
2025-05-28 21:39:28,300 [INFO] Array Names:
2025-05-28 21:39:28,300 [INFO] []
2025-05-28 21:39:28,300 [INFO] Updated Loop Conditions:
2025-05-28 21:39:28,300 [INFO] ['*r@pre >= y@pre']
2025-05-28 21:39:28,302 [INFO] Global Unchanged Variables
2025-05-28 21:39:28,302 [INFO] ['y', 'x', '*r@pre']
2025-05-28 21:39:28,303 [INFO] Non Inductive Variables
2025-05-28 21:39:28,303 [INFO] []
2025-05-28 21:39:28,303 [INFO] /* >>> LOOP INVARIANT TO FILL <<< */
        
            /*@
          loop invariant y == \at(y, Pre);
          loop invariant x == \at(x, Pre);
            */
            while (*r >= y) {
        *r = *r - y;
        d = d + 1;
    }
2025-05-28 21:39:28,303 [INFO] /* >>> LOOP INVARIANT TO FILL <<< */
        
            /*@
          loop invariant (!(*\at(r, Pre) >= \at(y, Pre))) ==> ((d == 0)&&(r == \at(r, Pre))&&(y == \at(y, Pre))&&(x == \at(x, Pre))&&(*\at(r, Pre) == \at(x, Pre)));
          loop invariant y == \at(y, Pre);
          loop invariant x == \at(x, Pre);
            */
            while (*r >= y) {
        *r = *r - y;
        d = d + 1;
    }
2025-05-28 21:39:28,304 [INFO] /* >>> LOOP INVARIANT TO FILL <<< */
        
            /*@
          loop invariant (*\at(r, Pre) >= \at(y, Pre)) ==> (PLACE_HOLDER_*\at(r, Pre)) ;
          loop invariant (*\at(r, Pre) >= \at(y, Pre)) ==> (PLACE_HOLDER_r) ;
          loop invariant (*\at(r, Pre) >= \at(y, Pre)) ==> (PLACE_HOLDER_d) ;
          loop invariant (!(*\at(r, Pre) >= \at(y, Pre))) ==> ((d == 0)&&(r == \at(r, Pre))&&(y == \at(y, Pre))&&(x == \at(x, Pre))&&(*\at(r, Pre) == \at(x, Pre)));
          loop invariant y == \at(y, Pre);
          loop invariant x == \at(x, Pre);
            */
            while (*r >= y) {
        *r = *r - y;
        d = d + 1;
    }
2025-05-28 21:39:28,304 [INFO] int fun28(int x, int y , int *r) {
    *r = x;
    int d = 0;

    
            
        /* >>> LOOP INVARIANT TO FILL <<< */
        
            /*@
          loop invariant (*\at(r, Pre) >= \at(y, Pre)) ==> (PLACE_HOLDER_*\at(r, Pre)) ;
          loop invariant (*\at(r, Pre) >= \at(y, Pre)) ==> (PLACE_HOLDER_r) ;
          loop invariant (*\at(r, Pre) >= \at(y, Pre)) ==> (PLACE_HOLDER_d) ;
          loop invariant (!(*\at(r, Pre) >= \at(y, Pre))) ==> ((d == 0)&&(r == \at(r, Pre))&&(y == \at(y, Pre))&&(x == \at(x, Pre))&&(*\at(r, Pre) == \at(x, Pre)));
          loop invariant y == \at(y, Pre);
          loop invariant x == \at(x, Pre);
            */
            while (*r >= y) {
        *r = *r - y;
        d = d + 1;
    }
            
    return d;
}
2025-05-28 21:39:34,096 [INFO] HTTP Request: POST https://yunwu.ai/v1/chat/completions "HTTP/1.1 200 OK"
2025-05-28 21:39:34,106 [INFO] int fun28(int x, int y , int *r) {
    *r = x;
    int d = 0;

    /* >>> LOOP INVARIANT TO FILL <<< */
    /*@
      loop invariant (*\at(r, Pre) >= \at(y, Pre)) ==> ((*r == *\at(r, Pre) - d * \at(y, Pre)) && (d >= 0));
      loop invariant (*\at(r, Pre) >= \at(y, Pre)) ==> (*r >= 0);
      loop invariant (*\at(r, Pre) >= \at(y, Pre)) ==> (0 <= d);
      loop invariant (!(*\at(r, Pre) >= \at(y, Pre))) ==> ((d == 0)&&(r == \at(r, Pre))&&(y == \at(y, Pre))&&(x == \at(x, Pre))&&(*\at(r, Pre) == \at(x, Pre)));
      loop invariant y == \at(y, Pre);
      loop invariant x == \at(x, Pre);
    */
    while (*r >= y) {
        *r = *r - y;
        d = d + 1;
    }
            
    return d;
}
2025-05-28 21:39:34,107 [INFO] int fun28(int x, int y , int *r) {
    *r = x;
    int d = 0;

    /* >>> LOOP INVARIANT TO FILL <<< */
    /*@
      loop invariant (*\at(r, Pre) >= \at(y, Pre)) ==> ((*r == *\at(r, Pre) - d * \at(y, Pre)) && (d >= 0));
      loop invariant (*\at(r, Pre) >= \at(y, Pre)) ==> (*r >= 0);
      loop invariant (*\at(r, Pre) >= \at(y, Pre)) ==> (0 <= d);
      loop invariant (!(*\at(r, Pre) >= \at(y, Pre))) ==> ((d == 0)&&(r == \at(r, Pre))&&(y == \at(y, Pre))&&(x == \at(x, Pre))&&(*\at(r, Pre) == \at(x, Pre)));
      loop invariant y == \at(y, Pre);
      loop invariant x == \at(x, Pre);
    */
    while (*r >= y) {
        *r = *r - y;
        d = d + 1;
    }
            
    return d;
}
2025-05-28 21:39:45,416 [INFO] syntax Correct
2025-05-28 21:39:49,738 [INFO] Validate:
2025-05-28 21:39:49,738 [INFO] [False, False, True, False, True, True]
2025-05-28 21:39:49,739 [INFO] Goal Preservation of Invariant (file 3_output/frama-c-loop/fun28.c, line 8):
Let x_1 = Mint_0[global(G_r_29)].
Let x_2 = 1 + d.
Assume {
  Type: is_sint32(d) /\ is_sint32(x) /\ is_sint32(y) /\ is_sint32(x_2) /\
      is_sint32(x_1) /\ is_sint32(x_1 - y).
  (* Goal *)
  When: (2 * y) <= x_1.
  (* Invariant *)
  Have: ((y <= x) -> (0 <= x)).
  (* Invariant *)
  Have: (d * y) = 0.
  (* Invariant *)
  Have: 0 <= x_1.
  (* Invariant *)
  Have: 0 <= d.
  (* Then *)
  Have: y <= x_1.
}
Prove: ((y * x_2) = 0) /\ ((-1) <= d).
Prover Z3 4.8.12 returns Timeout (Qed:6ms) (3s)
2025-05-28 21:39:49,739 [INFO] Error found in file: 3_output/frama-c-loop/fun28.c at line: 8
2025-05-28 21:39:49,739 [INFO] Error line content: loop invariant (*\at(r, Pre) >= \at(y, Pre)) ==> ((*r == *\at(r, Pre) - d * \at(y, Pre)) && (d >= 0));
2025-05-28 21:39:49,739 [INFO] Goal Establishment of Invariant (file 3_output/frama-c-loop/fun28.c, line 9):
Assume { Type: is_sint32(x) /\ is_sint32(y). (* Goal *) When: y <= x. }
Prove: 0 <= x.
Prover Z3 4.8.12 returns Timeout (Qed:2ms) (3s)
2025-05-28 21:39:49,739 [INFO] Error found in file: 3_output/frama-c-loop/fun28.c at line: 9
2025-05-28 21:39:49,740 [INFO] Error line content: loop invariant (*\at(r, Pre) >= \at(y, Pre)) ==> (*r >= 0);
2025-05-28 21:39:49,740 [INFO] Goal Preservation of Invariant (file 3_output/frama-c-loop/fun28.c, line 11):
Let x_1 = Mint_0[global(G_r_29)].
Assume {
  Type: is_sint32(d) /\ is_sint32(x) /\ is_sint32(y) /\ is_sint32(1 + d) /\
      is_sint32(x_1) /\ is_sint32(x_1 - y).
  (* Goal *)
  When: x_1 < (2 * y).
  (* Invariant *)
  Have: ((y <= x) -> (0 <= x)).
  (* Invariant *)
  Have: (d * y) = 0.
  (* Invariant *)
  Have: 0 <= x_1.
  (* Invariant *)
  Have: 0 <= d.
  (* Then *)
  Have: y <= x_1.
}
Prove: (d = (-1)) /\ (x_1 = (x + y)).
Prover Z3 4.8.12 returns Timeout (Qed:6ms) (3s)
2025-05-28 21:39:49,740 [INFO] Error found in file: 3_output/frama-c-loop/fun28.c at line: 11
2025-05-28 21:39:49,740 [INFO] Error line content: loop invariant (!(*\at(r, Pre) >= \at(y, Pre))) ==> ((d == 0)&&(r == \at(r, Pre))&&(y == \at(y, Pre))&&(x == \at(x, Pre))&&(*\at(r, Pre) == \at(x, Pre)));
2025-05-28 21:39:49,740 [INFO] Verify:
2025-05-28 21:39:49,740 [INFO] []
2025-05-28 21:39:49,741 [INFO] int fun28(int x, int y , int *r) {
    *r = x;
    int d = 0;

    /* >>> LOOP INVARIANT TO FILL <<< */
    /*@
      loop invariant (*\at(r, Pre) >= \at(y, Pre)) ==> ((*r == *\at(r, Pre) - d * \at(y, Pre)) && (d >= 0)) [INVARIANT FAILED] ;
      loop invariant (*\at(r, Pre) >= \at(y, Pre)) ==> (*r >= 0) [INVARIANT FAILED] ;
      loop invariant (*\at(r, Pre) >= \at(y, Pre)) ==> (0 <= d);
      loop invariant (!(*\at(r, Pre) >= \at(y, Pre))) ==> ((d == 0)&&(r == \at(r, Pre))&&(y == \at(y, Pre))&&(x == \at(x, Pre))&&(*\at(r, Pre) == \at(x, Pre))) [INVARIANT FAILED] ;
      loop invariant y == \at(y, Pre);
      loop invariant x == \at(x, Pre);
    */
    while (*r >= y) {
        *r = *r - y;
        d = d + 1;
    }
            
    return d;
}
2025-05-28 21:39:58,123 [INFO] HTTP Request: POST https://yunwu.ai/v1/chat/completions "HTTP/1.1 200 OK"
2025-05-28 21:39:58,124 [INFO] after weaken
2025-05-28 21:39:58,124 [INFO] int fun28(int x, int y , int *r) {
    *r = x;
    int d = 0;

    /* >>> LOOP INVARIANT TO FILL <<< */
    /*@
      loop invariant (*\at(r, Pre) >= \at(y, Pre)) ==> ((*r % \at(y, Pre) == *\at(r, Pre) % \at(y, Pre)) && (d >= 0));
      loop invariant (*\at(r, Pre) >= \at(y, Pre)) ==> (*r >= 0);
      loop invariant (*\at(r, Pre) >= \at(y, Pre)) ==> (0 <= d);
      loop invariant (!(*\at(r, Pre) >= \at(y, Pre))) ==> ((0 <= d) && (0 <= *r) && (y == \at(y, Pre)) && (x == \at(x, Pre)));
      loop invariant y == \at(y, Pre);
      loop invariant x == \at(x, Pre);
    */
    while (*r >= y) {
        *r = *r - y;
        d = d + 1;
    }
            
    return d;
}
2025-05-28 21:40:09,752 [INFO] syntax Correct
2025-05-28 21:40:13,884 [INFO] Validate:
2025-05-28 21:40:13,884 [INFO] [True, False, True, False, True, True]
2025-05-28 21:40:13,884 [INFO] Goal Establishment of Invariant (file 3_output/frama-c-loop/fun28.c, line 9):
Assume { Type: is_sint32(r) /\ is_sint32(y). (* Goal *) When: y <= r. }
Prove: 0 <= r.
Prover Z3 4.8.12 returns Timeout (Qed:2ms) (3s)
2025-05-28 21:40:13,884 [INFO] Error found in file: 3_output/frama-c-loop/fun28.c at line: 9
2025-05-28 21:40:13,885 [INFO] Error line content: loop invariant (*\at(r, Pre) >= \at(y, Pre)) ==> (*r >= 0);
2025-05-28 21:40:13,885 [INFO] Goal Establishment of Invariant (file 3_output/frama-c-loop/fun28.c, line 11):
Assume { Type: is_sint32(r) /\ is_sint32(y). (* Goal *) When: r < y. }
Prove: 0 <= r.
Prover Z3 4.8.12 returns Timeout (Qed:2ms) (3s)
2025-05-28 21:40:13,885 [INFO] Error found in file: 3_output/frama-c-loop/fun28.c at line: 11
2025-05-28 21:40:13,885 [INFO] Error line content: loop invariant (!(*\at(r, Pre) >= \at(y, Pre))) ==> ((0 <= d) && (0 <= *r) && (y == \at(y, Pre)) && (x == \at(x, Pre)));
2025-05-28 21:40:13,885 [INFO] Verify:
2025-05-28 21:40:13,885 [INFO] []
2025-05-28 21:40:13,886 [INFO] after hudini
2025-05-28 21:40:13,886 [INFO] int fun28(int x, int y , int *r) {
    *r = x;
    int d = 0;

    /* >>> LOOP INVARIANT TO FILL <<< */
    /*@
      loop invariant (*\at(r, Pre) >= \at(y, Pre)) ==> ((*r % \at(y, Pre) == *\at(r, Pre) % \at(y, Pre)) && (d >= 0));
      loop invariant (*\at(r, Pre) >= \at(y, Pre)) ==> (0 <= d);
      loop invariant y == \at(y, Pre);
      loop invariant x == \at(x, Pre);
    */
    while (*r >= y) {
        *r = *r - y;
        d = d + 1;
    }
            
    return d;
}
2025-05-28 21:40:25,042 [INFO] syntax Correct
2025-05-28 21:40:29,004 [INFO] Validate:
2025-05-28 21:40:29,005 [INFO] [True, True, True, True]
2025-05-28 21:40:29,005 [INFO] Verify:
2025-05-28 21:40:29,005 [INFO] []
2025-05-28 21:40:29,005 [INFO] after hudini
2025-05-28 21:40:29,005 [INFO] int fun28(int x, int y , int *r) {
    *r = x;
    int d = 0;

    /* >>> LOOP INVARIANT TO FILL <<< */
    /*@
      loop invariant (*\at(r, Pre) >= \at(y, Pre)) ==> ((*r % \at(y, Pre) == *\at(r, Pre) % \at(y, Pre)) && (d >= 0));
      loop invariant (*\at(r, Pre) >= \at(y, Pre)) ==> (0 <= d);
      loop invariant y == \at(y, Pre);
      loop invariant x == \at(x, Pre);
    */
    while (*r >= y) {
        *r = *r - y;
        d = d + 1;
    }
            
    return d;
}
2025-05-28 21:40:40,217 [INFO] syntax Correct
2025-05-28 21:40:44,148 [INFO] Validate:
2025-05-28 21:40:44,148 [INFO] [True, True, True, True]
2025-05-28 21:40:44,148 [INFO] Verify:
2025-05-28 21:40:44,148 [INFO] []
2025-05-28 21:40:44,149 [INFO] 注释过不变量的代码
2025-05-28 21:40:44,149 [INFO] int fun28(int x, int y , int *r) {
    *r = x;
    int d = 0;

    /* >>> LOOP INVARIANT TO FILL <<< */
    /*@
      loop invariant (*\at(r, Pre) >= \at(y, Pre)) ==> ((*r % \at(y, Pre) == *\at(r, Pre) % \at(y, Pre)) && (d >= 0));
      loop invariant (*\at(r, Pre) >= \at(y, Pre)) ==> (0 <= d);
      loop invariant y == \at(y, Pre);
      loop invariant x == \at(x, Pre);
    */
    while (*r >= y) {
        *r = *r - y;
        d = d + 1;
    }
            
    return d;
}
2025-05-28 21:40:55,343 [INFO] syntax Correct
2025-05-28 21:40:59,302 [INFO] Validate:
2025-05-28 21:40:59,302 [INFO] [True, True, True, True]
2025-05-28 21:40:59,303 [INFO] Verify:
2025-05-28 21:40:59,303 [INFO] []
2025-05-28 21:40:59,403 [INFO] ACSL 格式的循环不变量
2025-05-28 21:40:59,404 [INFO] /*@
      loop invariant (*\at(r, Pre) >= \at(y, Pre)) ==> ((*r % \at(y, Pre) == *\at(r, Pre) % \at(y, Pre)) && (d >= 0));
      loop invariant (*\at(r, Pre) >= \at(y, Pre)) ==> (0 <= d);
      loop invariant y == \at(y, Pre);
      loop invariant x == \at(x, Pre);
    */
    while (*r >= y) {
        *r = *r - y;
        d = d + 1;
    }
2025-05-28 21:40:59,404 [INFO] /*@
      loop invariant (*\at(r, Pre) >= \at(y, Pre)) ==> ((*r % \at(y, Pre) == *\at(r, Pre) % \at(y, Pre)) && (d >= 0));
      loop invariant (*\at(r, Pre) >= \at(y, Pre)) ==> (0 <= d);
      loop invariant y == \at(y, Pre);
      loop invariant x == \at(x, Pre);
    */
    while (*r >= y) {
        *r = *r - y;
        d = d + 1;
    }
2025-05-28 21:40:59,406 [INFO] VST 格式的循环不变量
2025-05-28 21:40:59,406 [INFO] /*@ Inv
    ((*r@pre >= y@pre) => ((*r % y@pre == *r@pre % y@pre) && (d >= 0))) &&
((*r@pre >= y@pre) => (0 <= d)) &&
(y == y@pre) &&
(x == x@pre)
    */
    
    while (*r >= y) {
        *r = *r - y;
        d = d + 1;
    }
2025-05-28 21:40:59,406 [INFO] PARTIAL CORRECT INVARIANT
2025-05-28 21:40:59,406 [INFO] 继续符号执行
2025-05-28 21:40:59,407 [INFO] /*@ Inv
    ((*r@pre >= y@pre) => ((*r % y@pre == *r@pre % y@pre) && (d >= 0))) &&
((*r@pre >= y@pre) => (0 <= d)) &&
(y == y@pre) &&
(x == x@pre)
    */
    
    while (*r >= y) {
        *r = *r - y;
        d = d + 1;
    }
2025-05-28 21:40:59,420 [INFO] LoopEntry_0:
(d == 0) * (r == r@pre) * (y == y@pre) * (x == x@pre) * (*r@pre == x@pre)
Partial Solve Failed for Partial Invariant
Here are the checked results:
Finish Printing Partial Solve Invariant Error
2025-05-28 21:40:59,421 [INFO] Successfully generated loop/fun28.json
2025-05-28 21:41:10,650 [INFO] syntax Correct
2025-05-28 21:41:14,606 [INFO] Validate:
2025-05-28 21:41:14,607 [INFO] [True, True, True, True]
2025-05-28 21:41:14,607 [INFO] Verify:
2025-05-28 21:41:14,607 [INFO] []
2025-05-28 21:41:14,607 [INFO] CORRECT INVARIANT
2025-05-28 21:41:14,608 [INFO] STEP 4: GENERATE FUNCTION CONSTRACTION FOR fun28
2025-05-28 21:41:14,608 [INFO] ========================================
2025-05-28 21:41:14,623 [INFO] SymExec Failed
2025-05-28 21:41:14,624 [INFO] 开始生成 fun28 的 ACSL 规约
2025-05-28 21:41:14,635 [INFO] FunctionInfo(file_path='2_input/frama-c-loop/28.c', name='fun28', code='int fun28(int x, int y , int *r) {\n    *r = x;\n    int d = 0;\n\n    while (*r >= y) {\n        *r = *r - y;\n        d = d + 1;\n    }\n    return d;\n}', callee_set=set(), func_type='int', parameter_list=[Parameter(name='x', type='int', is_ptr=False, ptr_depth=0, is_struct=False, array_length=-1), Parameter(name='y', type='int', is_ptr=False, ptr_depth=0, is_struct=False, array_length=-1), Parameter(name='r', type='int', is_ptr=True, ptr_depth=1, is_struct=False, array_length=-1)], annotation='/*@\nWith r_v\nRequire *(r) == r_v\nEnsure Results(__return)\n*/', specification='', include='')
2025-05-28 21:41:14,738 [INFO] /*@
    ensures PLACE_HOLDER;
    ensures \result == PLACE_HOLDER;
    */
    
int fun28(int x, int y , int *r) {
    *r = x;
    int d = 0;

    /* >>> LOOP INVARIANT TO FILL <<< */
    /*@
      loop invariant (*\at(r, Pre) >= \at(y, Pre)) ==> ((*r % \at(y, Pre) == *\at(r, Pre) % \at(y, Pre)) && (d >= 0));
      loop invariant (*\at(r, Pre) >= \at(y, Pre)) ==> (0 <= d);
      loop invariant y == \at(y, Pre);
      loop invariant x == \at(x, Pre);
    */
    while (*r >= y) {
        *r = *r - y;
        d = d + 1;
    }
            
    return d;
}
2025-05-28 21:41:26,246 [INFO] HTTP Request: POST https://yunwu.ai/v1/chat/completions "HTTP/1.1 200 OK"
2025-05-28 21:41:26,248 [INFO] 文件 output/frama-c-loop/fun28.c 已成功创建并写入。
2025-05-28 21:41:26,248 [INFO] fun28.c 的规约的内容为
/*@
    requires \valid(r); // Ensure the pointer 'r' is valid
    requires y > 0; // Ensure the divisor 'y' is positive
    ensures \result >= 0; // Ensure the quotient is non-negative
    ensures *r >= 0 && *r < y; // Ensure the remainder is non-negative and less than the divisor
    ensures x == \result * y + *r; // Ensure the result satisfies the division equation
*/
int fun28(int x, int y, int *r) {
    *r = x;
    int d = 0;

    /*@
      loop invariant \valid(r); // Ensure the pointer 'r' remains valid
      loop invariant y > 0; // Ensure the divisor 'y' remains positive
      loop invariant *r >= 0; // Ensure the remainder is non-negative
      loop invariant x == d * y + *r; // Ensure the division equation holds at each iteration
      loop invariant d >= 0; // Ensure the quotient is non-negative
      loop assigns *r, d; // Specify the variables modified in the loop
      loop variant *r; // Ensure the loop progresses by decreasing the value of '*r'
    */
    while (*r >= y) {
        *r = *r - y;
        d = d + 1;
    }
            
    return d;
}
2025-05-28 21:41:26,249 [INFO] STEP 3: GENERATE ANNOTATION FOR main28
2025-05-28 21:41:26,249 [INFO] ========================================
2025-05-28 21:41:26,249 [INFO] 函数 main28 已经初始化
2025-05-28 21:41:26,249 [INFO] 开始生成 main28 的注释代码
2025-05-28 21:41:26,249 [INFO] ACSL main28.c文件的内容为int main28() {
    int a = 3;
    int num = fun28(1, 2, &a);
    //@ assert a == 1;
    //@ assert num == 0;
    return 0;
}
2025-05-28 21:41:26,250 [INFO] 文件 3_output/frama-c-loop/main28.c 已成功创建并写入。
2025-05-28 21:41:26,256 [INFO] 预注释main28.c文件的内容为
#include "../verification_stdlib.h"
#include "../verification_list.h"
#include "../int_array_def.h"

/*@ Extern Coq (Result: Assertion) */
/*@ Extern Coq (Results: Z -> Assertion) */

    

int fun28(int x, int y , int *r) /*@
With r_v
Require *(r) == r_v
Ensure Results(__return)
*/
{
    *r = x;
    int d = 0;

   
  /*@ Print user assertion at number LoopEntry_0*/ 
/*@ Inv
    ((*r@pre >= y@pre) => ((*r % y@pre == *r@pre % y@pre) && (d >= 0))) &&
((*r@pre >= y@pre) => (0 <= d)) &&
(y == y@pre) &&
(x == x@pre)
    */
    
    while (*r >= y) {
        *r = *r - y;
        d = d + 1;
    }
    return d;
}
int main28() 
/*@

Require emp

Ensure Results(__return)
*/{
    int a = 3;
    int num = fun28(1, 2, &a);
    //@ assert a == 1;
    //@ assert num == 0;
    return 0;
}
2025-05-28 21:41:26,257 [INFO] 文件 1_output/frama-c-loop/main28.c 已成功创建并写入。
2025-05-28 21:41:26,257 [INFO] 文件 2_output/frama-c-loop/main28.c 已成功创建并写入。
2025-05-28 21:41:26,257 [INFO] STEP 4: GENERATE FUNCTION CONSTRACTION FOR main28
2025-05-28 21:41:26,258 [INFO] ========================================
2025-05-28 21:41:26,270 [INFO] SymExec Failed
2025-05-28 21:41:26,271 [INFO] 开始生成 main28 的 ACSL 规约
2025-05-28 21:41:26,280 [INFO] FunctionInfo(file_path='2_input/frama-c-loop/28.c', name='main28', code='int main28() {\n    int a = 3;\n    int num = fun28(1, 2, &a);\n    //@ assert a == 1;\n    //@ assert num == 0;\n    return 0;\n}', callee_set={'fun28'}, func_type='int', parameter_list=[], annotation='/*@\n\nRequire emp\n\nEnsure Results(__return)\n*/', specification='', include='')
2025-05-28 21:41:26,381 [INFO] /*@
    requires \valid(r); // Ensure the pointer 'r' is valid
    requires y > 0; // Ensure the divisor 'y' is positive
    ensures \result >= 0; // Ensure the quotient is non-negative
    ensures *r >= 0 && *r < y; // Ensure the remainder is non-negative and less than the divisor
    ensures x == \result * y + *r; // Ensure the result satisfies the division equation
*/
int fun28(int x, int y, int *r) {
    *r = x;
    int d = 0;

    /*@
      loop invariant \valid(r); // Ensure the pointer 'r' remains valid
      loop invariant y > 0; // Ensure the divisor 'y' remains positive
      loop invariant *r >= 0; // Ensure the remainder is non-negative
      loop invariant x == d * y + *r; // Ensure the division equation holds at each iteration
      loop invariant d >= 0; // Ensure the quotient is non-negative
      loop assigns *r, d; // Specify the variables modified in the loop
      loop variant *r; // Ensure the loop progresses by decreasing the value of '*r'
    */
    while (*r >= y) {
        *r = *r - y;
        d = d + 1;
    }
            
    return d;
}
/*@
    ensures PLACE_HOLDER;
    ensures \result == PLACE_HOLDER;
    */
    
int main28() {
    int a = 3;
    int num = fun28(1, 2, &a);
    //@ assert a == 1;
    //@ assert num == 0;
    return 0;
}
2025-05-28 21:41:35,307 [INFO] HTTP Request: POST https://yunwu.ai/v1/chat/completions "HTTP/1.1 200 OK"
2025-05-28 21:41:35,309 [INFO] 文件 output/frama-c-loop/main28.c 已成功创建并写入。
2025-05-28 21:41:35,309 [INFO] main28.c 的规约的内容为
/*@
    requires \valid(r); // Ensure the pointer 'r' is valid
    requires y > 0; // Ensure the divisor 'y' is positive
    ensures \result >= 0; // Ensure the quotient is non-negative
    ensures *r >= 0 && *r < y; // Ensure the remainder is non-negative and less than the divisor
    ensures x == \result * y + *r; // Ensure the result satisfies the division equation
*/
int fun28(int x, int y, int *r) {
    *r = x;
    int d = 0;

    /*@
      loop invariant \valid(r); // Ensure the pointer 'r' remains valid
      loop invariant y > 0; // Ensure the divisor 'y' remains positive
      loop invariant *r >= 0; // Ensure the remainder is non-negative
      loop invariant x == d * y + *r; // Ensure the division equation holds at each iteration
      loop invariant d >= 0; // Ensure the quotient is non-negative
      loop assigns *r, d; // Specify the variables modified in the loop
      loop variant *r; // Ensure the loop progresses by decreasing the value of '*r'
    */
    while (*r >= y) {
        *r = *r - y;
        d = d + 1;
    }
            
    return d;
}

/*@
    ensures \result == 0; // Ensure the function returns 0
    ensures a == 1; // Ensure the value of 'a' is 1 after the function call
*/
int main28() {
    int a = 3;
    int num = fun28(1, 2, &a);
    //@ assert a == 1;
    //@ assert num == 0;
    return 0;
}
2025-05-28 21:41:35,309 [INFO] STEP 5: SPECIFACTION FOR main28
2025-05-28 21:41:35,310 [INFO] ========================================
2025-05-28 21:41:35,310 [INFO] 函数 main28 的 VST 规约为:
/*@

Require emp

Ensure Results(__return)
*/
2025-05-28 21:41:35,310 [INFO] 函数 main28 的 ACSL 规约为:
2025-05-28 21:41:35,310 [INFO] STEP 6: VERIFICATION FOR main28
2025-05-28 21:41:35,310 [INFO] ========================================
2025-05-28 21:41:35,662 [INFO] syntax Error
[kernel] Parsing output/frama-c-loop/main28.c (with preprocessing)
[kernel:annot-error] output/frama-c-loop/main28.c:32: Warning: 
  unbound logic variable a. Ignoring logic specification of function main28
[kernel] User Error: warning annot-error treated as fatal error.
[kernel] Frama-C aborted: invalid user input.
2025-05-28 21:41:36,013 [INFO] syntax Error
[kernel] Parsing output/frama-c-loop/main28.c (with preprocessing)
[kernel:annot-error] output/frama-c-loop/main28.c:32: Warning: 
  unbound logic variable a. Ignoring logic specification of function main28
[kernel] User Error: warning annot-error treated as fatal error.
[kernel] Frama-C aborted: invalid user input.
2025-05-28 21:41:36,013 [INFO] ✅ 成功完成分析: main28

2025-05-28 21:41:36,013 [INFO] 正确个数：
2025-05-28 21:41:36,014 [INFO] 0
2025-05-28 21:41:36,014 [INFO] 平均耗时:
2025-05-28 21:41:36,015 [ERROR] Traceback (most recent call last):
  File "/home/yangfp/SpecAutoGen/main.py", line 119, in <module>
    main()
  File "/home/yangfp/SpecAutoGen/main.py", line 114, in main
    print(total_time/correct_count)
ZeroDivisionError: division by zero
